[2025-04-03 10:01:07] root: INFO: Starting Flye 2.9.5-b1801
[2025-04-03 10:01:07] root: DEBUG: Cmd: /sw/bioinfo/Flye/2.9.5/snowy/bin/flye --nano-raw /home/isamaru/genome-analysis/DNA_analysis/02_DNA_assembly/chr3_clean_nanopore.fq.gz --out-dir /home/isamaru/genome-analysis/DNA_analysis/02_DNA_assembly --threads 4
[2025-04-03 10:01:07] root: DEBUG: Python version: 3.10.8 (main, Nov 15 2022, 21:16:40) [GCC 12.2.0]
[2025-04-03 10:01:07] root: INFO: >>>STAGE: configure
[2025-04-03 10:01:07] root: INFO: Configuring run
[2025-04-03 10:04:45] root: INFO: Total read length: 10024814876
[2025-04-03 10:04:45] root: INFO: Reads N50/N90: 27021 / 7196
[2025-04-03 10:04:45] root: INFO: Minimum overlap set to 7000
[2025-04-03 10:04:45] root: INFO: >>>STAGE: assembly
[2025-04-03 10:04:45] root: INFO: Assembling disjointigs
[2025-04-03 10:04:45] root: DEBUG: -----Begin assembly log------
[2025-04-03 10:04:45] root: DEBUG: Running: flye-modules assemble --reads /home/isamaru/genome-analysis/DNA_analysis/02_DNA_assembly/chr3_clean_nanopore.fq.gz --out-asm /home/isamaru/genome-analysis/DNA_analysis/02_DNA_assembly/00-assembly/draft_assembly.fasta --config /sw/bioinfo/Flye/2.9.5/rackham/venv/lib/python3.10/site-packages/flye/config/bin_cfg/asm_raw_reads.cfg --log /home/isamaru/genome-analysis/DNA_analysis/02_DNA_assembly/flye.log --threads 4 --min-ovlp 7000
[2025-04-03 10:04:45] DEBUG: Build date: Dec 19 2024 14:12:50
[2025-04-03 10:04:45] DEBUG: Total RAM: 125 Gb
[2025-04-03 10:04:45] DEBUG: Available RAM: 121 Gb
[2025-04-03 10:04:45] DEBUG: Total CPUs: 16
[2025-04-03 10:04:45] DEBUG: Loading /sw/bioinfo/Flye/2.9.5/rackham/venv/lib/python3.10/site-packages/flye/config/bin_cfg/asm_raw_reads.cfg
[2025-04-03 10:04:45] DEBUG: Loading /sw/bioinfo/Flye/2.9.5/rackham/venv/lib/python3.10/site-packages/flye/config/bin_cfg/asm_defaults.cfg
[2025-04-03 10:04:45] DEBUG: 	big_genome_threshold=29000000
[2025-04-03 10:04:45] DEBUG: 	meta_read_filter_kmer_freq=100
[2025-04-03 10:04:45] DEBUG: 	chain_large_gap_penalty=2
[2025-04-03 10:04:45] DEBUG: 	chain_small_gap_penalty=0.5
[2025-04-03 10:04:45] DEBUG: 	chain_gap_jump_threshold=100
[2025-04-03 10:04:45] DEBUG: 	max_jump_gap=500
[2025-04-03 10:04:45] DEBUG: 	max_coverage_drop_rate=5
[2025-04-03 10:04:45] DEBUG: 	max_extensions_drop_rate=5
[2025-04-03 10:04:45] DEBUG: 	chimera_window=100
[2025-04-03 10:04:45] DEBUG: 	chimera_overhang=1000
[2025-04-03 10:04:45] DEBUG: 	min_reads_in_disjointig=4
[2025-04-03 10:04:45] DEBUG: 	max_inner_reads=10
[2025-04-03 10:04:45] DEBUG: 	max_inner_fraction=0.25
[2025-04-03 10:04:45] DEBUG: 	aggressive_dup_filter=1
[2025-04-03 10:04:45] DEBUG: 	max_separation=500
[2025-04-03 10:04:45] DEBUG: 	unique_edge_length=50000
[2025-04-03 10:04:45] DEBUG: 	min_repeat_res_support=0.51
[2025-04-03 10:04:45] DEBUG: 	out_paths_ratio=5
[2025-04-03 10:04:45] DEBUG: 	graph_cov_drop_rate=5
[2025-04-03 10:04:45] DEBUG: 	coverage_estimate_window=100
[2025-04-03 10:04:45] DEBUG: 	max_bubble_length=50000
[2025-04-03 10:04:45] DEBUG: 	loop_coverage_rate=1.5
[2025-04-03 10:04:45] DEBUG: 	repeat_edge_cov_mult=1.75
[2025-04-03 10:04:45] DEBUG: 	weak_detach_rate=5
[2025-04-03 10:04:45] DEBUG: 	tip_coverage_rate=2
[2025-04-03 10:04:45] DEBUG: 	tip_length_rate=2
[2025-04-03 10:04:45] DEBUG: 	output_gfa_before_rr=1
[2025-04-03 10:04:45] DEBUG: 	remove_alt_edges=0
[2025-04-03 10:04:45] DEBUG: 	low_cutoff_warning=1
[2025-04-03 10:04:45] DEBUG: 	kmer_size=17
[2025-04-03 10:04:45] DEBUG: 	use_minimizers=0
[2025-04-03 10:04:45] DEBUG: 	reads_base_alignment=0
[2025-04-03 10:04:45] DEBUG: 	meta_read_top_kmer_rate=0.40
[2025-04-03 10:04:45] DEBUG: 	maximum_jump=1500
[2025-04-03 10:04:45] DEBUG: 	maximum_overhang=1500
[2025-04-03 10:04:45] DEBUG: 	repeat_kmer_rate=100
[2025-04-03 10:04:45] DEBUG: 	assemble_ovlp_divergence=0.10
[2025-04-03 10:04:45] DEBUG: 	assemble_divergence_relative=1
[2025-04-03 10:04:45] DEBUG: 	repeat_graph_ovlp_divergence=0.08
[2025-04-03 10:04:45] DEBUG: 	read_align_ovlp_divergence=0.25
[2025-04-03 10:04:45] DEBUG: 	hpc_scoring_on=0
[2025-04-03 10:04:45] DEBUG: 	add_unassembled_reads=0
[2025-04-03 10:04:45] DEBUG: 	extend_contigs_with_repeats=0
[2025-04-03 10:04:45] DEBUG: 	min_read_cov_cutoff=3
[2025-04-03 10:04:45] DEBUG: 	short_tip_length=20000
[2025-04-03 10:04:45] DEBUG: 	long_tip_length=100000
[2025-04-03 10:04:45] DEBUG: Running with k-mer size: 17
[2025-04-03 10:04:45] DEBUG: Running with minimum overlap 7000
[2025-04-03 10:04:45] DEBUG: Metagenome mode: N
[2025-04-03 10:04:45] DEBUG: Short mode: N
[2025-04-03 10:04:45] INFO: Reading sequences
[2025-04-03 10:07:33] DEBUG: Building positional index
[2025-04-03 10:07:33] DEBUG: Total sequence: 9049125522 bp
[2025-04-03 10:07:38] INFO: Counting k-mers:
[2025-04-03 10:19:22] DEBUG: Updating k-mer histogram
[2025-04-03 10:21:53] DEBUG: Hash size: 52285997
[2025-04-03 10:21:53] DEBUG: Total k-mers 1566105820
[2025-04-03 10:21:57] INFO: Filling index table (1/2)
[2025-04-03 10:52:38] DEBUG: Mean k-mer frequency: 21.1855
[2025-04-03 10:52:38] DEBUG: Repetitive k-mer frequency: 2118
[2025-04-03 10:52:38] DEBUG: Filtered 45375204 repetitive k-mers (0.012131)
[2025-04-03 10:53:06] root: ERROR: Looks like the system ran out of memory
[2025-04-03 10:53:06] root: ERROR: Command '['flye-modules', 'assemble', '--reads', '/home/isamaru/genome-analysis/DNA_analysis/02_DNA_assembly/chr3_clean_nanopore.fq.gz', '--out-asm', '/home/isamaru/genome-analysis/DNA_analysis/02_DNA_assembly/00-assembly/draft_assembly.fasta', '--config', '/sw/bioinfo/Flye/2.9.5/rackham/venv/lib/python3.10/site-packages/flye/config/bin_cfg/asm_raw_reads.cfg', '--log', '/home/isamaru/genome-analysis/DNA_analysis/02_DNA_assembly/flye.log', '--threads', '4', '--min-ovlp', '7000']' died with <Signals.SIGKILL: 9>.
[2025-04-03 10:53:06] root: ERROR: Pipeline aborted
[2025-04-03 11:20:21] root: INFO: Starting Flye 2.9.5-b1801
[2025-04-03 11:20:21] root: DEBUG: Cmd: /sw/bioinfo/Flye/2.9.5/snowy/bin/flye --nano-raw /home/isamaru/genome-analysis/DNA_analysis/02_DNA_assembly/chr3_clean_nanopore.fq.gz --out-dir /home/isamaru/genome-analysis/DNA_analysis/02_DNA_assembly --threads 8
[2025-04-03 11:20:21] root: DEBUG: Python version: 3.10.8 (main, Nov 15 2022, 21:16:40) [GCC 12.2.0]
[2025-04-03 11:20:21] root: INFO: >>>STAGE: configure
[2025-04-03 11:20:21] root: INFO: Configuring run
[2025-04-03 11:24:03] root: INFO: Total read length: 10024814876
[2025-04-03 11:24:03] root: INFO: Reads N50/N90: 27021 / 7196
[2025-04-03 11:24:03] root: INFO: Minimum overlap set to 7000
[2025-04-03 11:24:03] root: INFO: >>>STAGE: assembly
[2025-04-03 11:24:03] root: INFO: Assembling disjointigs
[2025-04-03 11:24:03] root: DEBUG: -----Begin assembly log------
[2025-04-03 11:24:03] root: DEBUG: Running: flye-modules assemble --reads /home/isamaru/genome-analysis/DNA_analysis/02_DNA_assembly/chr3_clean_nanopore.fq.gz --out-asm /home/isamaru/genome-analysis/DNA_analysis/02_DNA_assembly/00-assembly/draft_assembly.fasta --config /sw/bioinfo/Flye/2.9.5/rackham/venv/lib/python3.10/site-packages/flye/config/bin_cfg/asm_raw_reads.cfg --log /home/isamaru/genome-analysis/DNA_analysis/02_DNA_assembly/flye.log --threads 8 --min-ovlp 7000
[2025-04-03 11:24:03] DEBUG: Build date: Dec 19 2024 14:12:50
[2025-04-03 11:24:03] DEBUG: Total RAM: 125 Gb
[2025-04-03 11:24:03] DEBUG: Available RAM: 121 Gb
[2025-04-03 11:24:03] DEBUG: Total CPUs: 16
[2025-04-03 11:24:03] DEBUG: Loading /sw/bioinfo/Flye/2.9.5/rackham/venv/lib/python3.10/site-packages/flye/config/bin_cfg/asm_raw_reads.cfg
[2025-04-03 11:24:03] DEBUG: Loading /sw/bioinfo/Flye/2.9.5/rackham/venv/lib/python3.10/site-packages/flye/config/bin_cfg/asm_defaults.cfg
[2025-04-03 11:24:03] DEBUG: 	big_genome_threshold=29000000
[2025-04-03 11:24:03] DEBUG: 	meta_read_filter_kmer_freq=100
[2025-04-03 11:24:03] DEBUG: 	chain_large_gap_penalty=2
[2025-04-03 11:24:03] DEBUG: 	chain_small_gap_penalty=0.5
[2025-04-03 11:24:03] DEBUG: 	chain_gap_jump_threshold=100
[2025-04-03 11:24:03] DEBUG: 	max_jump_gap=500
[2025-04-03 11:24:03] DEBUG: 	max_coverage_drop_rate=5
[2025-04-03 11:24:03] DEBUG: 	max_extensions_drop_rate=5
[2025-04-03 11:24:03] DEBUG: 	chimera_window=100
[2025-04-03 11:24:03] DEBUG: 	chimera_overhang=1000
[2025-04-03 11:24:03] DEBUG: 	min_reads_in_disjointig=4
[2025-04-03 11:24:03] DEBUG: 	max_inner_reads=10
[2025-04-03 11:24:03] DEBUG: 	max_inner_fraction=0.25
[2025-04-03 11:24:03] DEBUG: 	aggressive_dup_filter=1
[2025-04-03 11:24:03] DEBUG: 	max_separation=500
[2025-04-03 11:24:03] DEBUG: 	unique_edge_length=50000
[2025-04-03 11:24:03] DEBUG: 	min_repeat_res_support=0.51
[2025-04-03 11:24:03] DEBUG: 	out_paths_ratio=5
[2025-04-03 11:24:03] DEBUG: 	graph_cov_drop_rate=5
[2025-04-03 11:24:03] DEBUG: 	coverage_estimate_window=100
[2025-04-03 11:24:03] DEBUG: 	max_bubble_length=50000
[2025-04-03 11:24:03] DEBUG: 	loop_coverage_rate=1.5
[2025-04-03 11:24:03] DEBUG: 	repeat_edge_cov_mult=1.75
[2025-04-03 11:24:03] DEBUG: 	weak_detach_rate=5
[2025-04-03 11:24:03] DEBUG: 	tip_coverage_rate=2
[2025-04-03 11:24:03] DEBUG: 	tip_length_rate=2
[2025-04-03 11:24:03] DEBUG: 	output_gfa_before_rr=1
[2025-04-03 11:24:03] DEBUG: 	remove_alt_edges=0
[2025-04-03 11:24:03] DEBUG: 	low_cutoff_warning=1
[2025-04-03 11:24:03] DEBUG: 	kmer_size=17
[2025-04-03 11:24:03] DEBUG: 	use_minimizers=0
[2025-04-03 11:24:03] DEBUG: 	reads_base_alignment=0
[2025-04-03 11:24:03] DEBUG: 	meta_read_top_kmer_rate=0.40
[2025-04-03 11:24:03] DEBUG: 	maximum_jump=1500
[2025-04-03 11:24:03] DEBUG: 	maximum_overhang=1500
[2025-04-03 11:24:03] DEBUG: 	repeat_kmer_rate=100
[2025-04-03 11:24:03] DEBUG: 	assemble_ovlp_divergence=0.10
[2025-04-03 11:24:03] DEBUG: 	assemble_divergence_relative=1
[2025-04-03 11:24:03] DEBUG: 	repeat_graph_ovlp_divergence=0.08
[2025-04-03 11:24:03] DEBUG: 	read_align_ovlp_divergence=0.25
[2025-04-03 11:24:03] DEBUG: 	hpc_scoring_on=0
[2025-04-03 11:24:03] DEBUG: 	add_unassembled_reads=0
[2025-04-03 11:24:03] DEBUG: 	extend_contigs_with_repeats=0
[2025-04-03 11:24:03] DEBUG: 	min_read_cov_cutoff=3
[2025-04-03 11:24:03] DEBUG: 	short_tip_length=20000
[2025-04-03 11:24:03] DEBUG: 	long_tip_length=100000
[2025-04-03 11:24:03] DEBUG: Running with k-mer size: 17
[2025-04-03 11:24:03] DEBUG: Running with minimum overlap 7000
[2025-04-03 11:24:03] DEBUG: Metagenome mode: N
[2025-04-03 11:24:03] DEBUG: Short mode: N
[2025-04-03 11:24:03] INFO: Reading sequences
[2025-04-03 11:26:56] DEBUG: Building positional index
[2025-04-03 11:26:56] DEBUG: Total sequence: 9049125522 bp
[2025-04-03 11:27:01] INFO: Counting k-mers:
[2025-04-03 11:34:14] DEBUG: Updating k-mer histogram
[2025-04-03 11:36:48] DEBUG: Hash size: 52285997
[2025-04-03 11:36:48] DEBUG: Total k-mers 1566105820
[2025-04-03 11:36:51] INFO: Filling index table (1/2)
[2025-04-03 11:51:42] DEBUG: Mean k-mer frequency: 21.1855
[2025-04-03 11:51:42] DEBUG: Repetitive k-mer frequency: 2118
[2025-04-03 11:51:42] DEBUG: Filtered 45375204 repetitive k-mers (0.012131)
[2025-04-03 11:51:58] INFO: Filling index table (2/2)
[2025-04-03 12:08:24] DEBUG: Sorting k-mer index
[2025-04-03 12:09:38] DEBUG: Selected k-mers: 176545213
[2025-04-03 12:09:38] DEBUG: Index size: 3695003280
[2025-04-03 12:09:38] DEBUG: Mean k-mer index frequency: 20.9295
[2025-04-03 12:09:38] DEBUG: Peak RAM usage: 36 Gb
[2025-04-03 12:09:38] DEBUG: Estimating k-mer identity bias
[2025-04-03 12:11:27] DEBUG: Initial divergence estimate : 0.0537766
[2025-04-03 12:11:27] DEBUG: Relative threshold: Y
[2025-04-03 12:11:27] DEBUG: Max divergence threshold set to 0.153777
[2025-04-03 12:11:27] INFO: Extending reads
[2025-04-03 12:11:27] DEBUG: Estimating overlap coverage
[2025-04-03 12:24:47] INFO: Overlap-based coverage: 377
[2025-04-03 12:24:47] INFO: Median overlap divergence: 0.0860724
[2025-04-03 12:24:47] DEBUG: Sequence divergence distribution: 

    |          *                   |                                                                     
    |          *                   |                                                                     
    |          *                   |                                                                     
    |          *                   |                                                                     
    |          *                   |                                                                     
    |          *                   |                                                                     
    |          *                   |                                                                     
    |          *                   |                                                                     
    |          *                   |                                                                     
    |          *                   |                                                                     
    |          *                   |                                                                     
    |          *                   |                                                                     
    |          *                   |                                                                     
    |          *                   |                                                                     
    |          *                   |                                                                     
    |          *                   |                                                                     
    |          *    ******         |                                                                     
    |          *   ******** *      |                                                                     
    |         *******************  |* *                                                                  
    |*     ****************************************************    **  *   *                             
    ----------------------------------------------------------------------------------------------------
    0%        5%        10%       15%       20%       25%       30%       35%       40%       45%       

    Q25 = 0.054, Q50 = 0.086, Q75 = 0.12

[2025-04-03 12:38:22] DEBUG: Assembled disjointig 1
	With 116 reads
	Start read: +READID00000012730
	At position: 31
	leftTip: 1 rightTip: 1
	Suspicious: 11
	Short ext: 2
	Mean extensions: 320
	Avg overlap len: 45153
	Min overlap len: 1368
	Inner reads: 0
	Length: 929001
[2025-04-03 12:38:22] DEBUG: Inner: 26372 covered: 32526 total: 763100
[2025-04-03 12:58:40] DEBUG: Assembled disjointig 2
	With 1056 reads
	Start read: +READID00001060305
	At position: 6
	leftTip: 1 rightTip: 0
	Suspicious: 29
	Short ext: 1
	Mean extensions: 386
	Avg overlap len: 48342
	Min overlap len: 6092
	Inner reads: 0
	Length: 8710840
[2025-04-03 12:58:43] DEBUG: Inner: 329654 covered: 384310 total: 763100
[2025-04-03 12:58:43] DEBUG: Discarded disjointig with 750 reads and 726 inner overlaps
[2025-04-03 12:58:43] DEBUG: Discarded disjointig with 576 reads and 574 inner overlaps
[2025-04-03 12:58:43] DEBUG: Discarded disjointig with 631 reads and 541 inner overlaps
[2025-04-03 12:58:59] DEBUG: Discarded disjointig with 733 reads and 639 inner overlaps
[2025-04-03 13:01:31] DEBUG: Assembled disjointig 3
	With 14 reads
	Start read: +READID00000356136
	At position: 7
	leftTip: 1 rightTip: 0
	Suspicious: 7
	Short ext: 1
	Mean extensions: 74
	Avg overlap len: 35435
	Min overlap len: 4150
	Inner reads: 0
	Length: 150668
[2025-04-03 13:01:31] DEBUG: Inner: 335880 covered: 392182 total: 763100
[2025-04-03 13:03:08] DEBUG: Discarded disjointig with 439 reads and 11 inner overlaps
[2025-04-03 13:03:08] DEBUG: Discarded disjointig with 531 reads and 11 inner overlaps
[2025-04-03 13:03:12] DEBUG: Assembled disjointig 4
	With 431 reads
	Start read: +READID00000228342
	At position: 135
	leftTip: 0 rightTip: 0
	Suspicious: 18
	Short ext: 1
	Mean extensions: 404
	Avg overlap len: 49296
	Min overlap len: 1007
	Inner reads: 0
	Length: 3896740
[2025-04-03 13:03:13] DEBUG: Inner: 472952 covered: 551474 total: 763100
[2025-04-03 13:03:14] DEBUG: Discarded disjointig with 619 reads and 327 inner overlaps
[2025-04-03 13:03:15] DEBUG: Assembled disjointig 5
	With 203 reads
	Start read: +READID00000395758
	At position: 92
	leftTip: 0 rightTip: 0
	Suspicious: 8
	Short ext: 0
	Mean extensions: 412
	Avg overlap len: 47440
	Min overlap len: 7352
	Inner reads: 0
	Length: 1584958
[2025-04-03 13:03:16] DEBUG: Inner: 527744 covered: 613638 total: 763100
[2025-04-03 13:03:24] DEBUG: Discarded disjointig with 100 reads and 91 inner overlaps
[2025-04-03 13:03:24] DEBUG: Discarded disjointig with 98 reads and 91 inner overlaps
[2025-04-03 13:03:29] DEBUG: Assembled disjointig 6
	With 94 reads
	Start read: +READID00000270104
	At position: 74
	leftTip: 0 rightTip: 0
	Suspicious: 6
	Short ext: 0
	Mean extensions: 262
	Avg overlap len: 43193
	Min overlap len: 7039
	Inner reads: 0
	Length: 919652
[2025-04-03 13:03:30] DEBUG: Inner: 549828 covered: 640534 total: 763100
[2025-04-03 13:03:32] DEBUG: Discarded disjointig with 6 reads and 4 inner overlaps
[2025-04-03 13:03:52] DEBUG: Discarded disjointig with 177 reads and 167 inner overlaps
[2025-04-03 13:03:52] DEBUG: Assembled disjointig 7
	With 6 reads
	Start read: +READID00000231166
	At position: 3
	leftTip: 0 rightTip: 0
	Suspicious: 0
	Short ext: 0
	Mean extensions: 142
	Avg overlap len: 29534
	Min overlap len: 8023
	Inner reads: 0
	Length: 63312
[2025-04-03 13:03:52] DEBUG: Inner: 550200 covered: 640924 total: 763100
[2025-04-03 13:04:14] DEBUG: Assembled disjointig 8
	With 12 reads
	Start read: +READID00000801973
	At position: 11
	leftTip: 0 rightTip: 0
	Suspicious: 0
	Short ext: 0
	Mean extensions: 282
	Avg overlap len: 43572
	Min overlap len: 36447
	Inner reads: 0
	Length: 149913
[2025-04-03 13:04:14] DEBUG: Inner: 551256 covered: 641558 total: 763100
[2025-04-03 13:04:15] DEBUG: Assembled disjointig 9
	With 8 reads
	Start read: +READID00000215233
	At position: 3
	leftTip: 0 rightTip: 0
	Suspicious: 0
	Short ext: 0
	Mean extensions: 346
	Avg overlap len: 37949
	Min overlap len: 8241
	Inner reads: 0
	Length: 80591
[2025-04-03 13:04:15] DEBUG: Inner: 551536 covered: 641682 total: 763100
[2025-04-03 13:04:25] DEBUG: Discarded disjointig with 95 reads and 84 inner overlaps
[2025-04-03 13:04:29] DEBUG: Assembled disjointig 10
	With 9 reads
	Start read: +READID00000317036
	At position: 7
	leftTip: 0 rightTip: 0
	Suspicious: 0
	Short ext: 0
	Mean extensions: 324
	Avg overlap len: 40119
	Min overlap len: 7830
	Inner reads: 0
	Length: 73777
[2025-04-03 13:04:29] DEBUG: Inner: 552072 covered: 642278 total: 763100
[2025-04-03 13:04:50] DEBUG: Assembled disjointig 11
	With 13 reads
	Start read: +READID00000954738
	At position: 2
	leftTip: 0 rightTip: 0
	Suspicious: 0
	Short ext: 0
	Mean extensions: 342
	Avg overlap len: 45684
	Min overlap len: 37124
	Inner reads: 0
	Length: 171824
[2025-04-03 13:04:50] DEBUG: Inner: 552964 covered: 642910 total: 763100
[2025-04-03 13:05:17] DEBUG: Assembled disjointig 12
	With 8 reads
	Start read: +READID00000870824
	At position: 2
	leftTip: 0 rightTip: 0
	Suspicious: 0
	Short ext: 0
	Mean extensions: 322
	Avg overlap len: 41145
	Min overlap len: 31720
	Inner reads: 0
	Length: 91553
[2025-04-03 13:05:17] DEBUG: Inner: 553328 covered: 643324 total: 763100
[2025-04-03 13:05:58] DEBUG: Assembled disjointig 13
	With 6 reads
	Start read: +READID00000279245
	At position: 3
	leftTip: 0 rightTip: 0
	Suspicious: 2
	Short ext: 0
	Mean extensions: 106
	Avg overlap len: 15895
	Min overlap len: 7308
	Inner reads: 0
	Length: 120419
[2025-04-03 13:05:58] DEBUG: Inner: 553728 covered: 644238 total: 763100
[2025-04-03 13:06:08] DEBUG: Assembled disjointig 14
	With 15 reads
	Start read: +READID00000844576
	At position: 8
	leftTip: 0 rightTip: 0
	Suspicious: 0
	Short ext: 0
	Mean extensions: 412
	Avg overlap len: 43264
	Min overlap len: 9115
	Inner reads: 0
	Length: 114098
[2025-04-03 13:06:08] DEBUG: Inner: 554256 covered: 644456 total: 763100
[2025-04-03 13:06:48] DEBUG: Assembled disjointig 15
	With 9 reads
	Start read: +READID00000071589
	At position: 6
	leftTip: 0 rightTip: 0
	Suspicious: 0
	Short ext: 0
	Mean extensions: 356
	Avg overlap len: 29351
	Min overlap len: 10713
	Inner reads: 0
	Length: 62692
[2025-04-03 13:06:48] DEBUG: Inner: 554448 covered: 644814 total: 763100
[2025-04-03 13:06:58] DEBUG: Assembled disjointig 16
	With 13 reads
	Start read: +READID00000701808
	At position: 6
	leftTip: 0 rightTip: 0
	Suspicious: 0
	Short ext: 0
	Mean extensions: 406
	Avg overlap len: 35897
	Min overlap len: 8087
	Inner reads: 0
	Length: 135380
[2025-04-03 13:06:58] DEBUG: Inner: 555048 covered: 645174 total: 763100
[2025-04-03 13:07:00] DEBUG: Assembled disjointig 17
	With 14 reads
	Start read: +READID00000661181
	At position: 9
	leftTip: 1 rightTip: 1
	Suspicious: 5
	Short ext: 0
	Mean extensions: 70
	Avg overlap len: 19352
	Min overlap len: 9839
	Inner reads: 0
	Length: 106388
[2025-04-03 13:07:00] DEBUG: Inner: 562596 covered: 654142 total: 763100
[2025-04-03 13:07:01] DEBUG: Discarded disjointig with 12 reads and 8 inner overlaps
[2025-04-03 13:07:17] DEBUG: Discarded disjointig with 12 reads and 9 inner overlaps
[2025-04-03 13:07:18] DEBUG: Assembled disjointig 18
	With 18 reads
	Start read: +READID00000133020
	At position: 14
	leftTip: 0 rightTip: 0
	Suspicious: 0
	Short ext: 0
	Mean extensions: 442
	Avg overlap len: 44964
	Min overlap len: 15483
	Inner reads: 0
	Length: 181577
[2025-04-03 13:07:18] DEBUG: Inner: 563596 covered: 654556 total: 763100
[2025-04-03 13:07:25] DEBUG: Discarded disjointig with 13 reads and 9 inner overlaps
[2025-04-03 13:07:45] DEBUG: Assembled disjointig 19
	With 10 reads
	Start read: +READID00000057915
	At position: 5
	leftTip: 0 rightTip: 0
	Suspicious: 0
	Short ext: 0
	Mean extensions: 268
	Avg overlap len: 37623
	Min overlap len: 7618
	Inner reads: 0
	Length: 108806
[2025-04-03 13:07:45] DEBUG: Inner: 564020 covered: 655088 total: 763100
[2025-04-03 13:07:55] DEBUG: Assembled disjointig 20
	With 9 reads
	Start read: +READID00000805600
	At position: 6
	leftTip: 0 rightTip: 0
	Suspicious: 1
	Short ext: 0
	Mean extensions: 304
	Avg overlap len: 19340
	Min overlap len: 10065
	Inner reads: 0
	Length: 116194
[2025-04-03 13:07:55] DEBUG: Inner: 564312 covered: 655444 total: 763100
[2025-04-03 13:08:22] DEBUG: Assembled disjointig 21
	With 18 reads
	Start read: +READID00000303666
	At position: 13
	leftTip: 0 rightTip: 0
	Suspicious: 2
	Short ext: 0
	Mean extensions: 312
	Avg overlap len: 39849
	Min overlap len: 19988
	Inner reads: 0
	Length: 198791
[2025-04-03 13:08:22] DEBUG: Inner: 565644 covered: 656640 total: 763100
[2025-04-03 13:09:08] DEBUG: Assembled disjointig 22
	With 15 reads
	Start read: +READID00000067037
	At position: 4
	leftTip: 0 rightTip: 0
	Suspicious: 0
	Short ext: 0
	Mean extensions: 386
	Avg overlap len: 40736
	Min overlap len: 7423
	Inner reads: 0
	Length: 203571
[2025-04-03 13:09:08] DEBUG: Inner: 566660 covered: 657752 total: 763100
[2025-04-03 13:09:24] DEBUG: Assembled disjointig 23
	With 6 reads
	Start read: +READID00001042685
	At position: 3
	leftTip: 0 rightTip: 0
	Suspicious: 0
	Short ext: 0
	Mean extensions: 292
	Avg overlap len: 25333
	Min overlap len: 9962
	Inner reads: 0
	Length: 80022
[2025-04-03 13:09:24] DEBUG: Inner: 566892 covered: 658122 total: 763100
[2025-04-03 13:11:14] DEBUG: Assembled disjointig 24
	With 4 reads
	Start read: +READID00000378156
	At position: 3
	leftTip: 1 rightTip: 0
	Suspicious: 2
	Short ext: 0
	Mean extensions: 70
	Avg overlap len: 10885
	Min overlap len: 9792
	Inner reads: 0
	Length: 53333
[2025-04-03 13:11:14] DEBUG: Inner: 566920 covered: 660008 total: 763100
[2025-04-03 13:11:31] DEBUG: Assembled disjointig 25
	With 10 reads
	Start read: +READID00000716275
	At position: 5
	leftTip: 0 rightTip: 0
	Suspicious: 0
	Short ext: 0
	Mean extensions: 202
	Avg overlap len: 25281
	Min overlap len: 11578
	Inner reads: 0
	Length: 76842
[2025-04-03 13:11:31] DEBUG: Inner: 567168 covered: 660346 total: 763100
[2025-04-03 13:12:27] DEBUG: Assembled disjointig 26
	With 6 reads
	Start read: +READID00000877485
	At position: 3
	leftTip: 0 rightTip: 0
	Suspicious: 0
	Short ext: 0
	Mean extensions: 316
	Avg overlap len: 25717
	Min overlap len: 13775
	Inner reads: 0
	Length: 68503
[2025-04-03 13:12:27] DEBUG: Inner: 567308 covered: 661490 total: 763100
[2025-04-03 13:12:41] DEBUG: Assembled disjointig 27
	With 8 reads
	Start read: +READID00000997099
	At position: 3
	leftTip: 0 rightTip: 0
	Suspicious: 0
	Short ext: 0
	Mean extensions: 440
	Avg overlap len: 37279
	Min overlap len: 9991
	Inner reads: 0
	Length: 112476
[2025-04-03 13:12:41] DEBUG: Inner: 567812 covered: 662028 total: 763100
[2025-04-03 13:16:41] DEBUG: Assembled disjointig 28
	With 13 reads
	Start read: +READID00000187198
	At position: 6
	leftTip: 0 rightTip: 0
	Suspicious: 0
	Short ext: 0
	Mean extensions: 434
	Avg overlap len: 41564
	Min overlap len: 8506
	Inner reads: 0
	Length: 129557
[2025-04-03 13:16:41] DEBUG: Inner: 568560 covered: 666614 total: 763100
[2025-04-03 13:16:47] DEBUG: Assembled disjointig 29
	With 6 reads
	Start read: +READID00000184751
	At position: 2
	leftTip: 0 rightTip: 0
	Suspicious: 0
	Short ext: 0
	Mean extensions: 412
	Avg overlap len: 40730
	Min overlap len: 8409
	Inner reads: 0
	Length: 120896
[2025-04-03 13:16:47] DEBUG: Inner: 568744 covered: 666884 total: 763100
[2025-04-03 13:17:53] DEBUG: Assembled disjointig 30
	With 6 reads
	Start read: +READID00000930695
	At position: 2
	leftTip: 0 rightTip: 0
	Suspicious: 0
	Short ext: 0
	Mean extensions: 184
	Avg overlap len: 35085
	Min overlap len: 8424
	Inner reads: 0
	Length: 56473
[2025-04-03 13:17:53] DEBUG: Inner: 569404 covered: 668532 total: 763100
[2025-04-03 13:18:31] DEBUG: Assembled disjointig 31
	With 11 reads
	Start read: +READID00000002153
	At position: 4
	leftTip: 0 rightTip: 0
	Suspicious: 4
	Short ext: 0
	Mean extensions: 86
	Avg overlap len: 16943
	Min overlap len: 7088
	Inner reads: 0
	Length: 133203
[2025-04-03 13:18:31] DEBUG: Inner: 569856 covered: 669548 total: 763100
[2025-04-03 13:19:29] DEBUG: Assembled disjointig 32
	With 5 reads
	Start read: +READID00000140442
	At position: 4
	leftTip: 0 rightTip: 0
	Suspicious: 0
	Short ext: 0
	Mean extensions: 260
	Avg overlap len: 19552
	Min overlap len: 8205
	Inner reads: 0
	Length: 47686
[2025-04-03 13:19:29] DEBUG: Inner: 570024 covered: 670682 total: 763100
[2025-04-03 13:19:46] DEBUG: Assembled disjointig 33
	With 4 reads
	Start read: +READID00001030307
	At position: 3
	leftTip: 0 rightTip: 0
	Suspicious: 0
	Short ext: 0
	Mean extensions: 272
	Avg overlap len: 11080
	Min overlap len: 11080
	Inner reads: 0
	Length: 50763
[2025-04-03 13:19:46] DEBUG: Inner: 570096 covered: 670994 total: 763100
[2025-04-03 13:20:06] DEBUG: Assembled disjointig 34
	With 3 reads
	Start read: +READID00000755265
	At position: 2
	leftTip: 0 rightTip: 0
	Suspicious: 0
	Short ext: 0
	Mean extensions: 344
	Avg overlap len: 14504
	Min overlap len: 14492
	Inner reads: 0
	Length: 30778
[2025-04-03 13:20:06] DEBUG: Inner: 570140 covered: 671334 total: 763100
[2025-04-03 13:20:09] DEBUG: Assembled disjointig 35
	With 5 reads
	Start read: +READID00000272032
	At position: 3
	leftTip: 0 rightTip: 0
	Suspicious: 2
	Short ext: 0
	Mean extensions: 160
	Avg overlap len: 9516
	Min overlap len: 8806
	Inner reads: 0
	Length: 52230
[2025-04-03 13:20:09] DEBUG: Inner: 570388 covered: 671696 total: 763100
[2025-04-03 13:22:15] DEBUG: Assembled disjointig 36
	With 13 reads
	Start read: +READID00000899814
	At position: 10
	leftTip: 0 rightTip: 0
	Suspicious: 2
	Short ext: 0
	Mean extensions: 246
	Avg overlap len: 37389
	Min overlap len: 8093
	Inner reads: 0
	Length: 148673
[2025-04-03 13:22:15] DEBUG: Inner: 570936 covered: 674206 total: 763100
[2025-04-03 13:22:18] DEBUG: Assembled disjointig 37
	With 3 reads
	Start read: +READID00000962153
	At position: 2
	leftTip: 0 rightTip: 0
	Suspicious: 0
	Short ext: 0
	Mean extensions: 332
	Avg overlap len: 20180
	Min overlap len: 20175
	Inner reads: 0
	Length: 33296
[2025-04-03 13:22:18] DEBUG: Inner: 570960 covered: 674266 total: 763100
[2025-04-03 13:22:43] DEBUG: Assembled disjointig 38
	With 3 reads
	Start read: +READID00000395862
	At position: 2
	leftTip: 0 rightTip: 0
	Suspicious: 0
	Short ext: 0
	Mean extensions: 528
	Avg overlap len: 48233
	Min overlap len: 41611
	Inner reads: 0
	Length: 71423
[2025-04-03 13:22:43] DEBUG: Inner: 570980 covered: 674760 total: 763100
[2025-04-03 13:23:48] DEBUG: Assembled disjointig 39
	With 15 reads
	Start read: +READID00000264051
	At position: 6
	leftTip: 0 rightTip: 0
	Suspicious: 0
	Short ext: 0
	Mean extensions: 302
	Avg overlap len: 43688
	Min overlap len: 33398
	Inner reads: 0
	Length: 221502
[2025-04-03 13:23:48] DEBUG: Inner: 571740 covered: 676294 total: 763100
[2025-04-03 13:26:13] DEBUG: Assembled disjointig 40
	With 3 reads
	Start read: +READID00000016094
	At position: 2
	leftTip: 0 rightTip: 0
	Suspicious: 0
	Short ext: 0
	Mean extensions: 202
	Avg overlap len: 15310
	Min overlap len: 15054
	Inner reads: 0
	Length: 53308
[2025-04-03 13:26:13] DEBUG: Inner: 571932 covered: 679072 total: 763100
[2025-04-03 13:26:45] DEBUG: Assembled disjointig 41
	With 12 reads
	Start read: +READID00000865007
	At position: 2
	leftTip: 0 rightTip: 0
	Suspicious: 0
	Short ext: 0
	Mean extensions: 342
	Avg overlap len: 29850
	Min overlap len: 7541
	Inner reads: 0
	Length: 132388
[2025-04-03 13:26:45] DEBUG: Inner: 572350 covered: 679682 total: 763100
[2025-04-03 13:27:02] DEBUG: Assembled disjointig 42
	With 3 reads
	Start read: +READID00000754785
	At position: 2
	leftTip: 1 rightTip: 0
	Suspicious: 1
	Short ext: 0
	Mean extensions: 92
	Avg overlap len: 18138
	Min overlap len: 18121
	Inner reads: 0
	Length: 39110
[2025-04-03 13:27:02] DEBUG: Inner: 572398 covered: 679916 total: 763100
[2025-04-03 13:30:31] DEBUG: Assembled disjointig 43
	With 18 reads
	Start read: +READID00000190330
	At position: 7
	leftTip: 0 rightTip: 0
	Suspicious: 0
	Short ext: 0
	Mean extensions: 264
	Avg overlap len: 34845
	Min overlap len: 10048
	Inner reads: 0
	Length: 179293
[2025-04-03 13:30:31] DEBUG: Inner: 573878 covered: 684314 total: 763100
[2025-04-03 13:30:49] DEBUG: Assembled disjointig 44
	With 8 reads
	Start read: +READID00001058487
	At position: 3
	leftTip: 1 rightTip: 1
	Suspicious: 6
	Short ext: 0
	Mean extensions: 24
	Avg overlap len: 15231
	Min overlap len: 7861
	Inner reads: 0
	Length: 42208
[2025-04-03 13:30:49] DEBUG: Inner: 574098 covered: 684760 total: 763100
[2025-04-03 13:30:59] DEBUG: Assembled disjointig 45
	With 3 reads
	Start read: +READID00000837792
	At position: 2
	leftTip: 0 rightTip: 0
	Suspicious: 0
	Short ext: 0
	Mean extensions: 166
	Avg overlap len: 7602
	Min overlap len: 7595
	Inner reads: 0
	Length: 28526
[2025-04-03 13:30:59] DEBUG: Inner: 574118 covered: 684954 total: 763100
[2025-04-03 13:31:40] DEBUG: Assembled disjointig 46
	With 11 reads
	Start read: +READID00000309840
	At position: 7
	leftTip: 0 rightTip: 0
	Suspicious: 0
	Short ext: 0
	Mean extensions: 330
	Avg overlap len: 31430
	Min overlap len: 9592
	Inner reads: 0
	Length: 128714
[2025-04-03 13:31:40] DEBUG: Inner: 574378 covered: 685712 total: 763100
[2025-04-03 13:33:51] DEBUG: Assembled disjointig 47
	With 4 reads
	Start read: +READID00001008982
	At position: 3
	leftTip: 0 rightTip: 0
	Suspicious: 0
	Short ext: 0
	Mean extensions: 76
	Avg overlap len: 7313
	Min overlap len: 7019
	Inner reads: 0
	Length: 51764
[2025-04-03 13:33:51] DEBUG: Inner: 574510 covered: 688220 total: 763100
[2025-04-03 13:34:52] DEBUG: Assembled disjointig 48
	With 7 reads
	Start read: +READID00000857623
	At position: 5
	leftTip: 0 rightTip: 0
	Suspicious: 1
	Short ext: 0
	Mean extensions: 260
	Avg overlap len: 10907
	Min overlap len: 7505
	Inner reads: 0
	Length: 66425
[2025-04-03 13:34:52] DEBUG: Inner: 574606 covered: 689402 total: 763100
