eggNOG_data/5.0.0: Data available at $EGGNOG_DATA_ROOT, see 'module help eggNOG_data/5.0.0'
[1;32mFunctional annotation of hits...[0m
0 6.67572021484375e-06 0.00 q/s (% mem usage: 5.50, % mem avail: 94.51)
#  emapper-2.1.9
# emapper.py  --cpu 8 --itype proteins -i /home/isamaru/genome-analysis/DNA_analysis/05_DNA_annotation/braker/proteins.fa --decorate_gff /home/isamaru/genome-analysis/DNA_analysis/05_DNA_annotation/braker/braker.gff3 --decorate_gff_ID_field ID -o differential-expression --output_dir /home/isamaru/genome-analysis/DNA_analysis/07_differential_expression
[1;33m  /sw/bioinfo/eggNOG-mapper/2.1.9/snowy/bin/diamond blastp -d /crex/data/eggNOG_data/5.0.0/rackham/eggnog_proteins.dmnd -q /domus/h1/isamaru/genome-analysis/DNA_analysis/05_DNA_annotation/braker/proteins.fa --threads 8 -o /domus/h1/isamaru/genome-analysis/DNA_analysis/07_differential_expression/differential-expression.emapper.hits --tmpdir /domus/h1/isamaru/genome-analysis/code/emappertmp_dmdn_qnupo_yr --sensitive --iterate -e 0.001 --top 3  --outfmt 6 qseqid sseqid pident length mismatch gapopen qstart qend sstart send evalue bitscore qcovhsp scovhsp[0m
[1;32mDecorating gff file /home/isamaru/genome-analysis/DNA_analysis/05_DNA_annotation/braker/braker.gff3...[0m
500 24.551125526428223 20.37 q/s (% mem usage: 8.30, % mem avail: 91.67)
1000 32.35591244697571 30.91 q/s (% mem usage: 8.60, % mem avail: 91.44)
1500 36.649094581604004 40.93 q/s (% mem usage: 8.60, % mem avail: 91.36)
2000 39.17614555358887 51.05 q/s (% mem usage: 8.60, % mem avail: 91.36)
2500 43.53024649620056 57.43 q/s (% mem usage: 8.70, % mem avail: 91.34)
3000 46.78789234161377 64.12 q/s (% mem usage: 8.70, % mem avail: 91.33)
3500 49.63329195976257 70.52 q/s (% mem usage: 8.70, % mem avail: 91.32)
4000 52.838040351867676 75.70 q/s (% mem usage: 8.70, % mem avail: 91.30)
4500 55.54204225540161 81.02 q/s (% mem usage: 8.70, % mem avail: 91.30)
5000 57.75508213043213 86.57 q/s (% mem usage: 8.70, % mem avail: 91.29)
5500 59.90390706062317 91.81 q/s (% mem usage: 8.70, % mem avail: 91.29)
6000 62.54498100280762 95.93 q/s (% mem usage: 8.70, % mem avail: 91.28)
6500 64.23902654647827 101.18 q/s (% mem usage: 8.70, % mem avail: 91.28)
7000 66.40991020202637 105.41 q/s (% mem usage: 8.70, % mem avail: 91.27)
7500 68.03405904769897 110.24 q/s (% mem usage: 8.70, % mem avail: 91.27)
8000 70.54616236686707 113.40 q/s (% mem usage: 8.70, % mem avail: 91.26)
8500 71.84563446044922 118.31 q/s (% mem usage: 8.70, % mem avail: 91.26)
9000 74.53869318962097 120.74 q/s (% mem usage: 8.70, % mem avail: 91.25)
9500 75.77542042732239 125.37 q/s (% mem usage: 8.80, % mem avail: 91.25)
10000 78.00824737548828 128.19 q/s (% mem usage: 8.80, % mem avail: 91.23)
10500 79.78673076629639 131.60 q/s (% mem usage: 8.80, % mem avail: 91.23)
11000 82.24890565872192 133.74 q/s (% mem usage: 8.80, % mem avail: 91.22)
11500 83.57493281364441 137.60 q/s (% mem usage: 8.80, % mem avail: 91.22)
12000 89.66708993911743 133.83 q/s (% mem usage: 8.90, % mem avail: 91.14)
12500 89.69025659561157 139.37 q/s (% mem usage: 8.90, % mem avail: 91.14)
13000 89.7119972705841 144.91 q/s (% mem usage: 8.90, % mem avail: 91.14)
13500 89.80501937866211 150.33 q/s (% mem usage: 8.90, % mem avail: 91.14)
14000 91.06432056427002 153.74 q/s (% mem usage: 8.90, % mem avail: 91.13)
14500 92.87700152397156 156.12 q/s (% mem usage: 8.90, % mem avail: 91.13)
15000 93.76267147064209 159.98 q/s (% mem usage: 8.90, % mem avail: 91.13)
15500 95.93324017524719 161.57 q/s (% mem usage: 8.90, % mem avail: 91.13)
16000 96.61754536628723 165.60 q/s (% mem usage: 8.90, % mem avail: 91.13)
16500 98.04645681381226 168.29 q/s (% mem usage: 8.90, % mem avail: 91.13)
17000 99.63007235527039 170.63 q/s (% mem usage: 8.90, % mem avail: 91.13)
17500 101.47733616828918 172.45 q/s (% mem usage: 8.90, % mem avail: 91.13)
18000 102.3227219581604 175.91 q/s (% mem usage: 8.90, % mem avail: 91.13)
18500 103.9485764503479 177.97 q/s (% mem usage: 8.90, % mem avail: 91.13)
19000 104.83866691589355 181.23 q/s (% mem usage: 8.90, % mem avail: 91.13)
19500 105.8970193862915 184.14 q/s (% mem usage: 8.90, % mem avail: 91.13)
20000 107.70915484428406 185.69 q/s (% mem usage: 8.90, % mem avail: 91.13)
20500 110.39765429496765 185.69 q/s (% mem usage: 8.90, % mem avail: 91.13)
21000 113.25074195861816 185.43 q/s (% mem usage: 8.90, % mem avail: 91.13)
21500 115.16184043884277 186.69 q/s (% mem usage: 8.90, % mem avail: 91.13)
22000 116.8388922214508 188.29 q/s (% mem usage: 8.90, % mem avail: 91.13)
22500 118.80959916114807 189.38 q/s (% mem usage: 8.90, % mem avail: 91.13)
23000 121.11310458183289 189.91 q/s (% mem usage: 8.90, % mem avail: 91.12)
23500 122.1837899684906 192.33 q/s (% mem usage: 8.90, % mem avail: 91.12)
24000 124.0086977481842 193.53 q/s (% mem usage: 8.90, % mem avail: 91.13)
24500 125.77774739265442 194.79 q/s (% mem usage: 8.90, % mem avail: 91.12)
25000 127.79912447929382 195.62 q/s (% mem usage: 8.90, % mem avail: 91.12)
25500 129.2348928451538 197.32 q/s (% mem usage: 8.90, % mem avail: 91.12)
26000 130.84137296676636 198.71 q/s (% mem usage: 8.90, % mem avail: 91.12)
26500 132.91254711151123 199.38 q/s (% mem usage: 8.90, % mem avail: 91.12)
27000 134.6255271434784 200.56 q/s (% mem usage: 8.90, % mem avail: 91.12)
27500 136.8817913532257 200.90 q/s (% mem usage: 8.90, % mem avail: 91.12)
28000 138.37417483329773 202.35 q/s (% mem usage: 8.90, % mem avail: 91.12)
28500 139.77115941047668 203.90 q/s (% mem usage: 8.90, % mem avail: 91.12)
29000 141.25506901741028 205.30 q/s (% mem usage: 8.90, % mem avail: 91.12)
29500 142.68948984146118 206.74 q/s (% mem usage: 8.90, % mem avail: 91.12)
30000 144.76994371414185 207.23 q/s (% mem usage: 8.90, % mem avail: 91.12)
30500 145.71478605270386 209.31 q/s (% mem usage: 8.90, % mem avail: 91.12)
31000 147.17667865753174 210.63 q/s (% mem usage: 8.90, % mem avail: 91.12)
31500 149.1251859664917 211.23 q/s (% mem usage: 8.90, % mem avail: 91.12)
32000 150.70261669158936 212.34 q/s (% mem usage: 8.90, % mem avail: 91.12)
32500 152.0966455936432 213.68 q/s (% mem usage: 8.90, % mem avail: 91.12)
33000 153.63703870773315 214.79 q/s (% mem usage: 8.90, % mem avail: 91.12)
33500 155.1264247894287 215.95 q/s (% mem usage: 8.90, % mem avail: 91.12)
34000 157.1915740966797 216.30 q/s (% mem usage: 8.90, % mem avail: 91.12)
34500 158.50157976150513 217.66 q/s (% mem usage: 8.90, % mem avail: 91.12)
35000 160.43346095085144 218.16 q/s (% mem usage: 8.90, % mem avail: 91.12)
35500 161.78954100608826 219.42 q/s (% mem usage: 8.90, % mem avail: 91.12)
36000 163.23954939842224 220.53 q/s (% mem usage: 8.90, % mem avail: 91.12)
36500 164.881089925766 221.37 q/s (% mem usage: 8.90, % mem avail: 91.12)
37000 166.23416018486023 222.58 q/s (% mem usage: 8.90, % mem avail: 91.12)
37500 167.7615692615509 223.53 q/s (% mem usage: 8.90, % mem avail: 91.12)
38000 169.11207699775696 224.70 q/s (% mem usage: 8.90, % mem avail: 91.12)
38500 170.33398747444153 226.03 q/s (% mem usage: 8.90, % mem avail: 91.11)
39000 171.73393726348877 227.10 q/s (% mem usage: 8.90, % mem avail: 91.11)
39500 173.0727391242981 228.23 q/s (% mem usage: 8.90, % mem avail: 91.12)
40000 174.68280863761902 228.99 q/s (% mem usage: 8.90, % mem avail: 91.12)
40500 176.21552896499634 229.83 q/s (% mem usage: 8.90, % mem avail: 91.12)
41000 177.49099206924438 231.00 q/s (% mem usage: 8.90, % mem avail: 91.11)
41500 179.6198172569275 231.04 q/s (% mem usage: 8.90, % mem avail: 91.11)
42000 181.5562949180603 231.33 q/s (% mem usage: 8.90, % mem avail: 91.11)
42500 182.4527189731598 232.94 q/s (% mem usage: 8.90, % mem avail: 91.11)
43000 184.27300214767456 233.35 q/s (% mem usage: 8.90, % mem avail: 91.11)
43500 186.00663375854492 233.86 q/s (% mem usage: 8.90, % mem avail: 91.11)
44000 187.59129405021667 234.55 q/s (% mem usage: 8.90, % mem avail: 91.11)
44500 188.5937876701355 235.96 q/s (% mem usage: 8.90, % mem avail: 91.11)
45000 190.02282214164734 236.81 q/s (% mem usage: 8.90, % mem avail: 91.11)
45500 191.30288696289062 237.84 q/s (% mem usage: 8.90, % mem avail: 91.11)
46000 192.53601336479187 238.92 q/s (% mem usage: 8.90, % mem avail: 91.11)
46500 194.01782536506653 239.67 q/s (% mem usage: 8.90, % mem avail: 91.11)
47000 195.1436686515808 240.85 q/s (% mem usage: 8.90, % mem avail: 91.11)
47500 196.5035057067871 241.73 q/s (% mem usage: 8.90, % mem avail: 91.11)
48000 197.7860586643219 242.69 q/s (% mem usage: 8.90, % mem avail: 91.11)
48500 198.97912216186523 243.74 q/s (% mem usage: 8.90, % mem avail: 91.11)
49000 200.18107199668884 244.78 q/s (% mem usage: 8.90, % mem avail: 91.11)
49500 201.56884622573853 245.57 q/s (% mem usage: 8.90, % mem avail: 91.11)
50000 203.3789463043213 245.85 q/s (% mem usage: 8.90, % mem avail: 91.11)
50500 204.21888613700867 247.28 q/s (% mem usage: 8.90, % mem avail: 91.11)
51000 205.47535872459412 248.20 q/s (% mem usage: 8.90, % mem avail: 91.11)
51500 206.7656660079956 249.07 q/s (% mem usage: 8.90, % mem avail: 91.11)
52000 208.40176606178284 249.52 q/s (% mem usage: 8.90, % mem avail: 91.11)
52500 209.19963026046753 250.96 q/s (% mem usage: 8.90, % mem avail: 91.11)
53000 210.59461879730225 251.67 q/s (% mem usage: 8.90, % mem avail: 91.11)
53500 211.54895162582397 252.90 q/s (% mem usage: 8.90, % mem avail: 91.11)
54000 212.438494682312 254.19 q/s (% mem usage: 8.90, % mem avail: 91.11)
54500 213.52605962753296 255.24 q/s (% mem usage: 8.90, % mem avail: 91.11)
55000 214.41852593421936 256.51 q/s (% mem usage: 8.90, % mem avail: 91.11)
55500 215.51233649253845 257.53 q/s (% mem usage: 8.90, % mem avail: 91.11)
56000 216.93200039863586 258.15 q/s (% mem usage: 8.90, % mem avail: 91.11)
56500 217.32308316230774 259.98 q/s (% mem usage: 8.90, % mem avail: 91.11)
57000 218.34189367294312 261.06 q/s (% mem usage: 8.90, % mem avail: 91.11)
57500 219.34724974632263 262.14 q/s (% mem usage: 8.90, % mem avail: 91.11)
58000 220.21084761619568 263.38 q/s (% mem usage: 8.90, % mem avail: 91.11)
58500 221.55199813842773 264.05 q/s (% mem usage: 8.90, % mem avail: 91.11)
59000 222.34319138526917 265.36 q/s (% mem usage: 8.90, % mem avail: 91.11)
59500 223.2171609401703 266.56 q/s (% mem usage: 8.90, % mem avail: 91.11)
60000 224.924786567688 266.76 q/s (% mem usage: 8.90, % mem avail: 91.11)
60500 225.24032282829285 268.60 q/s (% mem usage: 8.90, % mem avail: 91.11)
61000 225.83930611610413 270.10 q/s (% mem usage: 8.90, % mem avail: 91.11)
61500 226.83333158493042 271.12 q/s (% mem usage: 8.90, % mem avail: 91.11)
62000 227.67118048667908 272.32 q/s (% mem usage: 8.90, % mem avail: 91.11)
62500 228.50639033317566 273.52 q/s (% mem usage: 8.90, % mem avail: 91.11)
63000 229.61376357078552 274.37 q/s (% mem usage: 8.90, % mem avail: 91.11)
63500 230.5065882205963 275.48 q/s (% mem usage: 8.90, % mem avail: 91.11)
64000 231.2604043483734 276.74 q/s (% mem usage: 8.90, % mem avail: 91.11)
64500 232.0481207370758 277.96 q/s (% mem usage: 8.90, % mem avail: 91.11)
65000 232.93930578231812 279.04 q/s (% mem usage: 8.90, % mem avail: 91.11)
65500 233.870619058609 280.07 q/s (% mem usage: 8.90, % mem avail: 91.11)
66000 234.6858696937561 281.23 q/s (% mem usage: 8.90, % mem avail: 91.11)
66500 235.61221170425415 282.24 q/s (% mem usage: 8.90, % mem avail: 91.11)
67000 236.36771941184998 283.46 q/s (% mem usage: 8.90, % mem avail: 91.11)
67500 237.45192909240723 284.27 q/s (% mem usage: 8.90, % mem avail: 91.11)
68000 238.42018508911133 285.21 q/s (% mem usage: 8.90, % mem avail: 91.11)
68500 239.471905708313 286.05 q/s (% mem usage: 8.90, % mem avail: 91.11)
69000 239.86784720420837 287.66 q/s (% mem usage: 8.90, % mem avail: 91.11)
69500 241.28125619888306 288.05 q/s (% mem usage: 8.90, % mem avail: 91.11)
70000 241.81664991378784 289.48 q/s (% mem usage: 8.90, % mem avail: 91.11)
70500 242.87045884132385 290.28 q/s (% mem usage: 8.90, % mem avail: 91.11)
71000 243.59602117538452 291.47 q/s (% mem usage: 8.90, % mem avail: 91.10)
71500 245.10056567192078 291.72 q/s (% mem usage: 8.90, % mem avail: 91.11)
72000 245.5329933166504 293.24 q/s (% mem usage: 8.90, % mem avail: 91.11)
72500 246.9191656112671 293.62 q/s (% mem usage: 8.90, % mem avail: 91.11)
73000 248.1310911178589 294.20 q/s (% mem usage: 8.90, % mem avail: 91.11)
73500 248.52795886993408 295.74 q/s (% mem usage: 8.90, % mem avail: 91.11)
74000 249.34047269821167 296.78 q/s (% mem usage: 8.90, % mem avail: 91.10)
74500 250.26723766326904 297.68 q/s (% mem usage: 8.90, % mem avail: 91.11)
75000 251.08668780326843 298.70 q/s (% mem usage: 8.90, % mem avail: 91.11)
75500 253.31373572349548 298.05 q/s (% mem usage: 8.90, % mem avail: 91.08)
76000 253.39404582977295 299.93 q/s (% mem usage: 8.90, % mem avail: 91.08)
76500 254.15866470336914 300.99 q/s (% mem usage: 8.90, % mem avail: 91.08)
77000 255.24180340766907 301.67 q/s (% mem usage: 8.90, % mem avail: 91.08)
77500 256.1973166465759 302.50 q/s (% mem usage: 8.90, % mem avail: 91.08)
78000 256.968230009079 303.54 q/s (% mem usage: 8.90, % mem avail: 91.08)
78500 259.08363151550293 302.99 q/s (% mem usage: 8.90, % mem avail: 91.07)
79000 259.8137903213501 304.06 q/s (% mem usage: 8.90, % mem avail: 91.07)
79500 260.73908019065857 304.90 q/s (% mem usage: 8.90, % mem avail: 91.07)
80000 261.8675150871277 305.50 q/s (% mem usage: 8.90, % mem avail: 91.07)
80500 262.49408054351807 306.67 q/s (% mem usage: 8.90, % mem avail: 91.07)
81000 263.43243622779846 307.48 q/s (% mem usage: 8.90, % mem avail: 91.07)
81500 264.1603147983551 308.52 q/s (% mem usage: 8.90, % mem avail: 91.07)
82000 265.17475605010986 309.23 q/s (% mem usage: 8.90, % mem avail: 91.07)
82500 266.0742359161377 310.06 q/s (% mem usage: 8.90, % mem avail: 91.07)
83000 266.7853796482086 311.11 q/s (% mem usage: 8.90, % mem avail: 91.07)
83500 267.66162729263306 311.96 q/s (% mem usage: 8.90, % mem avail: 91.07)
84000 268.8328311443329 312.46 q/s (% mem usage: 8.90, % mem avail: 91.07)
84500 269.9217314720154 313.05 q/s (% mem usage: 8.90, % mem avail: 91.07)
85000 271.59877371788025 312.96 q/s (% mem usage: 8.90, % mem avail: 91.07)
85500 271.8110303878784 314.56 q/s (% mem usage: 8.90, % mem avail: 91.07)
86000 273.235716342926 314.75 q/s (% mem usage: 8.90, % mem avail: 91.07)
86500 273.5307791233063 316.23 q/s (% mem usage: 8.90, % mem avail: 91.07)
87000 274.3466145992279 317.12 q/s (% mem usage: 8.90, % mem avail: 91.07)
87500 275.2544951438904 317.89 q/s (% mem usage: 8.90, % mem avail: 91.07)
88000 275.970410823822 318.87 q/s (% mem usage: 8.90, % mem avail: 91.07)
88500 276.91897201538086 319.59 q/s (% mem usage: 8.90, % mem avail: 91.07)
89000 277.6448709964752 320.55 q/s (% mem usage: 8.90, % mem avail: 91.07)
89500 278.44796657562256 321.42 q/s (% mem usage: 8.90, % mem avail: 91.07)
90000 279.3545928001404 322.17 q/s (% mem usage: 8.90, % mem avail: 91.07)
90500 280.1857581138611 323.00 q/s (% mem usage: 8.90, % mem avail: 91.07)
91000 282.0314338207245 322.66 q/s (% mem usage: 8.90, % mem avail: 91.07)
91500 282.9776327610016 323.35 q/s (% mem usage: 8.90, % mem avail: 91.07)
92000 283.91635036468506 324.04 q/s (% mem usage: 8.90, % mem avail: 91.07)
92500 284.9793179035187 324.58 q/s (% mem usage: 8.90, % mem avail: 91.07)
93000 286.16717648506165 324.98 q/s (% mem usage: 8.90, % mem avail: 91.07)
93500 292.0658323764801 320.13 q/s (% mem usage: 9.00, % mem avail: 91.03)
94000 294.54380440711975 319.14 q/s (% mem usage: 9.00, % mem avail: 91.01)
94500 295.53098130226135 319.76 q/s (% mem usage: 9.00, % mem avail: 91.01)
95000 296.29893136024475 320.62 q/s (% mem usage: 9.00, % mem avail: 91.01)
95500 297.1778461933136 321.36 q/s (% mem usage: 9.00, % mem avail: 91.01)
96000 298.1002631187439 322.04 q/s (% mem usage: 9.00, % mem avail: 91.01)
96500 299.11517000198364 322.62 q/s (% mem usage: 9.00, % mem avail: 91.01)
97000 300.358882188797 322.95 q/s (% mem usage: 9.00, % mem avail: 91.01)
97500 300.9903335571289 323.93 q/s (% mem usage: 9.00, % mem avail: 91.01)
98000 301.65261602401733 324.88 q/s (% mem usage: 9.00, % mem avail: 91.01)
98500 302.836532831192 325.26 q/s (% mem usage: 9.00, % mem avail: 91.01)
99000 303.4914734363556 326.20 q/s (% mem usage: 9.00, % mem avail: 91.01)
99500 304.28223967552185 327.00 q/s (% mem usage: 9.00, % mem avail: 91.01)
100000 305.15683794021606 327.70 q/s (% mem usage: 9.00, % mem avail: 91.01)
100500 306.311306476593 328.10 q/s (% mem usage: 9.00, % mem avail: 91.01)
101000 306.9135775566101 329.08 q/s (% mem usage: 9.00, % mem avail: 91.01)
101500 307.70431685447693 329.86 q/s (% mem usage: 9.00, % mem avail: 91.01)
102000 308.7244668006897 330.39 q/s (% mem usage: 9.00, % mem avail: 91.01)
102500 309.6087465286255 331.06 q/s (% mem usage: 9.00, % mem avail: 91.01)
103000 310.3752956390381 331.86 q/s (% mem usage: 9.00, % mem avail: 91.01)
103500 311.22450852394104 332.56 q/s (% mem usage: 9.00, % mem avail: 91.01)
104000 312.0202977657318 333.31 q/s (% mem usage: 9.00, % mem avail: 91.01)
104500 312.819442987442 334.06 q/s (% mem usage: 9.00, % mem avail: 91.01)
105000 313.65146946907043 334.77 q/s (% mem usage: 9.00, % mem avail: 91.01)
105500 314.70651268959045 335.23 q/s (% mem usage: 9.00, % mem avail: 91.01)
106000 316.3728756904602 335.05 q/s (% mem usage: 9.00, % mem avail: 91.00)
106500 317.17213344573975 335.78 q/s (% mem usage: 9.00, % mem avail: 91.00)
107000 317.91022300720215 336.57 q/s (% mem usage: 9.00, % mem avail: 91.00)
107500 319.2082314491272 336.77 q/s (% mem usage: 9.00, % mem avail: 91.00)
108000 319.55338525772095 337.97 q/s (% mem usage: 9.00, % mem avail: 91.00)
108500 320.3137638568878 338.73 q/s (% mem usage: 9.00, % mem avail: 91.00)
109000 321.5326237678528 339.00 q/s (% mem usage: 9.00, % mem avail: 91.00)
109500 322.28599309921265 339.76 q/s (% mem usage: 9.00, % mem avail: 91.00)
110000 323.0554494857788 340.50 q/s (% mem usage: 9.00, % mem avail: 91.00)
110500 324.0399577617645 341.01 q/s (% mem usage: 9.00, % mem avail: 91.00)
111000 324.7770667076111 341.77 q/s (% mem usage: 9.00, % mem avail: 91.00)
111500 325.7054693698883 342.33 q/s (% mem usage: 9.00, % mem avail: 91.00)
112000 326.7018663883209 342.82 q/s (% mem usage: 9.00, % mem avail: 91.00)
112500 327.9610228538513 343.03 q/s (% mem usage: 9.00, % mem avail: 91.00)
113000 328.4532308578491 344.04 q/s (% mem usage: 9.00, % mem avail: 91.00)
113500 329.77199268341064 344.18 q/s (% mem usage: 9.00, % mem avail: 91.00)
114000 330.850172996521 344.57 q/s (% mem usage: 9.00, % mem avail: 91.00)
114500 331.2276804447174 345.68 q/s (% mem usage: 9.00, % mem avail: 91.00)
115000 331.95139622688293 346.44 q/s (% mem usage: 9.00, % mem avail: 91.00)
115500 332.79768562316895 347.06 q/s (% mem usage: 9.00, % mem avail: 91.00)
116000 333.75930738449097 347.56 q/s (% mem usage: 9.00, % mem avail: 91.00)
116500 334.6026771068573 348.17 q/s (% mem usage: 9.00, % mem avail: 91.00)
117000 335.4223291873932 348.81 q/s (% mem usage: 9.00, % mem avail: 91.00)
117500 336.13697028160095 349.56 q/s (% mem usage: 9.00, % mem avail: 91.00)
118000 337.09927439689636 350.05 q/s (% mem usage: 9.00, % mem avail: 91.00)
118500 337.8772449493408 350.72 q/s (% mem usage: 9.00, % mem avail: 91.00)
119000 338.6854033470154 351.36 q/s (% mem usage: 9.00, % mem avail: 91.00)
119500 339.3639256954193 352.13 q/s (% mem usage: 9.00, % mem avail: 91.00)
120000 340.16320848464966 352.77 q/s (% mem usage: 9.00, % mem avail: 91.00)
120500 341.1925423145294 353.17 q/s (% mem usage: 9.00, % mem avail: 91.00)
121000 341.9725453853607 353.83 q/s (% mem usage: 9.00, % mem avail: 91.00)
121500 343.3296706676483 353.89 q/s (% mem usage: 9.00, % mem avail: 91.00)
122000 343.6725289821625 354.99 q/s (% mem usage: 9.00, % mem avail: 91.00)
122500 344.539767742157 355.55 q/s (% mem usage: 9.00, % mem avail: 91.00)
123000 345.82946586608887 355.67 q/s (% mem usage: 9.00, % mem avail: 90.99)
123500 346.4957902431488 356.43 q/s (% mem usage: 9.00, % mem avail: 91.00)
124000 347.5929834842682 356.74 q/s (% mem usage: 9.00, % mem avail: 90.99)
124500 348.20158314704895 357.55 q/s (% mem usage: 9.00, % mem avail: 90.99)
125000 349.0822467803955 358.08 q/s (% mem usage: 9.00, % mem avail: 90.99)
125500 350.6851577758789 357.87 q/s (% mem usage: 9.00, % mem avail: 90.99)
126000 353.372820854187 356.56 q/s (% mem usage: 9.00, % mem avail: 90.99)
126500 353.39813709259033 357.95 q/s (% mem usage: 9.00, % mem avail: 90.99)
127000 354.61558842658997 358.13 q/s (% mem usage: 9.00, % mem avail: 90.99)
127500 355.62789940834045 358.52 q/s (% mem usage: 9.00, % mem avail: 90.99)
128000 356.8673858642578 358.68 q/s (% mem usage: 9.00, % mem avail: 90.99)
128500 358.1094410419464 358.83 q/s (% mem usage: 9.00, % mem avail: 90.99)
129000 359.5078053474426 358.82 q/s (% mem usage: 9.00, % mem avail: 90.96)
129500 360.46547842025757 359.26 q/s (% mem usage: 9.00, % mem avail: 90.96)
130000 362.2136254310608 358.90 q/s (% mem usage: 9.00, % mem avail: 90.96)
130500 363.48009157180786 359.03 q/s (% mem usage: 9.00, % mem avail: 90.95)
131000 364.7203598022461 359.18 q/s (% mem usage: 9.00, % mem avail: 90.95)
131500 365.9603819847107 359.33 q/s (% mem usage: 9.00, % mem avail: 90.95)
132000 366.9744167327881 359.70 q/s (% mem usage: 9.00, % mem avail: 90.95)
132500 368.53103375434875 359.54 q/s (% mem usage: 9.00, % mem avail: 90.95)
133000 369.69121766090393 359.76 q/s (% mem usage: 9.00, % mem avail: 90.95)
133500 370.4857485294342 360.34 q/s (% mem usage: 9.00, % mem avail: 90.95)
134000 371.61900782585144 360.58 q/s (% mem usage: 9.00, % mem avail: 90.95)
134500 373.19332361221313 360.40 q/s (% mem usage: 9.00, % mem avail: 90.95)
135000 374.1533000469208 360.81 q/s (% mem usage: 9.00, % mem avail: 90.95)
135500 375.91728234291077 360.45 q/s (% mem usage: 9.10, % mem avail: 90.95)
136000 377.79819416999817 359.98 q/s (% mem usage: 9.10, % mem avail: 90.93)
136500 377.94023513793945 361.17 q/s (% mem usage: 9.10, % mem avail: 90.93)
137000 379.29885935783386 361.19 q/s (% mem usage: 9.10, % mem avail: 90.93)
137500 380.43229961395264 361.43 q/s (% mem usage: 9.10, % mem avail: 90.93)
138000 381.537561416626 361.69 q/s (% mem usage: 9.10, % mem avail: 90.93)
138500 382.19000697135925 362.39 q/s (% mem usage: 9.10, % mem avail: 90.93)
139000 383.008465051651 362.92 q/s (% mem usage: 9.10, % mem avail: 90.93)
139500 384.2944428920746 363.00 q/s (% mem usage: 9.10, % mem avail: 90.93)
140000 385.54114270210266 363.13 q/s (% mem usage: 9.10, % mem avail: 90.93)
140500 386.20669198036194 363.79 q/s (% mem usage: 9.10, % mem avail: 90.93)
141000 387.39033913612366 363.97 q/s (% mem usage: 9.10, % mem avail: 90.92)
141500 388.09279108047485 364.60 q/s (% mem usage: 9.10, % mem avail: 90.92)
142000 389.59378695487976 364.48 q/s (% mem usage: 9.10, % mem avail: 90.92)
142500 390.5318009853363 364.89 q/s (% mem usage: 9.10, % mem avail: 90.92)
143000 391.77488136291504 365.01 q/s (% mem usage: 9.10, % mem avail: 90.92)
143500 392.5760178565979 365.53 q/s (% mem usage: 9.10, % mem avail: 90.92)
144000 395.03847885131836 364.52 q/s (% mem usage: 9.10, % mem avail: 90.92)
144500 396.5312411785126 364.41 q/s (% mem usage: 9.10, % mem avail: 90.92)
145000 398.0900740623474 364.24 q/s (% mem usage: 9.10, % mem avail: 90.92)
145500 399.44396901130676 364.26 q/s (% mem usage: 9.10, % mem avail: 90.92)
146000 401.1076591014862 363.99 q/s (% mem usage: 9.10, % mem avail: 90.92)
146500 402.41886472702026 364.05 q/s (% mem usage: 9.10, % mem avail: 90.92)
147000 403.94132471084595 363.91 q/s (% mem usage: 9.10, % mem avail: 90.92)
147500 405.3889150619507 363.85 q/s (% mem usage: 9.10, % mem avail: 90.92)
148000 407.2874710559845 363.38 q/s (% mem usage: 9.10, % mem avail: 90.92)
148500 408.3480703830719 363.66 q/s (% mem usage: 9.10, % mem avail: 90.92)
149000 409.70451283454895 363.68 q/s (% mem usage: 9.10, % mem avail: 90.92)
149500 411.47224044799805 363.33 q/s (% mem usage: 9.10, % mem avail: 90.92)
150000 413.042240858078 363.16 q/s (% mem usage: 9.10, % mem avail: 90.92)
150500 414.4733304977417 363.11 q/s (% mem usage: 9.10, % mem avail: 90.92)
151000 415.8563630580902 363.11 q/s (% mem usage: 9.10, % mem avail: 90.92)
151500 417.4522614479065 362.92 q/s (% mem usage: 9.10, % mem avail: 90.92)
152000 418.8161315917969 362.93 q/s (% mem usage: 9.10, % mem avail: 90.92)
152500 420.22655606269836 362.90 q/s (% mem usage: 9.10, % mem avail: 90.92)
153000 423.05684661865234 361.65 q/s (% mem usage: 9.10, % mem avail: 90.92)
153500 423.47892665863037 362.47 q/s (% mem usage: 9.10, % mem avail: 90.91)
154000 424.8763620853424 362.46 q/s (% mem usage: 9.10, % mem avail: 90.92)
154500 426.24720430374146 362.47 q/s (% mem usage: 9.10, % mem avail: 90.91)
155000 427.690203666687 362.41 q/s (% mem usage: 9.10, % mem avail: 90.91)
155500 429.07626080513 362.41 q/s (% mem usage: 9.10, % mem avail: 90.91)
156000 430.45844626426697 362.40 q/s (% mem usage: 9.10, % mem avail: 90.91)
156500 431.85769295692444 362.39 q/s (% mem usage: 9.10, % mem avail: 90.91)
157000 433.5066409111023 362.16 q/s (% mem usage: 9.10, % mem avail: 90.91)
157500 435.02483916282654 362.05 q/s (% mem usage: 9.10, % mem avail: 90.91)
158000 436.79765129089355 361.72 q/s (% mem usage: 9.10, % mem avail: 90.91)
158500 438.1606204509735 361.74 q/s (% mem usage: 9.10, % mem avail: 90.91)
159000 439.68264412879944 361.62 q/s (% mem usage: 9.10, % mem avail: 90.91)
159500 441.2544777393341 361.47 q/s (% mem usage: 9.10, % mem avail: 90.91)
160000 442.58183789253235 361.52 q/s (% mem usage: 9.10, % mem avail: 90.91)
160500 444.0057849884033 361.48 q/s (% mem usage: 9.10, % mem avail: 90.91)
161000 445.41486644744873 361.46 q/s (% mem usage: 9.10, % mem avail: 90.91)
161500 446.80720496177673 361.45 q/s (% mem usage: 9.10, % mem avail: 90.91)
162000 448.244925737381 361.41 q/s (% mem usage: 9.10, % mem avail: 90.91)
162500 449.6622271537781 361.38 q/s (% mem usage: 9.10, % mem avail: 90.91)
163000 451.18010997772217 361.27 q/s (% mem usage: 9.10, % mem avail: 90.91)
163500 452.7938325405121 361.09 q/s (% mem usage: 9.10, % mem avail: 90.91)
164000 454.2563807964325 361.03 q/s (% mem usage: 9.10, % mem avail: 90.91)
164500 455.80524134635925 360.90 q/s (% mem usage: 9.10, % mem avail: 90.91)
165000 457.32579040527344 360.79 q/s (% mem usage: 9.10, % mem avail: 90.91)
165500 459.0274314880371 360.54 q/s (% mem usage: 9.10, % mem avail: 90.91)
166000 460.3639132976532 360.58 q/s (% mem usage: 9.10, % mem avail: 90.91)
166500 461.84355115890503 360.51 q/s (% mem usage: 9.10, % mem avail: 90.91)
167000 463.2520344257355 360.49 q/s (% mem usage: 9.10, % mem avail: 90.91)
167500 464.66903018951416 360.47 q/s (% mem usage: 9.10, % mem avail: 90.91)
168000 467.4281826019287 359.41 q/s (% mem usage: 9.10, % mem avail: 90.91)
168500 467.8678696155548 360.14 q/s (% mem usage: 9.10, % mem avail: 90.91)
169000 469.7404053211212 359.77 q/s (% mem usage: 9.10, % mem avail: 90.91)
169500 471.04440331459045 359.84 q/s (% mem usage: 9.10, % mem avail: 90.91)
170000 472.51226925849915 359.78 q/s (% mem usage: 9.10, % mem avail: 90.91)
170500 473.9611608982086 359.73 q/s (% mem usage: 9.10, % mem avail: 90.91)
171000 475.42446064949036 359.68 q/s (% mem usage: 9.10, % mem avail: 90.91)
171500 476.8633964061737 359.64 q/s (% mem usage: 9.10, % mem avail: 90.91)
172000 478.2938160896301 359.61 q/s (% mem usage: 9.10, % mem avail: 90.91)
172500 479.7793638706207 359.54 q/s (% mem usage: 9.10, % mem avail: 90.91)
173000 481.3208863735199 359.43 q/s (% mem usage: 9.10, % mem avail: 90.91)
173500 482.49791383743286 359.59 q/s (% mem usage: 9.10, % mem avail: 90.91)
174000 483.91370368003845 359.57 q/s (% mem usage: 9.10, % mem avail: 90.91)
174500 485.1025788784027 359.72 q/s (% mem usage: 9.10, % mem avail: 90.91)
175000 486.43380975723267 359.76 q/s (% mem usage: 9.10, % mem avail: 90.91)
175500 487.64363288879395 359.89 q/s (% mem usage: 9.10, % mem avail: 90.91)
176000 488.95806884765625 359.95 q/s (% mem usage: 9.10, % mem avail: 90.91)
176500 490.41146206855774 359.90 q/s (% mem usage: 9.10, % mem avail: 90.91)
177000 491.62548089027405 360.03 q/s (% mem usage: 9.10, % mem avail: 90.91)
177500 492.9074971675873 360.11 q/s (% mem usage: 9.10, % mem avail: 90.91)
178000 494.4560844898224 359.99 q/s (% mem usage: 9.10, % mem avail: 90.91)
178500 495.4873366355896 360.25 q/s (% mem usage: 9.10, % mem avail: 90.91)
179000 496.6946635246277 360.38 q/s (% mem usage: 9.10, % mem avail: 90.91)
179500 497.9633595943451 360.47 q/s (% mem usage: 9.10, % mem avail: 90.91)
180000 499.28413224220276 360.52 q/s (% mem usage: 9.10, % mem avail: 90.91)
180500 500.3869118690491 360.72 q/s (% mem usage: 9.10, % mem avail: 90.91)
181000 501.58047747612 360.86 q/s (% mem usage: 9.10, % mem avail: 90.91)
181500 502.7293543815613 361.03 q/s (% mem usage: 9.10, % mem avail: 90.91)
182000 504.01017689704895 361.10 q/s (% mem usage: 9.10, % mem avail: 90.91)
182500 505.51735496520996 361.02 q/s (% mem usage: 9.10, % mem avail: 90.90)
183000 506.78284549713135 361.10 q/s (% mem usage: 9.10, % mem avail: 90.90)
183500 508.02121925354004 361.21 q/s (% mem usage: 9.10, % mem avail: 90.90)
184000 509.25251293182373 361.31 q/s (% mem usage: 9.10, % mem avail: 90.90)
184500 510.544882774353 361.38 q/s (% mem usage: 9.10, % mem avail: 90.90)
185000 511.91648983955383 361.39 q/s (% mem usage: 9.10, % mem avail: 90.91)
185500 513.2448332309723 361.43 q/s (% mem usage: 9.10, % mem avail: 90.91)
186000 513.9879281520844 361.88 q/s (% mem usage: 9.10, % mem avail: 90.91)
186500 515.2995798587799 361.93 q/s (% mem usage: 9.10, % mem avail: 90.91)
187000 516.1405704021454 362.30 q/s (% mem usage: 9.10, % mem avail: 90.91)
187500 517.1448159217834 362.57 q/s (% mem usage: 9.10, % mem avail: 90.91)
188000 518.5289137363434 362.56 q/s (% mem usage: 9.10, % mem avail: 90.91)
188500 519.9098107814789 362.56 q/s (% mem usage: 9.10, % mem avail: 90.90)
189000 520.7252330780029 362.96 q/s (% mem usage: 9.10, % mem avail: 90.90)
189500 521.4616234302521 363.40 q/s (% mem usage: 9.10, % mem avail: 90.90)
190000 522.8810291290283 363.37 q/s (% mem usage: 9.10, % mem avail: 90.90)
190500 523.5785648822784 363.84 q/s (% mem usage: 9.10, % mem avail: 90.90)
191000 524.5355846881866 364.13 q/s (% mem usage: 9.10, % mem avail: 90.90)
191500 526.1681437492371 363.95 q/s (% mem usage: 9.10, % mem avail: 90.90)
192000 526.6377165317535 364.58 q/s (% mem usage: 9.10, % mem avail: 90.90)
192500 527.6633961200714 364.82 q/s (% mem usage: 9.10, % mem avail: 90.90)
193000 528.9477491378784 364.88 q/s (% mem usage: 9.10, % mem avail: 90.90)
193500 529.6448187828064 365.34 q/s (% mem usage: 9.10, % mem avail: 90.90)
194000 530.5873758792877 365.63 q/s (% mem usage: 9.10, % mem avail: 90.90)
194500 531.7754399776459 365.76 q/s (% mem usage: 9.10, % mem avail: 90.90)
195000 532.6838276386261 366.07 q/s (% mem usage: 9.10, % mem avail: 90.90)
195500 533.6089768409729 366.37 q/s (% mem usage: 9.10, % mem avail: 90.90)
196000 534.9529247283936 366.39 q/s (% mem usage: 9.10, % mem avail: 90.90)
196500 535.8555729389191 366.70 q/s (% mem usage: 9.10, % mem avail: 90.90)
197000 536.6272366046906 367.11 q/s (% mem usage: 9.10, % mem avail: 90.90)
197500 537.6084420681 367.37 q/s (% mem usage: 9.10, % mem avail: 90.90)
198000 538.9049737453461 367.41 q/s (% mem usage: 9.10, % mem avail: 90.90)
198500 539.658581495285 367.83 q/s (% mem usage: 9.10, % mem avail: 90.90)
199000 540.6724848747253 368.06 q/s (% mem usage: 9.10, % mem avail: 90.90)
199500 541.5626125335693 368.38 q/s (% mem usage: 9.10, % mem avail: 90.90)
200000 542.584860086441 368.61 q/s (% mem usage: 9.10, % mem avail: 90.90)
200500 543.3867926597595 368.98 q/s (% mem usage: 9.10, % mem avail: 90.90)
201000 545.1125996112823 368.73 q/s (% mem usage: 9.10, % mem avail: 90.89)
201500 545.4802215099335 369.40 q/s (% mem usage: 9.10, % mem avail: 90.90)
202000 546.3522913455963 369.72 q/s (% mem usage: 9.10, % mem avail: 90.90)
202500 547.2819039821625 370.01 q/s (% mem usage: 9.10, % mem avail: 90.90)
203000 548.4773828983307 370.12 q/s (% mem usage: 9.10, % mem avail: 90.89)
203500 549.4957022666931 370.34 q/s (% mem usage: 9.10, % mem avail: 90.89)
204000 550.178638458252 370.79 q/s (% mem usage: 9.10, % mem avail: 90.89)
204500 551.3141474723816 370.93 q/s (% mem usage: 9.10, % mem avail: 90.89)
205000 552.4515752792358 371.07 q/s (% mem usage: 9.10, % mem avail: 90.89)
205500 554.1578016281128 370.83 q/s (% mem usage: 9.10, % mem avail: 90.89)
206000 554.5745232105255 371.46 q/s (% mem usage: 9.10, % mem avail: 90.89)
206500 555.6608011722565 371.63 q/s (% mem usage: 9.10, % mem avail: 90.89)
207000 556.6856141090393 371.84 q/s (% mem usage: 9.10, % mem avail: 90.89)
207500 557.5148055553436 372.19 q/s (% mem usage: 9.10, % mem avail: 90.89)
208000 558.3790776729584 372.51 q/s (% mem usage: 9.10, % mem avail: 90.89)
208500 559.4615197181702 372.68 q/s (% mem usage: 9.10, % mem avail: 90.89)
209000 560.3347342014313 372.99 q/s (% mem usage: 9.10, % mem avail: 90.89)
209500 561.2585315704346 373.27 q/s (% mem usage: 9.10, % mem avail: 90.89)
210000 562.0524775981903 373.63 q/s (% mem usage: 9.10, % mem avail: 90.89)
210500 562.984655380249 373.90 q/s (% mem usage: 9.10, % mem avail: 90.89)
211000 563.9785509109497 374.13 q/s (% mem usage: 9.10, % mem avail: 90.89)
211500 565.3066883087158 374.13 q/s (% mem usage: 9.10, % mem avail: 90.89)
212000 566.6094238758087 374.16 q/s (% mem usage: 9.10, % mem avail: 90.89)
212500 567.2727763652802 374.60 q/s (% mem usage: 9.10, % mem avail: 90.89)
213000 568.2853226661682 374.81 q/s (% mem usage: 9.10, % mem avail: 90.89)
213500 569.2005660533905 375.09 q/s (% mem usage: 9.10, % mem avail: 90.89)
214000 569.9888353347778 375.45 q/s (% mem usage: 9.10, % mem avail: 90.89)
214500 570.8521752357483 375.75 q/s (% mem usage: 9.10, % mem avail: 90.89)
215000 571.8048927783966 376.00 q/s (% mem usage: 9.10, % mem avail: 90.89)
215500 572.6772859096527 376.30 q/s (% mem usage: 9.10, % mem avail: 90.89)
216000 573.5045235157013 376.63 q/s (% mem usage: 9.10, % mem avail: 90.89)
216500 574.4931907653809 376.85 q/s (% mem usage: 9.10, % mem avail: 90.89)
217000 575.6007342338562 377.00 q/s (% mem usage: 9.10, % mem avail: 90.89)
217500 576.3722548484802 377.36 q/s (% mem usage: 9.10, % mem avail: 90.89)
218000 577.3329286575317 377.60 q/s (% mem usage: 9.10, % mem avail: 90.89)
218500 578.2951273918152 377.83 q/s (% mem usage: 9.10, % mem avail: 90.89)
219000 579.7012259960175 377.78 q/s (% mem usage: 9.10, % mem avail: 90.89)
219500 580.1572604179382 378.35 q/s (% mem usage: 9.10, % mem avail: 90.89)
220000 581.5695142745972 378.29 q/s (% mem usage: 9.10, % mem avail: 90.89)
220500 582.3926100730896 378.61 q/s (% mem usage: 9.10, % mem avail: 90.88)
221000 583.5441892147064 378.72 q/s (% mem usage: 9.10, % mem avail: 90.88)
221500 584.673371553421 378.84 q/s (% mem usage: 9.10, % mem avail: 90.87)
221773 588.2931976318359 376.98 q/s (% mem usage: 8.90, % mem avail: 91.05)
[32mDone[0m
[1;33mResult files:[0m
   /domus/h1/isamaru/genome-analysis/DNA_analysis/07_differential_expression/differential-expression.emapper.decorated.gff
   /domus/h1/isamaru/genome-analysis/DNA_analysis/07_differential_expression/differential-expression.emapper.hits
   /domus/h1/isamaru/genome-analysis/DNA_analysis/07_differential_expression/differential-expression.emapper.seed_orthologs
   /domus/h1/isamaru/genome-analysis/DNA_analysis/07_differential_expression/differential-expression.emapper.annotations

================================================================================
CITATION:
If you use this software, please cite:

[1] eggNOG-mapper v2: functional annotation, orthology assignments, and domain 
      prediction at the metagenomic scale. Carlos P. Cantalapiedra, 
      Ana Hernandez-Plaza, Ivica Letunic, Peer Bork, Jaime Huerta-Cepas. 2021.
      Molecular Biology and Evolution, msab293, https://doi.org/10.1093/molbev/msab293

[2] eggNOG 5.0: a hierarchical, functionally and phylogenetically annotated
      orthology resource based on 5090 organisms and 2502 viruses. Jaime
      Huerta-Cepas, Damian Szklarczyk, Davide Heller, Ana Hernandez-Plaza,
      Sofia K Forslund, Helen Cook, Daniel R Mende, Ivica Letunic, Thomas
      Rattei, Lars J Jensen, Christian von Mering and Peer Bork. Nucleic Acids
      Research, Volume 47, Issue D1, 8 January 2019, Pages D309-D314,
      https://doi.org/10.1093/nar/gky1085 

[3] Sensitive protein alignments at tree-of-life scale using DIAMOND.
       Buchfink B, Reuter K, Drost HG. 2021.
       Nature Methods 18, 366–368 (2021). https://doi.org/10.1038/s41592-021-01101-x

e.g. Functional annotation was performed using eggNOG-mapper (version emapper-2.1.9) [1]
 based on eggNOG orthology data [2]. Sequence searches were performed using [3].

================================================================================

Total hits processed: 221773
Total time: 5288 secs
FINISHED
