Lmod has detected the following error: The following module(s) are unknown:
"FastQC/0.11.9ll"

Please check the spelling or version number. Also try "module spider ..."
It is also possible your cache file is out-of-date; it may help to try:
  $ module --ignore-cache load "FastQC/0.11.9ll"

Also make sure that all modulefiles written in TCL start with the string
#%Module



Started analysis of chr3_illumina_R1.fastq.gz
Approx 5% complete for chr3_illumina_R1.fastq.gz
Approx 10% complete for chr3_illumina_R1.fastq.gz
Approx 15% complete for chr3_illumina_R1.fastq.gz
Approx 20% complete for chr3_illumina_R1.fastq.gz
Approx 25% complete for chr3_illumina_R1.fastq.gz
Approx 30% complete for chr3_illumina_R1.fastq.gz
Approx 35% complete for chr3_illumina_R1.fastq.gz
Approx 40% complete for chr3_illumina_R1.fastq.gz
Approx 45% complete for chr3_illumina_R1.fastq.gz
Approx 50% complete for chr3_illumina_R1.fastq.gz
Approx 55% complete for chr3_illumina_R1.fastq.gz
Approx 60% complete for chr3_illumina_R1.fastq.gz
Approx 65% complete for chr3_illumina_R1.fastq.gz
Approx 70% complete for chr3_illumina_R1.fastq.gz
Approx 75% complete for chr3_illumina_R1.fastq.gz
Approx 80% complete for chr3_illumina_R1.fastq.gz
Approx 85% complete for chr3_illumina_R1.fastq.gz
Approx 90% complete for chr3_illumina_R1.fastq.gz
Approx 95% complete for chr3_illumina_R1.fastq.gz
Analysis complete for chr3_illumina_R1.fastq.gz
