augustus/3.4.0 : If you see errors about not being able to write to an augustus directory, see 'module help augustus/3.4.0'
blast/2.2.31+ : the old-format NCBI blast databases are no longer updated after September 2019, use blast/2.9.0+ to search the latest NCBI databases
GeneMark/4.68-es : A recent key file is needed to use this software and it must exist in your home directory. See 'module help GeneMark/4.68-es'
GeneMark/4.68-es : A recent key file is needed to use this software and it must exist in your home directory. See 'module help GeneMark/4.68-es'
diamond_databases/latest: for a list of prebuilt databases for diamond, see 'module help diamond_databases/latest'
braker/2.1.6 : GeneMark and augustus may require some setup; see 'module help braker/2.1.6'
# Sat May 17 16:24:23 2025: Log information is stored in file /domus/h1/isamaru/genome-analysis/DNA_analysis/05_DNA_annotation/braker/braker.log
ProtHint Version 2.6.0
Copyright 2019, Georgia Institute of Technology, USA

Please cite
  - ProtHint: https://doi.org/10.1093/nargab/lqaa026
  - DIAMOND:  https://doi.org/10.1038/nmeth.3176
  - Spaln:    https://doi.org/10.1093/bioinformatics/btn460

Called from: /domus/h1/isamaru/genome-analysis/DNA_analysis/05_DNA_annotation/braker
Cmd: /sw/bioinfo/ProtHint/2.6.0/snowy/bin/prothint.py --threads=16 --geneMarkGtf /domus/h1/isamaru/genome-analysis/DNA_analysis/05_DNA_annotation/braker/GeneMark-ES/genemark.gtf /domus/h1/isamaru/genome-analysis/DNA_analysis/05_DNA_annotation/braker/genome.fa /domus/h1/isamaru/genome-analysis/DNA_analysis/05_DNA_annotation/braker/proteins.fa

[Sat May 17 16:50:57 2025] Pre-processing protein input
[Sat May 17 16:50:59 2025] Skipping GeneMark-ES, using the supplied gene seeds file instead
[Sat May 17 16:50:59 2025] Translating gene seeds to proteins
[Sat May 17 16:51:04 2025] Translation of seeds finished
[Sat May 17 16:51:04 2025] Running DIAMOND
diamond v0.9.24.125 | by Benjamin Buchfink <buchfink@gmail.com>
Licensed under the GNU GPL <https://www.gnu.org/licenses/gpl.txt>
Check http://github.com/bbuchfink/diamond for updates.

#CPU threads: 16
Scoring parameters: (Matrix=BLOSUM62 Lambda=0.267 K=0.041 Penalties=11/1)
Database file: /domus/h1/isamaru/genome-analysis/DNA_analysis/05_DNA_annotation/braker/prot914uk8t6
Opening the database file...  [0.003497s]
Loading sequences...  [0.723311s]
Masking sequences...  [2.60015s]
Writing sequences...  [0.123524s]
Hashing sequences...  [0.048164s]
Loading sequences...  [3.1e-05s]
Writing trailer...  [0.002509s]
Closing the input file...  [3.7e-05s]
Closing the database file...  [1.04164s]
Database hash = b1fd71958bcd6959070e8e6ec20b97e6
Processed 262284 sequences, 110460699 letters.
Total time = 4.54307s
diamond v0.9.24.125 | by Benjamin Buchfink <buchfink@gmail.com>
Licensed under the GNU GPL <https://www.gnu.org/licenses/gpl.txt>
Check http://github.com/bbuchfink/diamond for updates.

#CPU threads: 16
Scoring parameters: (Matrix=BLOSUM62 Lambda=0.267 K=0.041 Penalties=11/1)
Temporary directory: 
Opening the database...  [0.00117s]
#Target sequences to report alignments for: 25
Opening the input file...  [0.000591s]
Opening the output file...  [0.000717s]
Loading query sequences...  [0.014825s]
Masking queries...  [0.052692s]
Building query seed set...  [0.019316s]
Algorithm: Double-indexed
Building query histograms...  [0.005063s]
Allocating buffers...  [8.1e-05s]
Loading reference sequences...  [0.318187s]
Building reference histograms...  [0.262439s]
Allocating buffers...  [0.000151s]
Initializing temporary storage...  [0.381799s]
Processing query chunk 0, reference chunk 0, shape 0, index chunk 0.
Building reference index...  [0.296692s]
Building query index...  [0.006626s]
Building seed filter...  [0.023511s]
Searching alignments...  [0.032847s]
Processing query chunk 0, reference chunk 0, shape 0, index chunk 1.
Building reference index...  [0.301991s]
Building query index...  [0.005524s]
Building seed filter...  [0.023563s]
Searching alignments...  [0.03012s]
Processing query chunk 0, reference chunk 0, shape 0, index chunk 2.
Building reference index...  [0.291052s]
Building query index...  [0.005049s]
Building seed filter...  [0.023508s]
Searching alignments...  [0.029652s]
Processing query chunk 0, reference chunk 0, shape 0, index chunk 3.
Building reference index...  [0.250103s]
Building query index...  [0.004459s]
Building seed filter...  [0.023474s]
Searching alignments...  [0.029223s]
Processing query chunk 0, reference chunk 0, shape 1, index chunk 0.
Building reference index...  [0.249201s]
Building query index...  [0.006259s]
Building seed filter...  [0.023904s]
Searching alignments...  [0.027508s]
Processing query chunk 0, reference chunk 0, shape 1, index chunk 1.
Building reference index...  [0.272054s]
Building query index...  [0.006256s]
Building seed filter...  [0.023385s]
Searching alignments...  [0.027488s]
Processing query chunk 0, reference chunk 0, shape 1, index chunk 2.
Building reference index...  [0.285346s]
Building query index...  [0.006166s]
Building seed filter...  [0.023353s]
Searching alignments...  [0.027507s]
Processing query chunk 0, reference chunk 0, shape 1, index chunk 3.
Building reference index...  [0.249025s]
Building query index...  [0.006628s]
Building seed filter...  [0.023763s]
Searching alignments...  [0.027387s]
Deallocating buffers...  [0.025226s]
Computing alignments...  [1.68846s]
Deallocating reference...  [0.026039s]
Loading reference sequences...  [0.000462s]
Deallocating buffers...  [0.000809s]
Deallocating queries...  [0.000463s]
Loading query sequences...  [5.1e-05s]
Closing the input file...  [7.2e-05s]
Closing the output file...  [0.009425s]
Closing the database file...  [3.7e-05s]
Deallocating taxonomy...  [1.2e-05s]
Total time = 5.47515s
Reported 29377 pairwise alignments, 29377 HSPs.
1669 queries aligned.
[Sat May 17 16:51:14 2025] DIAMOND finished
[Sat May 17 16:51:14 2025] Preparing pairs for alignments
[Sat May 17 16:51:18 2025] Preparation of pairs finished
[Sat May 17 16:51:18 2025] Starting spliced alignment with spaln
[Sat May 17 16:51:18 2025] Loading alignment pairs into memory
[Sat May 17 16:51:20 2025] Pairs loaded. Number of pairs to align: 29377
[Sat May 17 16:51:20 2025] Starting the alignments
[Sat May 17 16:51:20 2025] Enqueueing pair 0/29377 (0.0%)
[Sat May 17 16:51:20 2025] Enqueueing pair 30/29377 (0.1%)
[Sat May 17 16:51:20 2025] Enqueueing pair 59/29377 (0.2%)
[Sat May 17 16:51:20 2025] Enqueueing pair 89/29377 (0.3%)
[Sat May 17 16:51:20 2025] Enqueueing pair 118/29377 (0.4%)
[Sat May 17 16:51:20 2025] Enqueueing pair 147/29377 (0.5%)
[Sat May 17 16:51:20 2025] Enqueueing pair 177/29377 (0.6%)
[Sat May 17 16:51:20 2025] Enqueueing pair 206/29377 (0.7%)
[Sat May 17 16:51:20 2025] Enqueueing pair 236/29377 (0.8%)
[Sat May 17 16:51:20 2025] Enqueueing pair 265/29377 (0.9%)
[Sat May 17 16:51:20 2025] Enqueueing pair 294/29377 (1.0%)
[Sat May 17 16:51:21 2025] Enqueueing pair 324/29377 (1.1%)
[Sat May 17 16:51:21 2025] Enqueueing pair 353/29377 (1.2%)
[Sat May 17 16:51:21 2025] Enqueueing pair 382/29377 (1.3%)
[Sat May 17 16:51:21 2025] Enqueueing pair 412/29377 (1.4%)
[Sat May 17 16:51:21 2025] Enqueueing pair 441/29377 (1.5%)
[Sat May 17 16:51:21 2025] Enqueueing pair 471/29377 (1.6%)
[Sat May 17 16:51:21 2025] Enqueueing pair 500/29377 (1.7%)
[Sat May 17 16:51:21 2025] Enqueueing pair 529/29377 (1.8%)
[Sat May 17 16:51:21 2025] Enqueueing pair 559/29377 (1.9%)
[Sat May 17 16:51:21 2025] Enqueueing pair 588/29377 (2.0%)
[Sat May 17 16:51:21 2025] Enqueueing pair 617/29377 (2.1%)
[Sat May 17 16:51:22 2025] Enqueueing pair 647/29377 (2.2%)
[Sat May 17 16:51:22 2025] Enqueueing pair 676/29377 (2.3%)
[Sat May 17 16:51:22 2025] Enqueueing pair 706/29377 (2.4%)
[Sat May 17 16:51:22 2025] Enqueueing pair 735/29377 (2.5%)
[Sat May 17 16:51:22 2025] Enqueueing pair 764/29377 (2.6%)
[Sat May 17 16:51:22 2025] Enqueueing pair 794/29377 (2.7%)
[Sat May 17 16:51:22 2025] Enqueueing pair 823/29377 (2.8%)
[Sat May 17 16:51:22 2025] Enqueueing pair 852/29377 (2.9%)
[Sat May 17 16:51:22 2025] Enqueueing pair 882/29377 (3.0%)
[Sat May 17 16:51:22 2025] Enqueueing pair 911/29377 (3.1%)
[Sat May 17 16:51:23 2025] Enqueueing pair 941/29377 (3.2%)
[Sat May 17 16:51:23 2025] Enqueueing pair 970/29377 (3.3%)
[Sat May 17 16:51:23 2025] Enqueueing pair 999/29377 (3.4%)
[Sat May 17 16:51:23 2025] Enqueueing pair 1029/29377 (3.5%)
[Sat May 17 16:51:23 2025] Enqueueing pair 1058/29377 (3.6%)
[Sat May 17 16:51:23 2025] Enqueueing pair 1087/29377 (3.7%)
[Sat May 17 16:51:23 2025] Enqueueing pair 1117/29377 (3.8%)
[Sat May 17 16:51:23 2025] Enqueueing pair 1146/29377 (3.9%)
[Sat May 17 16:51:23 2025] Enqueueing pair 1176/29377 (4.0%)
[Sat May 17 16:51:23 2025] Enqueueing pair 1205/29377 (4.1%)
[Sat May 17 16:51:23 2025] Enqueueing pair 1234/29377 (4.2%)
[Sat May 17 16:51:23 2025] Enqueueing pair 1264/29377 (4.3%)
[Sat May 17 16:51:24 2025] Enqueueing pair 1293/29377 (4.4%)
[Sat May 17 16:51:24 2025] Enqueueing pair 1322/29377 (4.5%)
[Sat May 17 16:51:24 2025] Enqueueing pair 1352/29377 (4.6%)
[Sat May 17 16:51:24 2025] Enqueueing pair 1381/29377 (4.7%)
[Sat May 17 16:51:24 2025] Enqueueing pair 1411/29377 (4.8%)
[Sat May 17 16:51:24 2025] Enqueueing pair 1440/29377 (4.9%)
[Sat May 17 16:51:24 2025] Enqueueing pair 1469/29377 (5.0%)
[Sat May 17 16:51:24 2025] Enqueueing pair 1499/29377 (5.1%)
[Sat May 17 16:51:24 2025] Enqueueing pair 1528/29377 (5.2%)
[Sat May 17 16:51:24 2025] Enqueueing pair 1557/29377 (5.3%)
[Sat May 17 16:51:25 2025] Enqueueing pair 1587/29377 (5.4%)
[Sat May 17 16:51:25 2025] Enqueueing pair 1616/29377 (5.5%)
[Sat May 17 16:51:25 2025] Enqueueing pair 1646/29377 (5.6%)
[Sat May 17 16:51:25 2025] Enqueueing pair 1675/29377 (5.7%)
[Sat May 17 16:51:25 2025] Enqueueing pair 1704/29377 (5.8%)
[Sat May 17 16:51:25 2025] Enqueueing pair 1734/29377 (5.9%)
[Sat May 17 16:51:25 2025] Enqueueing pair 1763/29377 (6.0%)
[Sat May 17 16:51:25 2025] Enqueueing pair 1792/29377 (6.1%)
[Sat May 17 16:51:26 2025] Enqueueing pair 1822/29377 (6.2%)
[Sat May 17 16:51:26 2025] Enqueueing pair 1851/29377 (6.3%)
[Sat May 17 16:51:26 2025] Enqueueing pair 1881/29377 (6.4%)
[Sat May 17 16:51:26 2025] Enqueueing pair 1910/29377 (6.5%)
[Sat May 17 16:51:26 2025] Enqueueing pair 1939/29377 (6.6%)
[Sat May 17 16:51:26 2025] Enqueueing pair 1969/29377 (6.7%)
[Sat May 17 16:51:26 2025] Enqueueing pair 1998/29377 (6.8%)
[Sat May 17 16:51:26 2025] Enqueueing pair 2028/29377 (6.9%)
[Sat May 17 16:51:26 2025] Enqueueing pair 2057/29377 (7.0%)
[Sat May 17 16:51:27 2025] Enqueueing pair 2086/29377 (7.1%)
[Sat May 17 16:51:27 2025] Enqueueing pair 2116/29377 (7.2%)
[Sat May 17 16:51:27 2025] Enqueueing pair 2145/29377 (7.3%)
[Sat May 17 16:51:27 2025] Enqueueing pair 2174/29377 (7.4%)
[Sat May 17 16:51:27 2025] Enqueueing pair 2204/29377 (7.5%)
[Sat May 17 16:51:27 2025] Enqueueing pair 2233/29377 (7.6%)
[Sat May 17 16:51:27 2025] Enqueueing pair 2263/29377 (7.7%)
[Sat May 17 16:51:27 2025] Enqueueing pair 2292/29377 (7.8%)
[Sat May 17 16:51:27 2025] Enqueueing pair 2321/29377 (7.9%)
[Sat May 17 16:51:28 2025] Enqueueing pair 2351/29377 (8.0%)
[Sat May 17 16:51:28 2025] Enqueueing pair 2380/29377 (8.1%)
[Sat May 17 16:51:28 2025] Enqueueing pair 2409/29377 (8.2%)
[Sat May 17 16:51:28 2025] Enqueueing pair 2439/29377 (8.3%)
[Sat May 17 16:51:28 2025] Enqueueing pair 2468/29377 (8.4%)
[Sat May 17 16:51:28 2025] Enqueueing pair 2498/29377 (8.5%)
[Sat May 17 16:51:28 2025] Enqueueing pair 2527/29377 (8.6%)
[Sat May 17 16:51:28 2025] Enqueueing pair 2556/29377 (8.7%)
[Sat May 17 16:51:28 2025] Enqueueing pair 2586/29377 (8.8%)
[Sat May 17 16:51:29 2025] Enqueueing pair 2615/29377 (8.9%)
[Sat May 17 16:51:29 2025] Enqueueing pair 2644/29377 (9.0%)
[Sat May 17 16:51:29 2025] Enqueueing pair 2674/29377 (9.1%)
[Sat May 17 16:51:29 2025] Enqueueing pair 2703/29377 (9.2%)
[Sat May 17 16:51:29 2025] Enqueueing pair 2733/29377 (9.3%)
[Sat May 17 16:51:29 2025] Enqueueing pair 2762/29377 (9.4%)
[Sat May 17 16:51:29 2025] Enqueueing pair 2791/29377 (9.5%)
[Sat May 17 16:51:29 2025] Enqueueing pair 2821/29377 (9.6%)
[Sat May 17 16:51:29 2025] Enqueueing pair 2850/29377 (9.7%)
[Sat May 17 16:51:30 2025] Enqueueing pair 2879/29377 (9.8%)
[Sat May 17 16:51:30 2025] Enqueueing pair 2909/29377 (9.9%)
[Sat May 17 16:51:30 2025] Enqueueing pair 2938/29377 (10.0%)
[Sat May 17 16:51:30 2025] Enqueueing pair 2968/29377 (10.1%)
[Sat May 17 16:51:30 2025] Enqueueing pair 2997/29377 (10.2%)
[Sat May 17 16:51:30 2025] Enqueueing pair 3026/29377 (10.3%)
[Sat May 17 16:51:30 2025] Enqueueing pair 3056/29377 (10.4%)
[Sat May 17 16:51:30 2025] Enqueueing pair 3085/29377 (10.5%)
[Sat May 17 16:51:30 2025] Enqueueing pair 3114/29377 (10.6%)
[Sat May 17 16:51:31 2025] Enqueueing pair 3144/29377 (10.7%)
[Sat May 17 16:51:31 2025] Enqueueing pair 3173/29377 (10.8%)
[Sat May 17 16:51:31 2025] Enqueueing pair 3203/29377 (10.9%)
[Sat May 17 16:51:31 2025] Enqueueing pair 3232/29377 (11.0%)
[Sat May 17 16:51:31 2025] Enqueueing pair 3261/29377 (11.1%)
[Sat May 17 16:51:31 2025] Enqueueing pair 3291/29377 (11.2%)
[Sat May 17 16:51:31 2025] Enqueueing pair 3320/29377 (11.3%)
[Sat May 17 16:51:31 2025] Enqueueing pair 3349/29377 (11.4%)
[Sat May 17 16:51:31 2025] Enqueueing pair 3379/29377 (11.5%)
[Sat May 17 16:51:32 2025] Enqueueing pair 3408/29377 (11.6%)
[Sat May 17 16:51:32 2025] Enqueueing pair 3438/29377 (11.7%)
[Sat May 17 16:51:32 2025] Enqueueing pair 3467/29377 (11.8%)
[Sat May 17 16:51:32 2025] Enqueueing pair 3496/29377 (11.9%)
[Sat May 17 16:51:32 2025] Enqueueing pair 3526/29377 (12.0%)
[Sat May 17 16:51:32 2025] Enqueueing pair 3555/29377 (12.1%)
[Sat May 17 16:51:32 2025] Enqueueing pair 3584/29377 (12.2%)
[Sat May 17 16:51:32 2025] Enqueueing pair 3614/29377 (12.3%)
[Sat May 17 16:51:33 2025] Enqueueing pair 3643/29377 (12.4%)
[Sat May 17 16:51:33 2025] Enqueueing pair 3673/29377 (12.5%)
[Sat May 17 16:51:33 2025] Enqueueing pair 3702/29377 (12.6%)
[Sat May 17 16:51:33 2025] Enqueueing pair 3731/29377 (12.7%)
[Sat May 17 16:51:33 2025] Enqueueing pair 3761/29377 (12.8%)
[Sat May 17 16:51:33 2025] Enqueueing pair 3790/29377 (12.9%)
[Sat May 17 16:51:33 2025] Enqueueing pair 3820/29377 (13.0%)
[Sat May 17 16:51:33 2025] Enqueueing pair 3849/29377 (13.1%)
[Sat May 17 16:51:33 2025] Enqueueing pair 3878/29377 (13.2%)
[Sat May 17 16:51:34 2025] Enqueueing pair 3908/29377 (13.3%)
[Sat May 17 16:51:34 2025] Enqueueing pair 3937/29377 (13.4%)
[Sat May 17 16:51:34 2025] Enqueueing pair 3966/29377 (13.5%)
[Sat May 17 16:51:34 2025] Enqueueing pair 3996/29377 (13.6%)
[Sat May 17 16:51:34 2025] Enqueueing pair 4025/29377 (13.7%)
[Sat May 17 16:51:34 2025] Enqueueing pair 4055/29377 (13.8%)
[Sat May 17 16:51:34 2025] Enqueueing pair 4084/29377 (13.9%)
[Sat May 17 16:51:34 2025] Enqueueing pair 4113/29377 (14.0%)
[Sat May 17 16:51:34 2025] Enqueueing pair 4143/29377 (14.1%)
[Sat May 17 16:51:34 2025] Enqueueing pair 4172/29377 (14.2%)
[Sat May 17 16:51:35 2025] Enqueueing pair 4201/29377 (14.3%)
[Sat May 17 16:51:35 2025] Enqueueing pair 4231/29377 (14.4%)
[Sat May 17 16:51:35 2025] Enqueueing pair 4260/29377 (14.5%)
[Sat May 17 16:51:35 2025] Enqueueing pair 4290/29377 (14.6%)
[Sat May 17 16:51:35 2025] Enqueueing pair 4319/29377 (14.7%)
[Sat May 17 16:51:35 2025] Enqueueing pair 4348/29377 (14.8%)
[Sat May 17 16:51:35 2025] Enqueueing pair 4378/29377 (14.9%)
[Sat May 17 16:51:35 2025] Enqueueing pair 4407/29377 (15.0%)
[Sat May 17 16:51:35 2025] Enqueueing pair 4436/29377 (15.1%)
[Sat May 17 16:51:35 2025] Enqueueing pair 4466/29377 (15.2%)
[Sat May 17 16:51:35 2025] Enqueueing pair 4495/29377 (15.3%)
[Sat May 17 16:51:36 2025] Enqueueing pair 4525/29377 (15.4%)
[Sat May 17 16:51:36 2025] Enqueueing pair 4554/29377 (15.5%)
[Sat May 17 16:51:36 2025] Enqueueing pair 4583/29377 (15.6%)
[Sat May 17 16:51:36 2025] Enqueueing pair 4613/29377 (15.7%)
[Sat May 17 16:51:36 2025] Enqueueing pair 4642/29377 (15.8%)
[Sat May 17 16:51:36 2025] Enqueueing pair 4671/29377 (15.9%)
[Sat May 17 16:51:36 2025] Enqueueing pair 4701/29377 (16.0%)
[Sat May 17 16:51:36 2025] Enqueueing pair 4730/29377 (16.1%)
[Sat May 17 16:51:36 2025] Enqueueing pair 4760/29377 (16.2%)
[Sat May 17 16:51:36 2025] Enqueueing pair 4789/29377 (16.3%)
[Sat May 17 16:51:36 2025] Enqueueing pair 4818/29377 (16.4%)
[Sat May 17 16:51:37 2025] Enqueueing pair 4848/29377 (16.5%)
[Sat May 17 16:51:37 2025] Enqueueing pair 4877/29377 (16.6%)
[Sat May 17 16:51:37 2025] Enqueueing pair 4906/29377 (16.7%)
[Sat May 17 16:51:37 2025] Enqueueing pair 4936/29377 (16.8%)
[Sat May 17 16:51:37 2025] Enqueueing pair 4965/29377 (16.9%)
[Sat May 17 16:51:37 2025] Enqueueing pair 4995/29377 (17.0%)
[Sat May 17 16:51:37 2025] Enqueueing pair 5024/29377 (17.1%)
[Sat May 17 16:51:37 2025] Enqueueing pair 5053/29377 (17.2%)
[Sat May 17 16:51:37 2025] Enqueueing pair 5083/29377 (17.3%)
[Sat May 17 16:51:38 2025] Enqueueing pair 5112/29377 (17.4%)
[Sat May 17 16:51:38 2025] Enqueueing pair 5141/29377 (17.5%)
[Sat May 17 16:51:38 2025] Enqueueing pair 5171/29377 (17.6%)
[Sat May 17 16:51:38 2025] Enqueueing pair 5200/29377 (17.7%)
[Sat May 17 16:51:38 2025] Enqueueing pair 5230/29377 (17.8%)
[Sat May 17 16:51:38 2025] Enqueueing pair 5259/29377 (17.9%)
[Sat May 17 16:51:38 2025] Enqueueing pair 5288/29377 (18.0%)
[Sat May 17 16:51:38 2025] Enqueueing pair 5318/29377 (18.1%)
[Sat May 17 16:51:38 2025] Enqueueing pair 5347/29377 (18.2%)
[Sat May 17 16:51:38 2025] Enqueueing pair 5376/29377 (18.3%)
[Sat May 17 16:51:39 2025] Enqueueing pair 5406/29377 (18.4%)
[Sat May 17 16:51:39 2025] Enqueueing pair 5435/29377 (18.5%)
[Sat May 17 16:51:39 2025] Enqueueing pair 5465/29377 (18.6%)
[Sat May 17 16:51:39 2025] Enqueueing pair 5494/29377 (18.7%)
[Sat May 17 16:51:39 2025] Enqueueing pair 5523/29377 (18.8%)
[Sat May 17 16:51:39 2025] Enqueueing pair 5553/29377 (18.9%)
[Sat May 17 16:51:39 2025] Enqueueing pair 5582/29377 (19.0%)
[Sat May 17 16:51:39 2025] Enqueueing pair 5612/29377 (19.1%)
[Sat May 17 16:51:39 2025] Enqueueing pair 5641/29377 (19.2%)
[Sat May 17 16:51:39 2025] Enqueueing pair 5670/29377 (19.3%)
[Sat May 17 16:51:39 2025] Enqueueing pair 5700/29377 (19.4%)
[Sat May 17 16:51:40 2025] Enqueueing pair 5729/29377 (19.5%)
[Sat May 17 16:51:40 2025] Enqueueing pair 5758/29377 (19.6%)
[Sat May 17 16:51:40 2025] Enqueueing pair 5788/29377 (19.7%)
[Sat May 17 16:51:40 2025] Enqueueing pair 5817/29377 (19.8%)
[Sat May 17 16:51:40 2025] Enqueueing pair 5847/29377 (19.9%)
[Sat May 17 16:51:40 2025] Enqueueing pair 5876/29377 (20.0%)
[Sat May 17 16:51:40 2025] Enqueueing pair 5905/29377 (20.1%)
[Sat May 17 16:51:40 2025] Enqueueing pair 5935/29377 (20.2%)
[Sat May 17 16:51:40 2025] Enqueueing pair 5964/29377 (20.3%)
[Sat May 17 16:51:40 2025] Enqueueing pair 5993/29377 (20.4%)
[Sat May 17 16:51:41 2025] Enqueueing pair 6023/29377 (20.5%)
[Sat May 17 16:51:41 2025] Enqueueing pair 6052/29377 (20.6%)
[Sat May 17 16:51:41 2025] Enqueueing pair 6082/29377 (20.7%)
[Sat May 17 16:51:42 2025] Enqueueing pair 6111/29377 (20.8%)
[Sat May 17 16:51:42 2025] Enqueueing pair 6140/29377 (20.9%)
[Sat May 17 16:51:42 2025] Enqueueing pair 6170/29377 (21.0%)
[Sat May 17 16:51:42 2025] Enqueueing pair 6199/29377 (21.1%)
[Sat May 17 16:51:44 2025] Enqueueing pair 6228/29377 (21.2%)
[Sat May 17 16:51:44 2025] Enqueueing pair 6258/29377 (21.3%)
[Sat May 17 16:51:44 2025] Enqueueing pair 6287/29377 (21.4%)
[Sat May 17 16:51:46 2025] Enqueueing pair 6317/29377 (21.5%)
[Sat May 17 16:51:46 2025] Enqueueing pair 6346/29377 (21.6%)
[Sat May 17 16:51:46 2025] Enqueueing pair 6375/29377 (21.7%)
[Sat May 17 16:51:46 2025] Enqueueing pair 6405/29377 (21.8%)
[Sat May 17 16:51:46 2025] Enqueueing pair 6434/29377 (21.9%)
[Sat May 17 16:51:46 2025] Enqueueing pair 6463/29377 (22.0%)
[Sat May 17 16:51:46 2025] Enqueueing pair 6493/29377 (22.1%)
[Sat May 17 16:51:47 2025] Enqueueing pair 6522/29377 (22.2%)
[Sat May 17 16:51:47 2025] Enqueueing pair 6552/29377 (22.3%)
[Sat May 17 16:51:47 2025] Enqueueing pair 6581/29377 (22.4%)
[Sat May 17 16:51:48 2025] Enqueueing pair 6610/29377 (22.5%)
[Sat May 17 16:51:48 2025] Enqueueing pair 6640/29377 (22.6%)
[Sat May 17 16:51:49 2025] Enqueueing pair 6669/29377 (22.7%)
[Sat May 17 16:51:49 2025] Enqueueing pair 6698/29377 (22.8%)
[Sat May 17 16:51:50 2025] Enqueueing pair 6728/29377 (22.9%)
[Sat May 17 16:51:50 2025] Enqueueing pair 6757/29377 (23.0%)
[Sat May 17 16:51:50 2025] Enqueueing pair 6787/29377 (23.1%)
[Sat May 17 16:51:50 2025] Enqueueing pair 6816/29377 (23.2%)
[Sat May 17 16:51:50 2025] Enqueueing pair 6845/29377 (23.3%)
[Sat May 17 16:51:50 2025] Enqueueing pair 6875/29377 (23.4%)
[Sat May 17 16:51:51 2025] Enqueueing pair 6904/29377 (23.5%)
[Sat May 17 16:51:51 2025] Enqueueing pair 6933/29377 (23.6%)
[Sat May 17 16:51:51 2025] Enqueueing pair 6963/29377 (23.7%)
[Sat May 17 16:51:51 2025] Enqueueing pair 6992/29377 (23.8%)
[Sat May 17 16:51:51 2025] Enqueueing pair 7022/29377 (23.9%)
[Sat May 17 16:51:51 2025] Enqueueing pair 7051/29377 (24.0%)
[Sat May 17 16:51:52 2025] Enqueueing pair 7080/29377 (24.1%)
[Sat May 17 16:51:53 2025] Enqueueing pair 7110/29377 (24.2%)
[Sat May 17 16:51:53 2025] Enqueueing pair 7139/29377 (24.3%)
[Sat May 17 16:51:53 2025] Enqueueing pair 7168/29377 (24.4%)
[Sat May 17 16:51:53 2025] Enqueueing pair 7198/29377 (24.5%)
[Sat May 17 16:51:53 2025] Enqueueing pair 7227/29377 (24.6%)
[Sat May 17 16:51:54 2025] Enqueueing pair 7257/29377 (24.7%)
[Sat May 17 16:51:54 2025] Enqueueing pair 7286/29377 (24.8%)
[Sat May 17 16:51:54 2025] Enqueueing pair 7315/29377 (24.9%)
[Sat May 17 16:51:54 2025] Enqueueing pair 7345/29377 (25.0%)
[Sat May 17 16:51:54 2025] Enqueueing pair 7374/29377 (25.1%)
[Sat May 17 16:51:54 2025] Enqueueing pair 7404/29377 (25.2%)
[Sat May 17 16:51:54 2025] Enqueueing pair 7433/29377 (25.3%)
[Sat May 17 16:51:54 2025] Enqueueing pair 7462/29377 (25.4%)
[Sat May 17 16:51:55 2025] Enqueueing pair 7492/29377 (25.5%)
[Sat May 17 16:51:56 2025] Enqueueing pair 7521/29377 (25.6%)
[Sat May 17 16:51:56 2025] Enqueueing pair 7550/29377 (25.7%)
[Sat May 17 16:51:56 2025] Enqueueing pair 7580/29377 (25.8%)
[Sat May 17 16:51:57 2025] Enqueueing pair 7609/29377 (25.9%)
[Sat May 17 16:51:57 2025] Enqueueing pair 7639/29377 (26.0%)
[Sat May 17 16:51:57 2025] Enqueueing pair 7668/29377 (26.1%)
[Sat May 17 16:51:57 2025] Enqueueing pair 7697/29377 (26.2%)
[Sat May 17 16:51:57 2025] Enqueueing pair 7727/29377 (26.3%)
[Sat May 17 16:51:57 2025] Enqueueing pair 7756/29377 (26.4%)
[Sat May 17 16:51:57 2025] Enqueueing pair 7785/29377 (26.5%)
[Sat May 17 16:51:58 2025] Enqueueing pair 7815/29377 (26.6%)
[Sat May 17 16:51:58 2025] Enqueueing pair 7844/29377 (26.7%)
[Sat May 17 16:51:58 2025] Enqueueing pair 7874/29377 (26.8%)
[Sat May 17 16:51:59 2025] Enqueueing pair 7903/29377 (26.9%)
[Sat May 17 16:51:59 2025] Enqueueing pair 7932/29377 (27.0%)
[Sat May 17 16:51:59 2025] Enqueueing pair 7962/29377 (27.1%)
[Sat May 17 16:51:59 2025] Enqueueing pair 7991/29377 (27.2%)
[Sat May 17 16:52:01 2025] Enqueueing pair 8020/29377 (27.3%)
[Sat May 17 16:52:01 2025] Enqueueing pair 8050/29377 (27.4%)
[Sat May 17 16:52:01 2025] Enqueueing pair 8079/29377 (27.5%)
[Sat May 17 16:52:02 2025] Enqueueing pair 8109/29377 (27.6%)
[Sat May 17 16:52:02 2025] Enqueueing pair 8138/29377 (27.7%)
[Sat May 17 16:52:02 2025] Enqueueing pair 8167/29377 (27.8%)
[Sat May 17 16:52:02 2025] Enqueueing pair 8197/29377 (27.9%)
[Sat May 17 16:52:02 2025] Enqueueing pair 8226/29377 (28.0%)
[Sat May 17 16:52:02 2025] Enqueueing pair 8255/29377 (28.1%)
[Sat May 17 16:52:02 2025] Enqueueing pair 8285/29377 (28.2%)
[Sat May 17 16:52:03 2025] Enqueueing pair 8314/29377 (28.3%)
[Sat May 17 16:52:03 2025] Enqueueing pair 8344/29377 (28.4%)
[Sat May 17 16:52:03 2025] Enqueueing pair 8373/29377 (28.5%)
[Sat May 17 16:52:06 2025] Enqueueing pair 8402/29377 (28.6%)
[Sat May 17 16:52:06 2025] Enqueueing pair 8432/29377 (28.7%)
[Sat May 17 16:52:06 2025] Enqueueing pair 8461/29377 (28.8%)
[Sat May 17 16:52:06 2025] Enqueueing pair 8490/29377 (28.9%)
[Sat May 17 16:52:07 2025] Enqueueing pair 8520/29377 (29.0%)
[Sat May 17 16:52:07 2025] Enqueueing pair 8549/29377 (29.1%)
[Sat May 17 16:52:07 2025] Enqueueing pair 8579/29377 (29.2%)
[Sat May 17 16:52:08 2025] Enqueueing pair 8608/29377 (29.3%)
[Sat May 17 16:52:08 2025] Enqueueing pair 8637/29377 (29.4%)
[Sat May 17 16:52:08 2025] Enqueueing pair 8667/29377 (29.5%)
[Sat May 17 16:52:08 2025] Enqueueing pair 8696/29377 (29.6%)
[Sat May 17 16:52:10 2025] Enqueueing pair 8725/29377 (29.7%)
[Sat May 17 16:52:10 2025] Enqueueing pair 8755/29377 (29.8%)
[Sat May 17 16:52:10 2025] Enqueueing pair 8784/29377 (29.9%)
[Sat May 17 16:52:10 2025] Enqueueing pair 8814/29377 (30.0%)
[Sat May 17 16:52:10 2025] Enqueueing pair 8843/29377 (30.1%)
[Sat May 17 16:52:10 2025] Enqueueing pair 8872/29377 (30.2%)
[Sat May 17 16:52:11 2025] Enqueueing pair 8902/29377 (30.3%)
[Sat May 17 16:52:11 2025] Enqueueing pair 8931/29377 (30.4%)
[Sat May 17 16:52:11 2025] Enqueueing pair 8960/29377 (30.5%)
[Sat May 17 16:52:11 2025] Enqueueing pair 8990/29377 (30.6%)
[Sat May 17 16:52:11 2025] Enqueueing pair 9019/29377 (30.7%)
[Sat May 17 16:52:11 2025] Enqueueing pair 9049/29377 (30.8%)
[Sat May 17 16:52:11 2025] Enqueueing pair 9078/29377 (30.9%)
[Sat May 17 16:52:11 2025] Enqueueing pair 9107/29377 (31.0%)
[Sat May 17 16:52:11 2025] Enqueueing pair 9137/29377 (31.1%)
[Sat May 17 16:52:11 2025] Enqueueing pair 9166/29377 (31.2%)
[Sat May 17 16:52:12 2025] Enqueueing pair 9196/29377 (31.3%)
[Sat May 17 16:52:12 2025] Enqueueing pair 9225/29377 (31.4%)
[Sat May 17 16:52:12 2025] Enqueueing pair 9254/29377 (31.5%)
[Sat May 17 16:52:12 2025] Enqueueing pair 9284/29377 (31.6%)
[Sat May 17 16:52:12 2025] Enqueueing pair 9313/29377 (31.7%)
[Sat May 17 16:52:12 2025] Enqueueing pair 9342/29377 (31.8%)
[Sat May 17 16:52:12 2025] Enqueueing pair 9372/29377 (31.9%)
[Sat May 17 16:52:13 2025] Enqueueing pair 9401/29377 (32.0%)
[Sat May 17 16:52:13 2025] Enqueueing pair 9431/29377 (32.1%)
[Sat May 17 16:52:13 2025] Enqueueing pair 9460/29377 (32.2%)
[Sat May 17 16:52:14 2025] Enqueueing pair 9489/29377 (32.3%)
[Sat May 17 16:52:14 2025] Enqueueing pair 9519/29377 (32.4%)
[Sat May 17 16:52:14 2025] Enqueueing pair 9548/29377 (32.5%)
[Sat May 17 16:52:14 2025] Enqueueing pair 9577/29377 (32.6%)
[Sat May 17 16:52:15 2025] Enqueueing pair 9607/29377 (32.7%)
[Sat May 17 16:52:15 2025] Enqueueing pair 9636/29377 (32.8%)
[Sat May 17 16:52:15 2025] Enqueueing pair 9666/29377 (32.9%)
[Sat May 17 16:52:15 2025] Enqueueing pair 9695/29377 (33.0%)
[Sat May 17 16:52:17 2025] Enqueueing pair 9724/29377 (33.1%)
[Sat May 17 16:52:17 2025] Enqueueing pair 9754/29377 (33.2%)
[Sat May 17 16:52:17 2025] Enqueueing pair 9783/29377 (33.3%)
[Sat May 17 16:52:19 2025] Enqueueing pair 9812/29377 (33.4%)
[Sat May 17 16:52:19 2025] Enqueueing pair 9842/29377 (33.5%)
[Sat May 17 16:52:19 2025] Enqueueing pair 9871/29377 (33.6%)
[Sat May 17 16:52:19 2025] Enqueueing pair 9901/29377 (33.7%)
[Sat May 17 16:52:19 2025] Enqueueing pair 9930/29377 (33.8%)
[Sat May 17 16:52:19 2025] Enqueueing pair 9959/29377 (33.9%)
[Sat May 17 16:52:20 2025] Enqueueing pair 9989/29377 (34.0%)
[Sat May 17 16:52:21 2025] Enqueueing pair 10018/29377 (34.1%)
[Sat May 17 16:52:21 2025] Enqueueing pair 10047/29377 (34.2%)
[Sat May 17 16:52:21 2025] Enqueueing pair 10077/29377 (34.3%)
[Sat May 17 16:52:21 2025] Enqueueing pair 10106/29377 (34.4%)
[Sat May 17 16:52:21 2025] Enqueueing pair 10136/29377 (34.5%)
[Sat May 17 16:52:21 2025] Enqueueing pair 10165/29377 (34.6%)
[Sat May 17 16:52:22 2025] Enqueueing pair 10194/29377 (34.7%)
[Sat May 17 16:52:22 2025] Enqueueing pair 10224/29377 (34.8%)
[Sat May 17 16:52:22 2025] Enqueueing pair 10253/29377 (34.9%)
[Sat May 17 16:52:22 2025] Enqueueing pair 10282/29377 (35.0%)
[Sat May 17 16:52:22 2025] Enqueueing pair 10312/29377 (35.1%)
[Sat May 17 16:52:22 2025] Enqueueing pair 10341/29377 (35.2%)
[Sat May 17 16:52:23 2025] Enqueueing pair 10371/29377 (35.3%)
[Sat May 17 16:52:23 2025] Enqueueing pair 10400/29377 (35.4%)
[Sat May 17 16:52:24 2025] Enqueueing pair 10429/29377 (35.5%)
[Sat May 17 16:52:24 2025] Enqueueing pair 10459/29377 (35.6%)
[Sat May 17 16:52:24 2025] Enqueueing pair 10488/29377 (35.7%)
[Sat May 17 16:52:24 2025] Enqueueing pair 10517/29377 (35.8%)
[Sat May 17 16:52:24 2025] Enqueueing pair 10547/29377 (35.9%)
[Sat May 17 16:52:24 2025] Enqueueing pair 10576/29377 (36.0%)
[Sat May 17 16:52:24 2025] Enqueueing pair 10606/29377 (36.1%)
[Sat May 17 16:52:24 2025] Enqueueing pair 10635/29377 (36.2%)
[Sat May 17 16:52:24 2025] Enqueueing pair 10664/29377 (36.3%)
[Sat May 17 16:52:24 2025] Enqueueing pair 10694/29377 (36.4%)
[Sat May 17 16:52:24 2025] Enqueueing pair 10723/29377 (36.5%)
[Sat May 17 16:52:25 2025] Enqueueing pair 10752/29377 (36.6%)
[Sat May 17 16:52:25 2025] Enqueueing pair 10782/29377 (36.7%)
[Sat May 17 16:52:25 2025] Enqueueing pair 10811/29377 (36.8%)
[Sat May 17 16:52:26 2025] Enqueueing pair 10841/29377 (36.9%)
[Sat May 17 16:52:26 2025] Enqueueing pair 10870/29377 (37.0%)
[Sat May 17 16:52:26 2025] Enqueueing pair 10899/29377 (37.1%)
[Sat May 17 16:52:26 2025] Enqueueing pair 10929/29377 (37.2%)
[Sat May 17 16:52:26 2025] Enqueueing pair 10958/29377 (37.3%)
[Sat May 17 16:52:26 2025] Enqueueing pair 10987/29377 (37.4%)
[Sat May 17 16:52:26 2025] Enqueueing pair 11017/29377 (37.5%)
[Sat May 17 16:52:26 2025] Enqueueing pair 11046/29377 (37.6%)
[Sat May 17 16:52:26 2025] Enqueueing pair 11076/29377 (37.7%)
[Sat May 17 16:52:28 2025] Enqueueing pair 11105/29377 (37.8%)
[Sat May 17 16:52:28 2025] Enqueueing pair 11134/29377 (37.9%)
[Sat May 17 16:52:28 2025] Enqueueing pair 11164/29377 (38.0%)
[Sat May 17 16:52:29 2025] Enqueueing pair 11193/29377 (38.1%)
[Sat May 17 16:52:30 2025] Enqueueing pair 11223/29377 (38.2%)
[Sat May 17 16:52:30 2025] Enqueueing pair 11252/29377 (38.3%)
[Sat May 17 16:52:30 2025] Enqueueing pair 11281/29377 (38.4%)
[Sat May 17 16:52:30 2025] Enqueueing pair 11311/29377 (38.5%)
[Sat May 17 16:52:30 2025] Enqueueing pair 11340/29377 (38.6%)
[Sat May 17 16:52:30 2025] Enqueueing pair 11369/29377 (38.7%)
[Sat May 17 16:52:30 2025] Enqueueing pair 11399/29377 (38.8%)
[Sat May 17 16:52:33 2025] Enqueueing pair 11428/29377 (38.9%)
[Sat May 17 16:52:33 2025] Enqueueing pair 11458/29377 (39.0%)
[Sat May 17 16:52:33 2025] Enqueueing pair 11487/29377 (39.1%)
[Sat May 17 16:52:35 2025] Enqueueing pair 11516/29377 (39.2%)
[Sat May 17 16:52:35 2025] Enqueueing pair 11546/29377 (39.3%)
[Sat May 17 16:52:35 2025] Enqueueing pair 11575/29377 (39.4%)
[Sat May 17 16:52:35 2025] Enqueueing pair 11604/29377 (39.5%)
[Sat May 17 16:52:35 2025] Enqueueing pair 11634/29377 (39.6%)
[Sat May 17 16:52:35 2025] Enqueueing pair 11663/29377 (39.7%)
[Sat May 17 16:52:35 2025] Enqueueing pair 11693/29377 (39.8%)
[Sat May 17 16:52:35 2025] Enqueueing pair 11722/29377 (39.9%)
[Sat May 17 16:52:35 2025] Enqueueing pair 11751/29377 (40.0%)
[Sat May 17 16:52:35 2025] Enqueueing pair 11781/29377 (40.1%)
[Sat May 17 16:52:36 2025] Enqueueing pair 11810/29377 (40.2%)
[Sat May 17 16:52:36 2025] Enqueueing pair 11839/29377 (40.3%)
[Sat May 17 16:52:36 2025] Enqueueing pair 11869/29377 (40.4%)
[Sat May 17 16:52:36 2025] Enqueueing pair 11898/29377 (40.5%)
[Sat May 17 16:52:36 2025] Enqueueing pair 11928/29377 (40.6%)
[Sat May 17 16:52:37 2025] Enqueueing pair 11957/29377 (40.7%)
[Sat May 17 16:52:37 2025] Enqueueing pair 11986/29377 (40.8%)
[Sat May 17 16:52:39 2025] Enqueueing pair 12016/29377 (40.9%)
[Sat May 17 16:52:39 2025] Enqueueing pair 12045/29377 (41.0%)
[Sat May 17 16:52:39 2025] Enqueueing pair 12074/29377 (41.1%)
[Sat May 17 16:52:39 2025] Enqueueing pair 12104/29377 (41.2%)
[Sat May 17 16:52:39 2025] Enqueueing pair 12133/29377 (41.3%)
[Sat May 17 16:52:39 2025] Enqueueing pair 12163/29377 (41.4%)
[Sat May 17 16:52:39 2025] Enqueueing pair 12192/29377 (41.5%)
[Sat May 17 16:52:40 2025] Enqueueing pair 12221/29377 (41.6%)
[Sat May 17 16:52:40 2025] Enqueueing pair 12251/29377 (41.7%)
[Sat May 17 16:52:40 2025] Enqueueing pair 12280/29377 (41.8%)
[Sat May 17 16:52:41 2025] Enqueueing pair 12309/29377 (41.9%)
[Sat May 17 16:52:41 2025] Enqueueing pair 12339/29377 (42.0%)
[Sat May 17 16:52:41 2025] Enqueueing pair 12368/29377 (42.1%)
[Sat May 17 16:52:41 2025] Enqueueing pair 12398/29377 (42.2%)
[Sat May 17 16:52:42 2025] Enqueueing pair 12427/29377 (42.3%)
[Sat May 17 16:52:42 2025] Enqueueing pair 12456/29377 (42.4%)
[Sat May 17 16:52:42 2025] Enqueueing pair 12486/29377 (42.5%)
[Sat May 17 16:52:43 2025] Enqueueing pair 12515/29377 (42.6%)
[Sat May 17 16:52:43 2025] Enqueueing pair 12544/29377 (42.7%)
[Sat May 17 16:52:43 2025] Enqueueing pair 12574/29377 (42.8%)
[Sat May 17 16:52:45 2025] Enqueueing pair 12603/29377 (42.9%)
[Sat May 17 16:52:46 2025] Enqueueing pair 12633/29377 (43.0%)
[Sat May 17 16:52:46 2025] Enqueueing pair 12662/29377 (43.1%)
[Sat May 17 16:52:46 2025] Enqueueing pair 12691/29377 (43.2%)
[Sat May 17 16:52:46 2025] Enqueueing pair 12721/29377 (43.3%)
[Sat May 17 16:52:46 2025] Enqueueing pair 12750/29377 (43.4%)
[Sat May 17 16:52:46 2025] Enqueueing pair 12779/29377 (43.5%)
[Sat May 17 16:52:47 2025] Enqueueing pair 12809/29377 (43.6%). Est. time left: 00:01:53 (hh:mm:ss)
[Sat May 17 16:52:47 2025] Enqueueing pair 12838/29377 (43.7%). Est. time left: 00:01:53 (hh:mm:ss)
[Sat May 17 16:52:47 2025] Enqueueing pair 12868/29377 (43.8%). Est. time left: 00:01:52 (hh:mm:ss)
[Sat May 17 16:52:47 2025] Enqueueing pair 12897/29377 (43.9%). Est. time left: 00:01:52 (hh:mm:ss)
[Sat May 17 16:52:48 2025] Enqueueing pair 12926/29377 (44.0%). Est. time left: 00:01:53 (hh:mm:ss)
[Sat May 17 16:52:48 2025] Enqueueing pair 12956/29377 (44.1%). Est. time left: 00:01:52 (hh:mm:ss)
[Sat May 17 16:52:48 2025] Enqueueing pair 12985/29377 (44.2%). Est. time left: 00:01:52 (hh:mm:ss)
[Sat May 17 16:52:48 2025] Enqueueing pair 13015/29377 (44.3%). Est. time left: 00:01:51 (hh:mm:ss)
[Sat May 17 16:52:48 2025] Enqueueing pair 13044/29377 (44.4%). Est. time left: 00:01:51 (hh:mm:ss)
[Sat May 17 16:52:48 2025] Enqueueing pair 13073/29377 (44.5%). Est. time left: 00:01:50 (hh:mm:ss)
[Sat May 17 16:52:50 2025] Enqueueing pair 13103/29377 (44.6%). Est. time left: 00:01:52 (hh:mm:ss)
[Sat May 17 16:52:50 2025] Enqueueing pair 13132/29377 (44.7%). Est. time left: 00:01:52 (hh:mm:ss)
[Sat May 17 16:52:50 2025] Enqueueing pair 13161/29377 (44.8%). Est. time left: 00:01:51 (hh:mm:ss)
[Sat May 17 16:52:50 2025] Enqueueing pair 13191/29377 (44.9%). Est. time left: 00:01:51 (hh:mm:ss)
[Sat May 17 16:52:51 2025] Enqueueing pair 13220/29377 (45.0%). Est. time left: 00:01:52 (hh:mm:ss)
[Sat May 17 16:52:51 2025] Enqueueing pair 13250/29377 (45.1%). Est. time left: 00:01:51 (hh:mm:ss)
[Sat May 17 16:52:51 2025] Enqueueing pair 13279/29377 (45.2%). Est. time left: 00:01:51 (hh:mm:ss)
[Sat May 17 16:52:52 2025] Enqueueing pair 13308/29377 (45.3%). Est. time left: 00:01:52 (hh:mm:ss)
[Sat May 17 16:52:52 2025] Enqueueing pair 13338/29377 (45.4%). Est. time left: 00:01:51 (hh:mm:ss)
[Sat May 17 16:52:52 2025] Enqueueing pair 13367/29377 (45.5%). Est. time left: 00:01:51 (hh:mm:ss)
[Sat May 17 16:52:52 2025] Enqueueing pair 13396/29377 (45.6%). Est. time left: 00:01:50 (hh:mm:ss)
[Sat May 17 16:52:52 2025] Enqueueing pair 13426/29377 (45.7%). Est. time left: 00:01:50 (hh:mm:ss)
[Sat May 17 16:52:52 2025] Enqueueing pair 13455/29377 (45.8%). Est. time left: 00:01:49 (hh:mm:ss)
[Sat May 17 16:52:52 2025] Enqueueing pair 13485/29377 (45.9%). Est. time left: 00:01:49 (hh:mm:ss)
[Sat May 17 16:52:52 2025] Enqueueing pair 13514/29377 (46.0%). Est. time left: 00:01:49 (hh:mm:ss)
[Sat May 17 16:52:53 2025] Enqueueing pair 13543/29377 (46.1%). Est. time left: 00:01:49 (hh:mm:ss)
[Sat May 17 16:52:53 2025] Enqueueing pair 13573/29377 (46.2%). Est. time left: 00:01:49 (hh:mm:ss)
[Sat May 17 16:52:53 2025] Enqueueing pair 13602/29377 (46.3%). Est. time left: 00:01:48 (hh:mm:ss)
[Sat May 17 16:52:53 2025] Enqueueing pair 13631/29377 (46.4%). Est. time left: 00:01:48 (hh:mm:ss)
[Sat May 17 16:52:53 2025] Enqueueing pair 13661/29377 (46.5%). Est. time left: 00:01:48 (hh:mm:ss)
[Sat May 17 16:52:53 2025] Enqueueing pair 13690/29377 (46.6%). Est. time left: 00:01:47 (hh:mm:ss)
[Sat May 17 16:52:53 2025] Enqueueing pair 13720/29377 (46.7%). Est. time left: 00:01:47 (hh:mm:ss)
[Sat May 17 16:52:53 2025] Enqueueing pair 13749/29377 (46.8%). Est. time left: 00:01:46 (hh:mm:ss)
[Sat May 17 16:52:54 2025] Enqueueing pair 13778/29377 (46.9%). Est. time left: 00:01:47 (hh:mm:ss)
[Sat May 17 16:52:54 2025] Enqueueing pair 13808/29377 (47.0%). Est. time left: 00:01:47 (hh:mm:ss)
[Sat May 17 16:52:54 2025] Enqueueing pair 13837/29377 (47.1%). Est. time left: 00:01:46 (hh:mm:ss)
[Sat May 17 16:52:54 2025] Enqueueing pair 13866/29377 (47.2%). Est. time left: 00:01:46 (hh:mm:ss)
[Sat May 17 16:52:54 2025] Enqueueing pair 13896/29377 (47.3%). Est. time left: 00:01:45 (hh:mm:ss)
[Sat May 17 16:52:55 2025] Enqueueing pair 13925/29377 (47.4%). Est. time left: 00:01:46 (hh:mm:ss)
[Sat May 17 16:52:56 2025] Enqueueing pair 13955/29377 (47.5%). Est. time left: 00:01:47 (hh:mm:ss)
[Sat May 17 16:52:56 2025] Enqueueing pair 13984/29377 (47.6%). Est. time left: 00:01:46 (hh:mm:ss)
[Sat May 17 16:52:59 2025] Enqueueing pair 14013/29377 (47.7%). Est. time left: 00:01:49 (hh:mm:ss)
[Sat May 17 16:52:59 2025] Enqueueing pair 14043/29377 (47.8%). Est. time left: 00:01:49 (hh:mm:ss)
[Sat May 17 16:52:59 2025] Enqueueing pair 14072/29377 (47.9%). Est. time left: 00:01:48 (hh:mm:ss)
[Sat May 17 16:53:00 2025] Enqueueing pair 14101/29377 (48.0%). Est. time left: 00:01:49 (hh:mm:ss)
[Sat May 17 16:53:00 2025] Enqueueing pair 14131/29377 (48.1%). Est. time left: 00:01:48 (hh:mm:ss)
[Sat May 17 16:53:00 2025] Enqueueing pair 14160/29377 (48.2%). Est. time left: 00:01:48 (hh:mm:ss)
[Sat May 17 16:53:00 2025] Enqueueing pair 14190/29377 (48.3%). Est. time left: 00:01:48 (hh:mm:ss)
[Sat May 17 16:53:00 2025] Enqueueing pair 14219/29377 (48.4%). Est. time left: 00:01:47 (hh:mm:ss)
[Sat May 17 16:53:01 2025] Enqueueing pair 14248/29377 (48.5%). Est. time left: 00:01:48 (hh:mm:ss)
[Sat May 17 16:53:01 2025] Enqueueing pair 14278/29377 (48.6%). Est. time left: 00:01:47 (hh:mm:ss)
[Sat May 17 16:53:01 2025] Enqueueing pair 14307/29377 (48.7%). Est. time left: 00:01:47 (hh:mm:ss)
[Sat May 17 16:53:01 2025] Enqueueing pair 14336/29377 (48.8%). Est. time left: 00:01:46 (hh:mm:ss)
[Sat May 17 16:53:01 2025] Enqueueing pair 14366/29377 (48.9%). Est. time left: 00:01:46 (hh:mm:ss)
[Sat May 17 16:53:01 2025] Enqueueing pair 14395/29377 (49.0%). Est. time left: 00:01:46 (hh:mm:ss)
[Sat May 17 16:53:01 2025] Enqueueing pair 14425/29377 (49.1%). Est. time left: 00:01:45 (hh:mm:ss)
[Sat May 17 16:53:01 2025] Enqueueing pair 14454/29377 (49.2%). Est. time left: 00:01:45 (hh:mm:ss)
[Sat May 17 16:53:02 2025] Enqueueing pair 14483/29377 (49.3%). Est. time left: 00:01:45 (hh:mm:ss)
[Sat May 17 16:53:02 2025] Enqueueing pair 14513/29377 (49.4%). Est. time left: 00:01:45 (hh:mm:ss)
[Sat May 17 16:53:02 2025] Enqueueing pair 14542/29377 (49.5%). Est. time left: 00:01:45 (hh:mm:ss)
[Sat May 17 16:53:02 2025] Enqueueing pair 14571/29377 (49.6%). Est. time left: 00:01:44 (hh:mm:ss)
[Sat May 17 16:53:02 2025] Enqueueing pair 14601/29377 (49.7%). Est. time left: 00:01:44 (hh:mm:ss)
[Sat May 17 16:53:03 2025] Enqueueing pair 14630/29377 (49.8%). Est. time left: 00:01:44 (hh:mm:ss)
[Sat May 17 16:53:03 2025] Enqueueing pair 14660/29377 (49.9%). Est. time left: 00:01:44 (hh:mm:ss)
[Sat May 17 16:53:03 2025] Enqueueing pair 14689/29377 (50.0%). Est. time left: 00:01:44 (hh:mm:ss)
[Sat May 17 16:53:03 2025] Enqueueing pair 14718/29377 (50.1%). Est. time left: 00:01:43 (hh:mm:ss)
[Sat May 17 16:53:03 2025] Enqueueing pair 14748/29377 (50.2%). Est. time left: 00:01:43 (hh:mm:ss)
[Sat May 17 16:53:03 2025] Enqueueing pair 14777/29377 (50.3%). Est. time left: 00:01:42 (hh:mm:ss)
[Sat May 17 16:53:04 2025] Enqueueing pair 14807/29377 (50.4%). Est. time left: 00:01:43 (hh:mm:ss)
[Sat May 17 16:53:04 2025] Enqueueing pair 14836/29377 (50.5%). Est. time left: 00:01:42 (hh:mm:ss)
[Sat May 17 16:53:04 2025] Enqueueing pair 14865/29377 (50.6%). Est. time left: 00:01:42 (hh:mm:ss)
[Sat May 17 16:53:04 2025] Enqueueing pair 14895/29377 (50.7%). Est. time left: 00:01:42 (hh:mm:ss)
[Sat May 17 16:53:05 2025] Enqueueing pair 14924/29377 (50.8%). Est. time left: 00:01:42 (hh:mm:ss)
[Sat May 17 16:53:05 2025] Enqueueing pair 14953/29377 (50.9%). Est. time left: 00:01:42 (hh:mm:ss)
[Sat May 17 16:53:05 2025] Enqueueing pair 14983/29377 (51.0%). Est. time left: 00:01:41 (hh:mm:ss)
[Sat May 17 16:53:06 2025] Enqueueing pair 15012/29377 (51.1%). Est. time left: 00:01:42 (hh:mm:ss)
[Sat May 17 16:53:06 2025] Enqueueing pair 15042/29377 (51.2%). Est. time left: 00:01:42 (hh:mm:ss)
[Sat May 17 16:53:06 2025] Enqueueing pair 15071/29377 (51.3%). Est. time left: 00:01:41 (hh:mm:ss)
[Sat May 17 16:53:06 2025] Enqueueing pair 15100/29377 (51.4%). Est. time left: 00:01:41 (hh:mm:ss)
[Sat May 17 16:53:07 2025] Enqueueing pair 15130/29377 (51.5%). Est. time left: 00:01:41 (hh:mm:ss)
[Sat May 17 16:53:07 2025] Enqueueing pair 15159/29377 (51.6%). Est. time left: 00:01:41 (hh:mm:ss)
[Sat May 17 16:53:07 2025] Enqueueing pair 15188/29377 (51.7%). Est. time left: 00:01:40 (hh:mm:ss)
[Sat May 17 16:53:08 2025] Enqueueing pair 15218/29377 (51.8%). Est. time left: 00:01:41 (hh:mm:ss)
[Sat May 17 16:53:08 2025] Enqueueing pair 15247/29377 (51.9%). Est. time left: 00:01:41 (hh:mm:ss)
[Sat May 17 16:53:08 2025] Enqueueing pair 15277/29377 (52.0%). Est. time left: 00:01:40 (hh:mm:ss)
[Sat May 17 16:53:09 2025] Enqueueing pair 15306/29377 (52.1%). Est. time left: 00:01:41 (hh:mm:ss)
[Sat May 17 16:53:09 2025] Enqueueing pair 15335/29377 (52.2%). Est. time left: 00:01:40 (hh:mm:ss)
[Sat May 17 16:53:09 2025] Enqueueing pair 15365/29377 (52.3%). Est. time left: 00:01:40 (hh:mm:ss)
[Sat May 17 16:53:09 2025] Enqueueing pair 15394/29377 (52.4%). Est. time left: 00:01:40 (hh:mm:ss)
[Sat May 17 16:53:10 2025] Enqueueing pair 15423/29377 (52.5%). Est. time left: 00:01:40 (hh:mm:ss)
[Sat May 17 16:53:10 2025] Enqueueing pair 15453/29377 (52.6%). Est. time left: 00:01:40 (hh:mm:ss)
[Sat May 17 16:53:10 2025] Enqueueing pair 15482/29377 (52.7%). Est. time left: 00:01:39 (hh:mm:ss)
[Sat May 17 16:53:11 2025] Enqueueing pair 15512/29377 (52.8%). Est. time left: 00:01:40 (hh:mm:ss)
[Sat May 17 16:53:11 2025] Enqueueing pair 15541/29377 (52.9%). Est. time left: 00:01:39 (hh:mm:ss)
[Sat May 17 16:53:11 2025] Enqueueing pair 15570/29377 (53.0%). Est. time left: 00:01:39 (hh:mm:ss)
[Sat May 17 16:53:11 2025] Enqueueing pair 15600/29377 (53.1%). Est. time left: 00:01:39 (hh:mm:ss)
[Sat May 17 16:53:11 2025] Enqueueing pair 15629/29377 (53.2%). Est. time left: 00:01:38 (hh:mm:ss)
[Sat May 17 16:53:11 2025] Enqueueing pair 15658/29377 (53.3%). Est. time left: 00:01:38 (hh:mm:ss)
[Sat May 17 16:53:11 2025] Enqueueing pair 15688/29377 (53.4%). Est. time left: 00:01:37 (hh:mm:ss)
[Sat May 17 16:53:13 2025] Enqueueing pair 15717/29377 (53.5%). Est. time left: 00:01:39 (hh:mm:ss)
[Sat May 17 16:53:14 2025] Enqueueing pair 15747/29377 (53.6%). Est. time left: 00:01:39 (hh:mm:ss)
[Sat May 17 16:53:14 2025] Enqueueing pair 15776/29377 (53.7%). Est. time left: 00:01:39 (hh:mm:ss)
[Sat May 17 16:53:16 2025] Enqueueing pair 15805/29377 (53.8%). Est. time left: 00:01:40 (hh:mm:ss)
[Sat May 17 16:53:16 2025] Enqueueing pair 15835/29377 (53.9%). Est. time left: 00:01:40 (hh:mm:ss)
[Sat May 17 16:53:16 2025] Enqueueing pair 15864/29377 (54.0%). Est. time left: 00:01:39 (hh:mm:ss)
[Sat May 17 16:53:16 2025] Enqueueing pair 15893/29377 (54.1%). Est. time left: 00:01:39 (hh:mm:ss)
[Sat May 17 16:53:17 2025] Enqueueing pair 15923/29377 (54.2%). Est. time left: 00:01:39 (hh:mm:ss)
[Sat May 17 16:53:17 2025] Enqueueing pair 15952/29377 (54.3%). Est. time left: 00:01:39 (hh:mm:ss)
[Sat May 17 16:53:17 2025] Enqueueing pair 15982/29377 (54.4%). Est. time left: 00:01:39 (hh:mm:ss)
[Sat May 17 16:53:18 2025] Enqueueing pair 16011/29377 (54.5%). Est. time left: 00:01:39 (hh:mm:ss)
[Sat May 17 16:53:18 2025] Enqueueing pair 16040/29377 (54.6%). Est. time left: 00:01:39 (hh:mm:ss)
[Sat May 17 16:53:18 2025] Enqueueing pair 16070/29377 (54.7%). Est. time left: 00:01:38 (hh:mm:ss)
[Sat May 17 16:53:18 2025] Enqueueing pair 16099/29377 (54.8%). Est. time left: 00:01:38 (hh:mm:ss)
[Sat May 17 16:53:18 2025] Enqueueing pair 16128/29377 (54.9%). Est. time left: 00:01:37 (hh:mm:ss)
[Sat May 17 16:53:18 2025] Enqueueing pair 16158/29377 (55.0%). Est. time left: 00:01:37 (hh:mm:ss)
[Sat May 17 16:53:18 2025] Enqueueing pair 16187/29377 (55.1%). Est. time left: 00:01:37 (hh:mm:ss)
[Sat May 17 16:53:18 2025] Enqueueing pair 16217/29377 (55.2%). Est. time left: 00:01:36 (hh:mm:ss)
[Sat May 17 16:53:19 2025] Enqueueing pair 16246/29377 (55.3%). Est. time left: 00:01:37 (hh:mm:ss)
[Sat May 17 16:53:19 2025] Enqueueing pair 16275/29377 (55.4%). Est. time left: 00:01:36 (hh:mm:ss)
[Sat May 17 16:53:19 2025] Enqueueing pair 16305/29377 (55.5%). Est. time left: 00:01:36 (hh:mm:ss)
[Sat May 17 16:53:19 2025] Enqueueing pair 16334/29377 (55.6%). Est. time left: 00:01:36 (hh:mm:ss)
[Sat May 17 16:53:19 2025] Enqueueing pair 16363/29377 (55.7%). Est. time left: 00:01:35 (hh:mm:ss)
[Sat May 17 16:53:19 2025] Enqueueing pair 16393/29377 (55.8%). Est. time left: 00:01:35 (hh:mm:ss)
[Sat May 17 16:53:19 2025] Enqueueing pair 16422/29377 (55.9%). Est. time left: 00:01:34 (hh:mm:ss)
[Sat May 17 16:53:19 2025] Enqueueing pair 16452/29377 (56.0%). Est. time left: 00:01:34 (hh:mm:ss)
[Sat May 17 16:53:20 2025] Enqueueing pair 16481/29377 (56.1%). Est. time left: 00:01:34 (hh:mm:ss)
[Sat May 17 16:53:21 2025] Enqueueing pair 16510/29377 (56.2%). Est. time left: 00:01:35 (hh:mm:ss)
[Sat May 17 16:53:21 2025] Enqueueing pair 16540/29377 (56.3%). Est. time left: 00:01:34 (hh:mm:ss)
[Sat May 17 16:53:21 2025] Enqueueing pair 16569/29377 (56.4%). Est. time left: 00:01:34 (hh:mm:ss)
[Sat May 17 16:53:21 2025] Enqueueing pair 16599/29377 (56.5%). Est. time left: 00:01:34 (hh:mm:ss)
[Sat May 17 16:53:22 2025] Enqueueing pair 16628/29377 (56.6%). Est. time left: 00:01:34 (hh:mm:ss)
[Sat May 17 16:53:22 2025] Enqueueing pair 16657/29377 (56.7%). Est. time left: 00:01:34 (hh:mm:ss)
[Sat May 17 16:53:22 2025] Enqueueing pair 16687/29377 (56.8%). Est. time left: 00:01:33 (hh:mm:ss)
[Sat May 17 16:53:22 2025] Enqueueing pair 16716/29377 (56.9%). Est. time left: 00:01:33 (hh:mm:ss)
[Sat May 17 16:53:23 2025] Enqueueing pair 16745/29377 (57.0%). Est. time left: 00:01:33 (hh:mm:ss)
[Sat May 17 16:53:23 2025] Enqueueing pair 16775/29377 (57.1%). Est. time left: 00:01:33 (hh:mm:ss)
[Sat May 17 16:53:23 2025] Enqueueing pair 16804/29377 (57.2%). Est. time left: 00:01:33 (hh:mm:ss)
[Sat May 17 16:53:24 2025] Enqueueing pair 16834/29377 (57.3%). Est. time left: 00:01:33 (hh:mm:ss)
[Sat May 17 16:53:24 2025] Enqueueing pair 16863/29377 (57.4%). Est. time left: 00:01:33 (hh:mm:ss)
[Sat May 17 16:53:24 2025] Enqueueing pair 16892/29377 (57.5%). Est. time left: 00:01:32 (hh:mm:ss)
[Sat May 17 16:53:25 2025] Enqueueing pair 16922/29377 (57.6%). Est. time left: 00:01:33 (hh:mm:ss)
[Sat May 17 16:53:25 2025] Enqueueing pair 16951/29377 (57.7%). Est. time left: 00:01:32 (hh:mm:ss)
[Sat May 17 16:53:26 2025] Enqueueing pair 16980/29377 (57.8%). Est. time left: 00:01:32 (hh:mm:ss)
[Sat May 17 16:53:26 2025] Enqueueing pair 17010/29377 (57.9%). Est. time left: 00:01:32 (hh:mm:ss)
[Sat May 17 16:53:26 2025] Enqueueing pair 17039/29377 (58.0%). Est. time left: 00:01:32 (hh:mm:ss)
[Sat May 17 16:53:26 2025] Enqueueing pair 17069/29377 (58.1%). Est. time left: 00:01:31 (hh:mm:ss)
[Sat May 17 16:53:27 2025] Enqueueing pair 17098/29377 (58.2%). Est. time left: 00:01:32 (hh:mm:ss)
[Sat May 17 16:53:28 2025] Enqueueing pair 17127/29377 (58.3%). Est. time left: 00:01:32 (hh:mm:ss)
[Sat May 17 16:53:28 2025] Enqueueing pair 17157/29377 (58.4%). Est. time left: 00:01:32 (hh:mm:ss)
[Sat May 17 16:53:28 2025] Enqueueing pair 17186/29377 (58.5%). Est. time left: 00:01:31 (hh:mm:ss)
[Sat May 17 16:53:29 2025] Enqueueing pair 17215/29377 (58.6%). Est. time left: 00:01:32 (hh:mm:ss)
[Sat May 17 16:53:29 2025] Enqueueing pair 17245/29377 (58.7%). Est. time left: 00:01:31 (hh:mm:ss)
[Sat May 17 16:53:29 2025] Enqueueing pair 17274/29377 (58.8%). Est. time left: 00:01:31 (hh:mm:ss)
[Sat May 17 16:53:30 2025] Enqueueing pair 17304/29377 (58.9%). Est. time left: 00:01:31 (hh:mm:ss)
[Sat May 17 16:53:30 2025] Enqueueing pair 17333/29377 (59.0%). Est. time left: 00:01:31 (hh:mm:ss)
[Sat May 17 16:53:30 2025] Enqueueing pair 17362/29377 (59.1%). Est. time left: 00:01:30 (hh:mm:ss)
[Sat May 17 16:53:30 2025] Enqueueing pair 17392/29377 (59.2%). Est. time left: 00:01:30 (hh:mm:ss)
[Sat May 17 16:53:30 2025] Enqueueing pair 17421/29377 (59.3%). Est. time left: 00:01:30 (hh:mm:ss)
[Sat May 17 16:53:30 2025] Enqueueing pair 17450/29377 (59.4%). Est. time left: 00:01:29 (hh:mm:ss)
[Sat May 17 16:53:30 2025] Enqueueing pair 17480/29377 (59.5%). Est. time left: 00:01:29 (hh:mm:ss)
[Sat May 17 16:53:31 2025] Enqueueing pair 17509/29377 (59.6%). Est. time left: 00:01:29 (hh:mm:ss)
[Sat May 17 16:53:31 2025] Enqueueing pair 17539/29377 (59.7%). Est. time left: 00:01:29 (hh:mm:ss)
[Sat May 17 16:53:31 2025] Enqueueing pair 17568/29377 (59.8%). Est. time left: 00:01:29 (hh:mm:ss)
[Sat May 17 16:53:31 2025] Enqueueing pair 17597/29377 (59.9%). Est. time left: 00:01:28 (hh:mm:ss)
[Sat May 17 16:53:32 2025] Enqueueing pair 17627/29377 (60.0%). Est. time left: 00:01:29 (hh:mm:ss)
[Sat May 17 16:53:32 2025] Enqueueing pair 17656/29377 (60.1%). Est. time left: 00:01:28 (hh:mm:ss)
[Sat May 17 16:53:32 2025] Enqueueing pair 17685/29377 (60.2%). Est. time left: 00:01:28 (hh:mm:ss)
[Sat May 17 16:53:33 2025] Enqueueing pair 17715/29377 (60.3%). Est. time left: 00:01:28 (hh:mm:ss)
[Sat May 17 16:53:33 2025] Enqueueing pair 17744/29377 (60.4%). Est. time left: 00:01:28 (hh:mm:ss)
[Sat May 17 16:53:33 2025] Enqueueing pair 17774/29377 (60.5%). Est. time left: 00:01:27 (hh:mm:ss)
[Sat May 17 16:53:33 2025] Enqueueing pair 17803/29377 (60.6%). Est. time left: 00:01:27 (hh:mm:ss)
[Sat May 17 16:53:34 2025] Enqueueing pair 17832/29377 (60.7%). Est. time left: 00:01:27 (hh:mm:ss)
[Sat May 17 16:53:34 2025] Enqueueing pair 17862/29377 (60.8%). Est. time left: 00:01:27 (hh:mm:ss)
[Sat May 17 16:53:34 2025] Enqueueing pair 17891/29377 (60.9%). Est. time left: 00:01:27 (hh:mm:ss)
[Sat May 17 16:53:34 2025] Enqueueing pair 17920/29377 (61.0%). Est. time left: 00:01:26 (hh:mm:ss)
[Sat May 17 16:53:34 2025] Enqueueing pair 17950/29377 (61.1%). Est. time left: 00:01:26 (hh:mm:ss)
[Sat May 17 16:53:34 2025] Enqueueing pair 17979/29377 (61.2%). Est. time left: 00:01:25 (hh:mm:ss)
[Sat May 17 16:53:35 2025] Enqueueing pair 18009/29377 (61.3%). Est. time left: 00:01:26 (hh:mm:ss)
[Sat May 17 16:53:35 2025] Enqueueing pair 18038/29377 (61.4%). Est. time left: 00:01:25 (hh:mm:ss)
[Sat May 17 16:53:35 2025] Enqueueing pair 18067/29377 (61.5%). Est. time left: 00:01:25 (hh:mm:ss)
[Sat May 17 16:53:36 2025] Enqueueing pair 18097/29377 (61.6%). Est. time left: 00:01:25 (hh:mm:ss)
[Sat May 17 16:53:38 2025] Enqueueing pair 18126/29377 (61.7%). Est. time left: 00:01:26 (hh:mm:ss)
[Sat May 17 16:53:38 2025] Enqueueing pair 18155/29377 (61.8%). Est. time left: 00:01:26 (hh:mm:ss)
[Sat May 17 16:53:38 2025] Enqueueing pair 18185/29377 (61.9%). Est. time left: 00:01:25 (hh:mm:ss)
[Sat May 17 16:53:38 2025] Enqueueing pair 18214/29377 (62.0%). Est. time left: 00:01:25 (hh:mm:ss)
[Sat May 17 16:53:39 2025] Enqueueing pair 18244/29377 (62.1%). Est. time left: 00:01:25 (hh:mm:ss)
[Sat May 17 16:53:39 2025] Enqueueing pair 18273/29377 (62.2%). Est. time left: 00:01:25 (hh:mm:ss)
[Sat May 17 16:53:39 2025] Enqueueing pair 18302/29377 (62.3%). Est. time left: 00:01:25 (hh:mm:ss)
[Sat May 17 16:53:39 2025] Enqueueing pair 18332/29377 (62.4%). Est. time left: 00:01:24 (hh:mm:ss)
[Sat May 17 16:53:39 2025] Enqueueing pair 18361/29377 (62.5%). Est. time left: 00:01:24 (hh:mm:ss)
[Sat May 17 16:53:39 2025] Enqueueing pair 18391/29377 (62.6%). Est. time left: 00:01:24 (hh:mm:ss)
[Sat May 17 16:53:41 2025] Enqueueing pair 18420/29377 (62.7%). Est. time left: 00:01:24 (hh:mm:ss)
[Sat May 17 16:53:42 2025] Enqueueing pair 18449/29377 (62.8%). Est. time left: 00:01:25 (hh:mm:ss)
[Sat May 17 16:53:42 2025] Enqueueing pair 18479/29377 (62.9%). Est. time left: 00:01:24 (hh:mm:ss)
[Sat May 17 16:53:43 2025] Enqueueing pair 18508/29377 (63.0%). Est. time left: 00:01:24 (hh:mm:ss)
[Sat May 17 16:53:43 2025] Enqueueing pair 18537/29377 (63.1%). Est. time left: 00:01:24 (hh:mm:ss)
[Sat May 17 16:53:43 2025] Enqueueing pair 18567/29377 (63.2%). Est. time left: 00:01:24 (hh:mm:ss)
[Sat May 17 16:53:43 2025] Enqueueing pair 18596/29377 (63.3%). Est. time left: 00:01:23 (hh:mm:ss)
[Sat May 17 16:53:43 2025] Enqueueing pair 18626/29377 (63.4%). Est. time left: 00:01:23 (hh:mm:ss)
[Sat May 17 16:53:43 2025] Enqueueing pair 18655/29377 (63.5%). Est. time left: 00:01:23 (hh:mm:ss)
[Sat May 17 16:53:43 2025] Enqueueing pair 18684/29377 (63.6%). Est. time left: 00:01:22 (hh:mm:ss)
[Sat May 17 16:53:43 2025] Enqueueing pair 18714/29377 (63.7%). Est. time left: 00:01:22 (hh:mm:ss)
[Sat May 17 16:53:44 2025] Enqueueing pair 18743/29377 (63.8%). Est. time left: 00:01:22 (hh:mm:ss)
[Sat May 17 16:53:44 2025] Enqueueing pair 18772/29377 (63.9%). Est. time left: 00:01:22 (hh:mm:ss)
[Sat May 17 16:53:44 2025] Enqueueing pair 18802/29377 (64.0%). Est. time left: 00:01:22 (hh:mm:ss)
[Sat May 17 16:53:44 2025] Enqueueing pair 18831/29377 (64.1%). Est. time left: 00:01:21 (hh:mm:ss)
[Sat May 17 16:53:44 2025] Enqueueing pair 18861/29377 (64.2%). Est. time left: 00:01:21 (hh:mm:ss)
[Sat May 17 16:53:44 2025] Enqueueing pair 18890/29377 (64.3%). Est. time left: 00:01:20 (hh:mm:ss)
[Sat May 17 16:53:44 2025] Enqueueing pair 18919/29377 (64.4%). Est. time left: 00:01:20 (hh:mm:ss)
[Sat May 17 16:53:44 2025] Enqueueing pair 18949/29377 (64.5%). Est. time left: 00:01:20 (hh:mm:ss)
[Sat May 17 16:53:45 2025] Enqueueing pair 18978/29377 (64.6%). Est. time left: 00:01:20 (hh:mm:ss)
[Sat May 17 16:53:46 2025] Enqueueing pair 19007/29377 (64.7%). Est. time left: 00:01:20 (hh:mm:ss)
[Sat May 17 16:53:46 2025] Enqueueing pair 19037/29377 (64.8%). Est. time left: 00:01:20 (hh:mm:ss)
[Sat May 17 16:53:46 2025] Enqueueing pair 19066/29377 (64.9%). Est. time left: 00:01:19 (hh:mm:ss)
[Sat May 17 16:53:47 2025] Enqueueing pair 19096/29377 (65.0%). Est. time left: 00:01:20 (hh:mm:ss)
[Sat May 17 16:53:47 2025] Enqueueing pair 19125/29377 (65.1%). Est. time left: 00:01:19 (hh:mm:ss)
[Sat May 17 16:53:47 2025] Enqueueing pair 19154/29377 (65.2%). Est. time left: 00:01:19 (hh:mm:ss)
[Sat May 17 16:53:47 2025] Enqueueing pair 19184/29377 (65.3%). Est. time left: 00:01:19 (hh:mm:ss)
[Sat May 17 16:53:47 2025] Enqueueing pair 19213/29377 (65.4%). Est. time left: 00:01:18 (hh:mm:ss)
[Sat May 17 16:53:47 2025] Enqueueing pair 19242/29377 (65.5%). Est. time left: 00:01:18 (hh:mm:ss)
[Sat May 17 16:53:47 2025] Enqueueing pair 19272/29377 (65.6%). Est. time left: 00:01:18 (hh:mm:ss)
[Sat May 17 16:53:48 2025] Enqueueing pair 19301/29377 (65.7%). Est. time left: 00:01:18 (hh:mm:ss)
[Sat May 17 16:53:48 2025] Enqueueing pair 19331/29377 (65.8%). Est. time left: 00:01:17 (hh:mm:ss)
[Sat May 17 16:53:48 2025] Enqueueing pair 19360/29377 (65.9%). Est. time left: 00:01:17 (hh:mm:ss)
[Sat May 17 16:53:49 2025] Enqueueing pair 19389/29377 (66.0%). Est. time left: 00:01:17 (hh:mm:ss)
[Sat May 17 16:53:49 2025] Enqueueing pair 19419/29377 (66.1%). Est. time left: 00:01:17 (hh:mm:ss)
[Sat May 17 16:53:49 2025] Enqueueing pair 19448/29377 (66.2%). Est. time left: 00:01:17 (hh:mm:ss)
[Sat May 17 16:53:49 2025] Enqueueing pair 19477/29377 (66.3%). Est. time left: 00:01:16 (hh:mm:ss)
[Sat May 17 16:53:50 2025] Enqueueing pair 19507/29377 (66.4%). Est. time left: 00:01:16 (hh:mm:ss)
[Sat May 17 16:53:50 2025] Enqueueing pair 19536/29377 (66.5%). Est. time left: 00:01:16 (hh:mm:ss)
[Sat May 17 16:53:50 2025] Enqueueing pair 19566/29377 (66.6%). Est. time left: 00:01:16 (hh:mm:ss)
[Sat May 17 16:53:50 2025] Enqueueing pair 19595/29377 (66.7%). Est. time left: 00:01:15 (hh:mm:ss)
[Sat May 17 16:53:51 2025] Enqueueing pair 19624/29377 (66.8%). Est. time left: 00:01:16 (hh:mm:ss)
[Sat May 17 16:53:51 2025] Enqueueing pair 19654/29377 (66.9%). Est. time left: 00:01:15 (hh:mm:ss)
[Sat May 17 16:53:51 2025] Enqueueing pair 19683/29377 (67.0%). Est. time left: 00:01:15 (hh:mm:ss)
[Sat May 17 16:53:51 2025] Enqueueing pair 19712/29377 (67.1%). Est. time left: 00:01:15 (hh:mm:ss)
[Sat May 17 16:53:51 2025] Enqueueing pair 19742/29377 (67.2%). Est. time left: 00:01:14 (hh:mm:ss)
[Sat May 17 16:53:52 2025] Enqueueing pair 19771/29377 (67.3%). Est. time left: 00:01:14 (hh:mm:ss)
[Sat May 17 16:53:52 2025] Enqueueing pair 19801/29377 (67.4%). Est. time left: 00:01:14 (hh:mm:ss)
[Sat May 17 16:53:52 2025] Enqueueing pair 19830/29377 (67.5%). Est. time left: 00:01:14 (hh:mm:ss)
[Sat May 17 16:53:52 2025] Enqueueing pair 19859/29377 (67.6%). Est. time left: 00:01:13 (hh:mm:ss)
[Sat May 17 16:53:52 2025] Enqueueing pair 19889/29377 (67.7%). Est. time left: 00:01:13 (hh:mm:ss)
[Sat May 17 16:53:55 2025] Enqueueing pair 19918/29377 (67.8%). Est. time left: 00:01:14 (hh:mm:ss)
[Sat May 17 16:53:56 2025] Enqueueing pair 19947/29377 (67.9%). Est. time left: 00:01:14 (hh:mm:ss)
[Sat May 17 16:53:56 2025] Enqueueing pair 19977/29377 (68.0%). Est. time left: 00:01:14 (hh:mm:ss)
[Sat May 17 16:53:57 2025] Enqueueing pair 20006/29377 (68.1%). Est. time left: 00:01:14 (hh:mm:ss)
[Sat May 17 16:53:57 2025] Enqueueing pair 20036/29377 (68.2%). Est. time left: 00:01:14 (hh:mm:ss)
[Sat May 17 16:53:57 2025] Enqueueing pair 20065/29377 (68.3%). Est. time left: 00:01:13 (hh:mm:ss)
[Sat May 17 16:53:57 2025] Enqueueing pair 20094/29377 (68.4%). Est. time left: 00:01:13 (hh:mm:ss)
[Sat May 17 16:53:58 2025] Enqueueing pair 20124/29377 (68.5%). Est. time left: 00:01:13 (hh:mm:ss)
[Sat May 17 16:53:58 2025] Enqueueing pair 20153/29377 (68.6%). Est. time left: 00:01:13 (hh:mm:ss)
[Sat May 17 16:53:58 2025] Enqueueing pair 20182/29377 (68.7%). Est. time left: 00:01:12 (hh:mm:ss)
[Sat May 17 16:53:58 2025] Enqueueing pair 20212/29377 (68.8%). Est. time left: 00:01:12 (hh:mm:ss)
[Sat May 17 16:53:59 2025] Enqueueing pair 20241/29377 (68.9%). Est. time left: 00:01:12 (hh:mm:ss)
[Sat May 17 16:53:59 2025] Enqueueing pair 20271/29377 (69.0%). Est. time left: 00:01:12 (hh:mm:ss)
[Sat May 17 16:53:59 2025] Enqueueing pair 20300/29377 (69.1%). Est. time left: 00:01:12 (hh:mm:ss)
[Sat May 17 16:53:59 2025] Enqueueing pair 20329/29377 (69.2%). Est. time left: 00:01:11 (hh:mm:ss)
[Sat May 17 16:53:59 2025] Enqueueing pair 20359/29377 (69.3%). Est. time left: 00:01:11 (hh:mm:ss)
[Sat May 17 16:53:59 2025] Enqueueing pair 20388/29377 (69.4%). Est. time left: 00:01:11 (hh:mm:ss)
[Sat May 17 16:54:00 2025] Enqueueing pair 20418/29377 (69.5%). Est. time left: 00:01:11 (hh:mm:ss)
[Sat May 17 16:54:00 2025] Enqueueing pair 20447/29377 (69.6%). Est. time left: 00:01:10 (hh:mm:ss)
[Sat May 17 16:54:00 2025] Enqueueing pair 20476/29377 (69.7%). Est. time left: 00:01:10 (hh:mm:ss)
[Sat May 17 16:54:00 2025] Enqueueing pair 20506/29377 (69.8%). Est. time left: 00:01:10 (hh:mm:ss)
[Sat May 17 16:54:00 2025] Enqueueing pair 20535/29377 (69.9%). Est. time left: 00:01:09 (hh:mm:ss)
[Sat May 17 16:54:00 2025] Enqueueing pair 20564/29377 (70.0%). Est. time left: 00:01:09 (hh:mm:ss)
[Sat May 17 16:54:01 2025] Enqueueing pair 20594/29377 (70.1%). Est. time left: 00:01:09 (hh:mm:ss)
[Sat May 17 16:54:01 2025] Enqueueing pair 20623/29377 (70.2%). Est. time left: 00:01:09 (hh:mm:ss)
[Sat May 17 16:54:01 2025] Enqueueing pair 20653/29377 (70.3%). Est. time left: 00:01:09 (hh:mm:ss)
[Sat May 17 16:54:01 2025] Enqueueing pair 20682/29377 (70.4%). Est. time left: 00:01:08 (hh:mm:ss)
[Sat May 17 16:54:01 2025] Enqueueing pair 20711/29377 (70.5%). Est. time left: 00:01:08 (hh:mm:ss)
[Sat May 17 16:54:02 2025] Enqueueing pair 20741/29377 (70.6%). Est. time left: 00:01:08 (hh:mm:ss)
[Sat May 17 16:54:02 2025] Enqueueing pair 20770/29377 (70.7%). Est. time left: 00:01:08 (hh:mm:ss)
[Sat May 17 16:54:02 2025] Enqueueing pair 20799/29377 (70.8%). Est. time left: 00:01:07 (hh:mm:ss)
[Sat May 17 16:54:03 2025] Enqueueing pair 20829/29377 (70.9%). Est. time left: 00:01:07 (hh:mm:ss)
[Sat May 17 16:54:03 2025] Enqueueing pair 20858/29377 (71.0%). Est. time left: 00:01:07 (hh:mm:ss)
[Sat May 17 16:54:03 2025] Enqueueing pair 20888/29377 (71.1%). Est. time left: 00:01:07 (hh:mm:ss)
[Sat May 17 16:54:05 2025] Enqueueing pair 20917/29377 (71.2%). Est. time left: 00:01:07 (hh:mm:ss)
[Sat May 17 16:54:05 2025] Enqueueing pair 20946/29377 (71.3%). Est. time left: 00:01:07 (hh:mm:ss)
[Sat May 17 16:54:05 2025] Enqueueing pair 20976/29377 (71.4%). Est. time left: 00:01:07 (hh:mm:ss)
[Sat May 17 16:54:05 2025] Enqueueing pair 21005/29377 (71.5%). Est. time left: 00:01:06 (hh:mm:ss)
[Sat May 17 16:54:05 2025] Enqueueing pair 21034/29377 (71.6%). Est. time left: 00:01:06 (hh:mm:ss)
[Sat May 17 16:54:05 2025] Enqueueing pair 21064/29377 (71.7%). Est. time left: 00:01:06 (hh:mm:ss)
[Sat May 17 16:54:05 2025] Enqueueing pair 21093/29377 (71.8%). Est. time left: 00:01:05 (hh:mm:ss)
[Sat May 17 16:54:06 2025] Enqueueing pair 21123/29377 (71.9%). Est. time left: 00:01:05 (hh:mm:ss)
[Sat May 17 16:54:06 2025] Enqueueing pair 21152/29377 (72.0%). Est. time left: 00:01:05 (hh:mm:ss)
[Sat May 17 16:54:06 2025] Enqueueing pair 21181/29377 (72.1%). Est. time left: 00:01:05 (hh:mm:ss)
[Sat May 17 16:54:08 2025] Enqueueing pair 21211/29377 (72.2%). Est. time left: 00:01:05 (hh:mm:ss)
[Sat May 17 16:54:08 2025] Enqueueing pair 21240/29377 (72.3%). Est. time left: 00:01:05 (hh:mm:ss)
[Sat May 17 16:54:08 2025] Enqueueing pair 21269/29377 (72.4%). Est. time left: 00:01:05 (hh:mm:ss)
[Sat May 17 16:54:08 2025] Enqueueing pair 21299/29377 (72.5%). Est. time left: 00:01:04 (hh:mm:ss)
[Sat May 17 16:54:08 2025] Enqueueing pair 21328/29377 (72.6%). Est. time left: 00:01:04 (hh:mm:ss)
[Sat May 17 16:54:09 2025] Enqueueing pair 21358/29377 (72.7%). Est. time left: 00:01:04 (hh:mm:ss)
[Sat May 17 16:54:09 2025] Enqueueing pair 21387/29377 (72.8%). Est. time left: 00:01:04 (hh:mm:ss)
[Sat May 17 16:54:10 2025] Enqueueing pair 21416/29377 (72.9%). Est. time left: 00:01:04 (hh:mm:ss)
[Sat May 17 16:54:10 2025] Enqueueing pair 21446/29377 (73.0%). Est. time left: 00:01:03 (hh:mm:ss)
[Sat May 17 16:54:10 2025] Enqueueing pair 21475/29377 (73.1%). Est. time left: 00:01:03 (hh:mm:ss)
[Sat May 17 16:54:10 2025] Enqueueing pair 21504/29377 (73.2%). Est. time left: 00:01:03 (hh:mm:ss)
[Sat May 17 16:54:10 2025] Enqueueing pair 21534/29377 (73.3%). Est. time left: 00:01:02 (hh:mm:ss)
[Sat May 17 16:54:10 2025] Enqueueing pair 21563/29377 (73.4%). Est. time left: 00:01:02 (hh:mm:ss)
[Sat May 17 16:54:10 2025] Enqueueing pair 21593/29377 (73.5%). Est. time left: 00:01:02 (hh:mm:ss)
[Sat May 17 16:54:11 2025] Enqueueing pair 21622/29377 (73.6%). Est. time left: 00:01:02 (hh:mm:ss)
[Sat May 17 16:54:11 2025] Enqueueing pair 21651/29377 (73.7%). Est. time left: 00:01:02 (hh:mm:ss)
[Sat May 17 16:54:11 2025] Enqueueing pair 21681/29377 (73.8%). Est. time left: 00:01:01 (hh:mm:ss)
[Sat May 17 16:54:11 2025] Enqueueing pair 21710/29377 (73.9%). Est. time left: 00:01:01 (hh:mm:ss)
[Sat May 17 16:54:11 2025] Enqueueing pair 21739/29377 (74.0%). Est. time left: 00:01:01 (hh:mm:ss)
[Sat May 17 16:54:12 2025] Enqueueing pair 21769/29377 (74.1%). Est. time left: 00:01:01 (hh:mm:ss)
[Sat May 17 16:54:12 2025] Enqueueing pair 21798/29377 (74.2%). Est. time left: 00:01:00 (hh:mm:ss)
[Sat May 17 16:54:12 2025] Enqueueing pair 21828/29377 (74.3%). Est. time left: 00:01:00 (hh:mm:ss)
[Sat May 17 16:54:12 2025] Enqueueing pair 21857/29377 (74.4%). Est. time left: 00:01:00 (hh:mm:ss)
[Sat May 17 16:54:12 2025] Enqueueing pair 21886/29377 (74.5%). Est. time left: 00:00:59 (hh:mm:ss)
[Sat May 17 16:54:12 2025] Enqueueing pair 21916/29377 (74.6%). Est. time left: 00:00:59 (hh:mm:ss)
[Sat May 17 16:54:12 2025] Enqueueing pair 21945/29377 (74.7%). Est. time left: 00:00:59 (hh:mm:ss)
[Sat May 17 16:54:12 2025] Enqueueing pair 21974/29377 (74.8%). Est. time left: 00:00:58 (hh:mm:ss)
[Sat May 17 16:54:12 2025] Enqueueing pair 22004/29377 (74.9%). Est. time left: 00:00:58 (hh:mm:ss)
[Sat May 17 16:54:13 2025] Enqueueing pair 22033/29377 (75.0%). Est. time left: 00:00:58 (hh:mm:ss)
[Sat May 17 16:54:13 2025] Enqueueing pair 22063/29377 (75.1%). Est. time left: 00:00:58 (hh:mm:ss)
[Sat May 17 16:54:13 2025] Enqueueing pair 22092/29377 (75.2%). Est. time left: 00:00:58 (hh:mm:ss)
[Sat May 17 16:54:16 2025] Enqueueing pair 22121/29377 (75.3%). Est. time left: 00:00:58 (hh:mm:ss)
[Sat May 17 16:54:16 2025] Enqueueing pair 22151/29377 (75.4%). Est. time left: 00:00:58 (hh:mm:ss)
[Sat May 17 16:54:16 2025] Enqueueing pair 22180/29377 (75.5%). Est. time left: 00:00:58 (hh:mm:ss)
[Sat May 17 16:54:16 2025] Enqueueing pair 22210/29377 (75.6%). Est. time left: 00:00:57 (hh:mm:ss)
[Sat May 17 16:54:16 2025] Enqueueing pair 22239/29377 (75.7%). Est. time left: 00:00:57 (hh:mm:ss)
[Sat May 17 16:54:17 2025] Enqueueing pair 22268/29377 (75.8%). Est. time left: 00:00:57 (hh:mm:ss)
[Sat May 17 16:54:17 2025] Enqueueing pair 22298/29377 (75.9%). Est. time left: 00:00:57 (hh:mm:ss)
[Sat May 17 16:54:17 2025] Enqueueing pair 22327/29377 (76.0%). Est. time left: 00:00:56 (hh:mm:ss)
[Sat May 17 16:54:17 2025] Enqueueing pair 22356/29377 (76.1%). Est. time left: 00:00:56 (hh:mm:ss)
[Sat May 17 16:54:17 2025] Enqueueing pair 22386/29377 (76.2%). Est. time left: 00:00:56 (hh:mm:ss)
[Sat May 17 16:54:20 2025] Enqueueing pair 22415/29377 (76.3%). Est. time left: 00:00:56 (hh:mm:ss)
[Sat May 17 16:54:20 2025] Enqueueing pair 22445/29377 (76.4%). Est. time left: 00:00:56 (hh:mm:ss)
[Sat May 17 16:54:20 2025] Enqueueing pair 22474/29377 (76.5%). Est. time left: 00:00:56 (hh:mm:ss)
[Sat May 17 16:54:21 2025] Enqueueing pair 22503/29377 (76.6%). Est. time left: 00:00:56 (hh:mm:ss)
[Sat May 17 16:54:21 2025] Enqueueing pair 22533/29377 (76.7%). Est. time left: 00:00:55 (hh:mm:ss)
[Sat May 17 16:54:21 2025] Enqueueing pair 22562/29377 (76.8%). Est. time left: 00:00:55 (hh:mm:ss)
[Sat May 17 16:54:21 2025] Enqueueing pair 22591/29377 (76.9%). Est. time left: 00:00:55 (hh:mm:ss)
[Sat May 17 16:54:22 2025] Enqueueing pair 22621/29377 (77.0%). Est. time left: 00:00:55 (hh:mm:ss)
[Sat May 17 16:54:23 2025] Enqueueing pair 22650/29377 (77.1%). Est. time left: 00:00:55 (hh:mm:ss)
[Sat May 17 16:54:23 2025] Enqueueing pair 22680/29377 (77.2%). Est. time left: 00:00:55 (hh:mm:ss)
[Sat May 17 16:54:23 2025] Enqueueing pair 22709/29377 (77.3%). Est. time left: 00:00:54 (hh:mm:ss)
[Sat May 17 16:54:23 2025] Enqueueing pair 22738/29377 (77.4%). Est. time left: 00:00:54 (hh:mm:ss)
[Sat May 17 16:54:23 2025] Enqueueing pair 22768/29377 (77.5%). Est. time left: 00:00:54 (hh:mm:ss)
[Sat May 17 16:54:23 2025] Enqueueing pair 22797/29377 (77.6%). Est. time left: 00:00:53 (hh:mm:ss)
[Sat May 17 16:54:24 2025] Enqueueing pair 22826/29377 (77.7%). Est. time left: 00:00:53 (hh:mm:ss)
[Sat May 17 16:54:24 2025] Enqueueing pair 22856/29377 (77.8%). Est. time left: 00:00:53 (hh:mm:ss)
[Sat May 17 16:54:24 2025] Enqueueing pair 22885/29377 (77.9%). Est. time left: 00:00:53 (hh:mm:ss)
[Sat May 17 16:54:25 2025] Enqueueing pair 22915/29377 (78.0%). Est. time left: 00:00:53 (hh:mm:ss)
[Sat May 17 16:54:25 2025] Enqueueing pair 22944/29377 (78.1%). Est. time left: 00:00:52 (hh:mm:ss)
[Sat May 17 16:54:25 2025] Enqueueing pair 22973/29377 (78.2%). Est. time left: 00:00:52 (hh:mm:ss)
[Sat May 17 16:54:25 2025] Enqueueing pair 23003/29377 (78.3%). Est. time left: 00:00:52 (hh:mm:ss)
[Sat May 17 16:54:25 2025] Enqueueing pair 23032/29377 (78.4%). Est. time left: 00:00:51 (hh:mm:ss)
[Sat May 17 16:54:26 2025] Enqueueing pair 23061/29377 (78.5%). Est. time left: 00:00:51 (hh:mm:ss)
[Sat May 17 16:54:26 2025] Enqueueing pair 23091/29377 (78.6%). Est. time left: 00:00:51 (hh:mm:ss)
[Sat May 17 16:54:26 2025] Enqueueing pair 23120/29377 (78.7%). Est. time left: 00:00:51 (hh:mm:ss)
[Sat May 17 16:54:26 2025] Enqueueing pair 23150/29377 (78.8%). Est. time left: 00:00:51 (hh:mm:ss)
[Sat May 17 16:54:26 2025] Enqueueing pair 23179/29377 (78.9%). Est. time left: 00:00:50 (hh:mm:ss)
[Sat May 17 16:54:30 2025] Enqueueing pair 23208/29377 (79.0%). Est. time left: 00:00:51 (hh:mm:ss)
[Sat May 17 16:54:30 2025] Enqueueing pair 23238/29377 (79.1%). Est. time left: 00:00:51 (hh:mm:ss)
[Sat May 17 16:54:30 2025] Enqueueing pair 23267/29377 (79.2%). Est. time left: 00:00:50 (hh:mm:ss)
[Sat May 17 16:54:30 2025] Enqueueing pair 23296/29377 (79.3%). Est. time left: 00:00:50 (hh:mm:ss)
[Sat May 17 16:54:31 2025] Enqueueing pair 23326/29377 (79.4%). Est. time left: 00:00:50 (hh:mm:ss)
[Sat May 17 16:54:31 2025] Enqueueing pair 23355/29377 (79.5%). Est. time left: 00:00:50 (hh:mm:ss)
[Sat May 17 16:54:31 2025] Enqueueing pair 23385/29377 (79.6%). Est. time left: 00:00:49 (hh:mm:ss)
[Sat May 17 16:54:31 2025] Enqueueing pair 23414/29377 (79.7%). Est. time left: 00:00:49 (hh:mm:ss)
[Sat May 17 16:54:31 2025] Enqueueing pair 23443/29377 (79.8%). Est. time left: 00:00:49 (hh:mm:ss)
[Sat May 17 16:54:31 2025] Enqueueing pair 23473/29377 (79.9%). Est. time left: 00:00:49 (hh:mm:ss)
[Sat May 17 16:54:32 2025] Enqueueing pair 23502/29377 (80.0%). Est. time left: 00:00:49 (hh:mm:ss)
[Sat May 17 16:54:33 2025] Enqueueing pair 23531/29377 (80.1%). Est. time left: 00:00:48 (hh:mm:ss)
[Sat May 17 16:54:33 2025] Enqueueing pair 23561/29377 (80.2%). Est. time left: 00:00:48 (hh:mm:ss)
[Sat May 17 16:54:33 2025] Enqueueing pair 23590/29377 (80.3%). Est. time left: 00:00:48 (hh:mm:ss)
[Sat May 17 16:54:33 2025] Enqueueing pair 23620/29377 (80.4%). Est. time left: 00:00:48 (hh:mm:ss)
[Sat May 17 16:54:33 2025] Enqueueing pair 23649/29377 (80.5%). Est. time left: 00:00:47 (hh:mm:ss)
[Sat May 17 16:54:33 2025] Enqueueing pair 23678/29377 (80.6%). Est. time left: 00:00:47 (hh:mm:ss)
[Sat May 17 16:54:34 2025] Enqueueing pair 23708/29377 (80.7%). Est. time left: 00:00:47 (hh:mm:ss)
[Sat May 17 16:54:34 2025] Enqueueing pair 23737/29377 (80.8%). Est. time left: 00:00:47 (hh:mm:ss)
[Sat May 17 16:54:34 2025] Enqueueing pair 23766/29377 (80.9%). Est. time left: 00:00:46 (hh:mm:ss)
[Sat May 17 16:54:35 2025] Enqueueing pair 23796/29377 (81.0%). Est. time left: 00:00:46 (hh:mm:ss)
[Sat May 17 16:54:35 2025] Enqueueing pair 23825/29377 (81.1%). Est. time left: 00:00:46 (hh:mm:ss)
[Sat May 17 16:54:35 2025] Enqueueing pair 23855/29377 (81.2%). Est. time left: 00:00:46 (hh:mm:ss)
[Sat May 17 16:54:35 2025] Enqueueing pair 23884/29377 (81.3%). Est. time left: 00:00:45 (hh:mm:ss)
[Sat May 17 16:54:36 2025] Enqueueing pair 23913/29377 (81.4%). Est. time left: 00:00:45 (hh:mm:ss)
[Sat May 17 16:54:36 2025] Enqueueing pair 23943/29377 (81.5%). Est. time left: 00:00:45 (hh:mm:ss)
[Sat May 17 16:54:36 2025] Enqueueing pair 23972/29377 (81.6%). Est. time left: 00:00:45 (hh:mm:ss)
[Sat May 17 16:54:36 2025] Enqueueing pair 24002/29377 (81.7%). Est. time left: 00:00:44 (hh:mm:ss)
[Sat May 17 16:54:36 2025] Enqueueing pair 24031/29377 (81.8%). Est. time left: 00:00:44 (hh:mm:ss)
[Sat May 17 16:54:36 2025] Enqueueing pair 24060/29377 (81.9%). Est. time left: 00:00:44 (hh:mm:ss)
[Sat May 17 16:54:36 2025] Enqueueing pair 24090/29377 (82.0%). Est. time left: 00:00:44 (hh:mm:ss)
[Sat May 17 16:54:38 2025] Enqueueing pair 24119/29377 (82.1%). Est. time left: 00:00:44 (hh:mm:ss)
[Sat May 17 16:54:38 2025] Enqueueing pair 24148/29377 (82.2%). Est. time left: 00:00:43 (hh:mm:ss)
[Sat May 17 16:54:38 2025] Enqueueing pair 24178/29377 (82.3%). Est. time left: 00:00:43 (hh:mm:ss)
[Sat May 17 16:54:39 2025] Enqueueing pair 24207/29377 (82.4%). Est. time left: 00:00:43 (hh:mm:ss)
[Sat May 17 16:54:39 2025] Enqueueing pair 24237/29377 (82.5%). Est. time left: 00:00:43 (hh:mm:ss)
[Sat May 17 16:54:39 2025] Enqueueing pair 24266/29377 (82.6%). Est. time left: 00:00:42 (hh:mm:ss)
[Sat May 17 16:54:40 2025] Enqueueing pair 24295/29377 (82.7%). Est. time left: 00:00:42 (hh:mm:ss)
[Sat May 17 16:54:41 2025] Enqueueing pair 24325/29377 (82.8%). Est. time left: 00:00:42 (hh:mm:ss)
[Sat May 17 16:54:41 2025] Enqueueing pair 24354/29377 (82.9%). Est. time left: 00:00:42 (hh:mm:ss)
[Sat May 17 16:54:41 2025] Enqueueing pair 24383/29377 (83.0%). Est. time left: 00:00:42 (hh:mm:ss)
[Sat May 17 16:54:41 2025] Enqueueing pair 24413/29377 (83.1%). Est. time left: 00:00:41 (hh:mm:ss)
[Sat May 17 16:54:42 2025] Enqueueing pair 24442/29377 (83.2%). Est. time left: 00:00:41 (hh:mm:ss)
[Sat May 17 16:54:42 2025] Enqueueing pair 24472/29377 (83.3%). Est. time left: 00:00:41 (hh:mm:ss)
[Sat May 17 16:54:42 2025] Enqueueing pair 24501/29377 (83.4%). Est. time left: 00:00:41 (hh:mm:ss)
[Sat May 17 16:54:42 2025] Enqueueing pair 24530/29377 (83.5%). Est. time left: 00:00:40 (hh:mm:ss)
[Sat May 17 16:54:42 2025] Enqueueing pair 24560/29377 (83.6%). Est. time left: 00:00:40 (hh:mm:ss)
[Sat May 17 16:54:42 2025] Enqueueing pair 24589/29377 (83.7%). Est. time left: 00:00:40 (hh:mm:ss)
[Sat May 17 16:54:43 2025] Enqueueing pair 24618/29377 (83.8%). Est. time left: 00:00:40 (hh:mm:ss)
[Sat May 17 16:54:43 2025] Enqueueing pair 24648/29377 (83.9%). Est. time left: 00:00:39 (hh:mm:ss)
[Sat May 17 16:54:44 2025] Enqueueing pair 24677/29377 (84.0%). Est. time left: 00:00:39 (hh:mm:ss)
[Sat May 17 16:54:44 2025] Enqueueing pair 24707/29377 (84.1%). Est. time left: 00:00:39 (hh:mm:ss)
[Sat May 17 16:54:44 2025] Enqueueing pair 24736/29377 (84.2%). Est. time left: 00:00:39 (hh:mm:ss)
[Sat May 17 16:54:44 2025] Enqueueing pair 24765/29377 (84.3%). Est. time left: 00:00:38 (hh:mm:ss)
[Sat May 17 16:54:44 2025] Enqueueing pair 24795/29377 (84.4%). Est. time left: 00:00:38 (hh:mm:ss)
[Sat May 17 16:54:45 2025] Enqueueing pair 24824/29377 (84.5%). Est. time left: 00:00:38 (hh:mm:ss)
[Sat May 17 16:54:45 2025] Enqueueing pair 24853/29377 (84.6%). Est. time left: 00:00:38 (hh:mm:ss)
[Sat May 17 16:54:45 2025] Enqueueing pair 24883/29377 (84.7%). Est. time left: 00:00:38 (hh:mm:ss)
[Sat May 17 16:54:45 2025] Enqueueing pair 24912/29377 (84.8%). Est. time left: 00:00:37 (hh:mm:ss)
[Sat May 17 16:54:45 2025] Enqueueing pair 24942/29377 (84.9%). Est. time left: 00:00:37 (hh:mm:ss)
[Sat May 17 16:54:45 2025] Enqueueing pair 24971/29377 (85.0%). Est. time left: 00:00:37 (hh:mm:ss)
[Sat May 17 16:54:45 2025] Enqueueing pair 25000/29377 (85.1%). Est. time left: 00:00:36 (hh:mm:ss)
[Sat May 17 16:54:45 2025] Enqueueing pair 25030/29377 (85.2%). Est. time left: 00:00:36 (hh:mm:ss)
[Sat May 17 16:54:46 2025] Enqueueing pair 25059/29377 (85.3%). Est. time left: 00:00:36 (hh:mm:ss)
[Sat May 17 16:54:46 2025] Enqueueing pair 25088/29377 (85.4%). Est. time left: 00:00:36 (hh:mm:ss)
[Sat May 17 16:54:46 2025] Enqueueing pair 25118/29377 (85.5%). Est. time left: 00:00:35 (hh:mm:ss)
[Sat May 17 16:54:47 2025] Enqueueing pair 25147/29377 (85.6%). Est. time left: 00:00:35 (hh:mm:ss)
[Sat May 17 16:54:47 2025] Enqueueing pair 25177/29377 (85.7%). Est. time left: 00:00:35 (hh:mm:ss)
[Sat May 17 16:54:47 2025] Enqueueing pair 25206/29377 (85.8%). Est. time left: 00:00:35 (hh:mm:ss)
[Sat May 17 16:54:48 2025] Enqueueing pair 25235/29377 (85.9%). Est. time left: 00:00:35 (hh:mm:ss)
[Sat May 17 16:54:48 2025] Enqueueing pair 25265/29377 (86.0%). Est. time left: 00:00:34 (hh:mm:ss)
[Sat May 17 16:54:48 2025] Enqueueing pair 25294/29377 (86.1%). Est. time left: 00:00:34 (hh:mm:ss)
[Sat May 17 16:54:49 2025] Enqueueing pair 25323/29377 (86.2%). Est. time left: 00:00:34 (hh:mm:ss)
[Sat May 17 16:54:49 2025] Enqueueing pair 25353/29377 (86.3%). Est. time left: 00:00:34 (hh:mm:ss)
[Sat May 17 16:54:49 2025] Enqueueing pair 25382/29377 (86.4%). Est. time left: 00:00:33 (hh:mm:ss)
[Sat May 17 16:54:49 2025] Enqueueing pair 25412/29377 (86.5%). Est. time left: 00:00:33 (hh:mm:ss)
[Sat May 17 16:54:49 2025] Enqueueing pair 25441/29377 (86.6%). Est. time left: 00:00:33 (hh:mm:ss)
[Sat May 17 16:54:49 2025] Enqueueing pair 25470/29377 (86.7%). Est. time left: 00:00:33 (hh:mm:ss)
[Sat May 17 16:54:50 2025] Enqueueing pair 25500/29377 (86.8%). Est. time left: 00:00:32 (hh:mm:ss)
[Sat May 17 16:54:50 2025] Enqueueing pair 25529/29377 (86.9%). Est. time left: 00:00:32 (hh:mm:ss)
[Sat May 17 16:54:50 2025] Enqueueing pair 25558/29377 (87.0%). Est. time left: 00:00:32 (hh:mm:ss)
[Sat May 17 16:54:50 2025] Enqueueing pair 25588/29377 (87.1%). Est. time left: 00:00:32 (hh:mm:ss)
[Sat May 17 16:54:52 2025] Enqueueing pair 25617/29377 (87.2%). Est. time left: 00:00:32 (hh:mm:ss)
[Sat May 17 16:54:52 2025] Enqueueing pair 25647/29377 (87.3%). Est. time left: 00:00:31 (hh:mm:ss)
[Sat May 17 16:54:52 2025] Enqueueing pair 25676/29377 (87.4%). Est. time left: 00:00:31 (hh:mm:ss)
[Sat May 17 16:54:54 2025] Enqueueing pair 25705/29377 (87.5%). Est. time left: 00:00:31 (hh:mm:ss)
[Sat May 17 16:54:54 2025] Enqueueing pair 25735/29377 (87.6%). Est. time left: 00:00:31 (hh:mm:ss)
[Sat May 17 16:54:54 2025] Enqueueing pair 25764/29377 (87.7%). Est. time left: 00:00:31 (hh:mm:ss)
[Sat May 17 16:54:54 2025] Enqueueing pair 25794/29377 (87.8%). Est. time left: 00:00:30 (hh:mm:ss)
[Sat May 17 16:54:55 2025] Enqueueing pair 25823/29377 (87.9%). Est. time left: 00:00:30 (hh:mm:ss)
[Sat May 17 16:54:55 2025] Enqueueing pair 25852/29377 (88.0%). Est. time left: 00:00:30 (hh:mm:ss)
[Sat May 17 16:54:55 2025] Enqueueing pair 25882/29377 (88.1%). Est. time left: 00:00:30 (hh:mm:ss)
[Sat May 17 16:54:56 2025] Enqueueing pair 25911/29377 (88.2%). Est. time left: 00:00:29 (hh:mm:ss)
[Sat May 17 16:54:56 2025] Enqueueing pair 25940/29377 (88.3%). Est. time left: 00:00:29 (hh:mm:ss)
[Sat May 17 16:54:56 2025] Enqueueing pair 25970/29377 (88.4%). Est. time left: 00:00:29 (hh:mm:ss)
[Sat May 17 16:54:56 2025] Enqueueing pair 25999/29377 (88.5%). Est. time left: 00:00:29 (hh:mm:ss)
[Sat May 17 16:54:56 2025] Enqueueing pair 26029/29377 (88.6%). Est. time left: 00:00:28 (hh:mm:ss)
[Sat May 17 16:54:57 2025] Enqueueing pair 26058/29377 (88.7%). Est. time left: 00:00:28 (hh:mm:ss)
[Sat May 17 16:54:57 2025] Enqueueing pair 26087/29377 (88.8%). Est. time left: 00:00:28 (hh:mm:ss)
[Sat May 17 16:54:57 2025] Enqueueing pair 26117/29377 (88.9%). Est. time left: 00:00:28 (hh:mm:ss)
[Sat May 17 16:54:57 2025] Enqueueing pair 26146/29377 (89.0%). Est. time left: 00:00:27 (hh:mm:ss)
[Sat May 17 16:54:57 2025] Enqueueing pair 26175/29377 (89.1%). Est. time left: 00:00:27 (hh:mm:ss)
[Sat May 17 16:54:58 2025] Enqueueing pair 26205/29377 (89.2%). Est. time left: 00:00:27 (hh:mm:ss)
[Sat May 17 16:54:58 2025] Enqueueing pair 26234/29377 (89.3%). Est. time left: 00:00:27 (hh:mm:ss)
[Sat May 17 16:54:58 2025] Enqueueing pair 26264/29377 (89.4%). Est. time left: 00:00:26 (hh:mm:ss)
[Sat May 17 16:54:58 2025] Enqueueing pair 26293/29377 (89.5%). Est. time left: 00:00:26 (hh:mm:ss)
[Sat May 17 16:55:01 2025] Enqueueing pair 26322/29377 (89.6%). Est. time left: 00:00:26 (hh:mm:ss)
[Sat May 17 16:55:01 2025] Enqueueing pair 26352/29377 (89.7%). Est. time left: 00:00:26 (hh:mm:ss)
[Sat May 17 16:55:01 2025] Enqueueing pair 26381/29377 (89.8%). Est. time left: 00:00:26 (hh:mm:ss)
[Sat May 17 16:55:01 2025] Enqueueing pair 26410/29377 (89.9%). Est. time left: 00:00:25 (hh:mm:ss)
[Sat May 17 16:55:01 2025] Enqueueing pair 26440/29377 (90.0%). Est. time left: 00:00:25 (hh:mm:ss)
[Sat May 17 16:55:01 2025] Enqueueing pair 26469/29377 (90.1%). Est. time left: 00:00:25 (hh:mm:ss)
[Sat May 17 16:55:01 2025] Enqueueing pair 26499/29377 (90.2%). Est. time left: 00:00:25 (hh:mm:ss)
[Sat May 17 16:55:01 2025] Enqueueing pair 26528/29377 (90.3%). Est. time left: 00:00:24 (hh:mm:ss)
[Sat May 17 16:55:02 2025] Enqueueing pair 26557/29377 (90.4%). Est. time left: 00:00:24 (hh:mm:ss)
[Sat May 17 16:55:02 2025] Enqueueing pair 26587/29377 (90.5%). Est. time left: 00:00:24 (hh:mm:ss)
[Sat May 17 16:55:02 2025] Enqueueing pair 26616/29377 (90.6%). Est. time left: 00:00:24 (hh:mm:ss)
[Sat May 17 16:55:02 2025] Enqueueing pair 26645/29377 (90.7%). Est. time left: 00:00:23 (hh:mm:ss)
[Sat May 17 16:55:02 2025] Enqueueing pair 26675/29377 (90.8%). Est. time left: 00:00:23 (hh:mm:ss)
[Sat May 17 16:55:02 2025] Enqueueing pair 26704/29377 (90.9%). Est. time left: 00:00:23 (hh:mm:ss)
[Sat May 17 16:55:02 2025] Enqueueing pair 26734/29377 (91.0%). Est. time left: 00:00:22 (hh:mm:ss)
[Sat May 17 16:55:02 2025] Enqueueing pair 26763/29377 (91.1%). Est. time left: 00:00:22 (hh:mm:ss)
[Sat May 17 16:55:03 2025] Enqueueing pair 26792/29377 (91.2%). Est. time left: 00:00:22 (hh:mm:ss)
[Sat May 17 16:55:03 2025] Enqueueing pair 26822/29377 (91.3%). Est. time left: 00:00:22 (hh:mm:ss)
[Sat May 17 16:55:03 2025] Enqueueing pair 26851/29377 (91.4%). Est. time left: 00:00:21 (hh:mm:ss)
[Sat May 17 16:55:03 2025] Enqueueing pair 26880/29377 (91.5%). Est. time left: 00:00:21 (hh:mm:ss)
[Sat May 17 16:55:04 2025] Enqueueing pair 26910/29377 (91.6%). Est. time left: 00:00:21 (hh:mm:ss)
[Sat May 17 16:55:04 2025] Enqueueing pair 26939/29377 (91.7%). Est. time left: 00:00:21 (hh:mm:ss)
[Sat May 17 16:55:05 2025] Enqueueing pair 26969/29377 (91.8%). Est. time left: 00:00:21 (hh:mm:ss)
[Sat May 17 16:55:05 2025] Enqueueing pair 26998/29377 (91.9%). Est. time left: 00:00:20 (hh:mm:ss)
[Sat May 17 16:55:06 2025] Enqueueing pair 27027/29377 (92.0%). Est. time left: 00:00:20 (hh:mm:ss)
[Sat May 17 16:55:06 2025] Enqueueing pair 27057/29377 (92.1%). Est. time left: 00:00:20 (hh:mm:ss)
[Sat May 17 16:55:06 2025] Enqueueing pair 27086/29377 (92.2%). Est. time left: 00:00:20 (hh:mm:ss)
[Sat May 17 16:55:07 2025] Enqueueing pair 27115/29377 (92.3%). Est. time left: 00:00:19 (hh:mm:ss)
[Sat May 17 16:55:07 2025] Enqueueing pair 27145/29377 (92.4%). Est. time left: 00:00:19 (hh:mm:ss)
[Sat May 17 16:55:07 2025] Enqueueing pair 27174/29377 (92.5%). Est. time left: 00:00:19 (hh:mm:ss)
[Sat May 17 16:55:08 2025] Enqueueing pair 27204/29377 (92.6%). Est. time left: 00:00:19 (hh:mm:ss)
[Sat May 17 16:55:08 2025] Enqueueing pair 27233/29377 (92.7%). Est. time left: 00:00:18 (hh:mm:ss)
[Sat May 17 16:55:08 2025] Enqueueing pair 27262/29377 (92.8%). Est. time left: 00:00:18 (hh:mm:ss)
[Sat May 17 16:55:08 2025] Enqueueing pair 27292/29377 (92.9%). Est. time left: 00:00:18 (hh:mm:ss)
[Sat May 17 16:55:09 2025] Enqueueing pair 27321/29377 (93.0%). Est. time left: 00:00:18 (hh:mm:ss)
[Sat May 17 16:55:09 2025] Enqueueing pair 27350/29377 (93.1%). Est. time left: 00:00:17 (hh:mm:ss)
[Sat May 17 16:55:10 2025] Enqueueing pair 27380/29377 (93.2%). Est. time left: 00:00:17 (hh:mm:ss)
[Sat May 17 16:55:11 2025] Enqueueing pair 27409/29377 (93.3%). Est. time left: 00:00:17 (hh:mm:ss)
[Sat May 17 16:55:11 2025] Enqueueing pair 27439/29377 (93.4%). Est. time left: 00:00:17 (hh:mm:ss)
[Sat May 17 16:55:11 2025] Enqueueing pair 27468/29377 (93.5%). Est. time left: 00:00:17 (hh:mm:ss)
[Sat May 17 16:55:11 2025] Enqueueing pair 27497/29377 (93.6%). Est. time left: 00:00:16 (hh:mm:ss)
[Sat May 17 16:55:12 2025] Enqueueing pair 27527/29377 (93.7%). Est. time left: 00:00:16 (hh:mm:ss)
[Sat May 17 16:55:12 2025] Enqueueing pair 27556/29377 (93.8%). Est. time left: 00:00:16 (hh:mm:ss)
[Sat May 17 16:55:12 2025] Enqueueing pair 27586/29377 (93.9%). Est. time left: 00:00:16 (hh:mm:ss)
[Sat May 17 16:55:12 2025] Enqueueing pair 27615/29377 (94.0%). Est. time left: 00:00:15 (hh:mm:ss)
[Sat May 17 16:55:13 2025] Enqueueing pair 27644/29377 (94.1%). Est. time left: 00:00:15 (hh:mm:ss)
[Sat May 17 16:55:13 2025] Enqueueing pair 27674/29377 (94.2%). Est. time left: 00:00:15 (hh:mm:ss)
[Sat May 17 16:55:13 2025] Enqueueing pair 27703/29377 (94.3%). Est. time left: 00:00:15 (hh:mm:ss)
[Sat May 17 16:55:13 2025] Enqueueing pair 27732/29377 (94.4%). Est. time left: 00:00:14 (hh:mm:ss)
[Sat May 17 16:55:13 2025] Enqueueing pair 27762/29377 (94.5%). Est. time left: 00:00:14 (hh:mm:ss)
[Sat May 17 16:55:13 2025] Enqueueing pair 27791/29377 (94.6%). Est. time left: 00:00:14 (hh:mm:ss)
[Sat May 17 16:55:16 2025] Enqueueing pair 27821/29377 (94.7%). Est. time left: 00:00:14 (hh:mm:ss)
[Sat May 17 16:55:16 2025] Enqueueing pair 27850/29377 (94.8%). Est. time left: 00:00:13 (hh:mm:ss)
[Sat May 17 16:55:17 2025] Enqueueing pair 27879/29377 (94.9%). Est. time left: 00:00:13 (hh:mm:ss)
[Sat May 17 16:55:17 2025] Enqueueing pair 27909/29377 (95.0%). Est. time left: 00:00:13 (hh:mm:ss)
[Sat May 17 16:55:17 2025] Enqueueing pair 27938/29377 (95.1%). Est. time left: 00:00:13 (hh:mm:ss)
[Sat May 17 16:55:17 2025] Enqueueing pair 27967/29377 (95.2%). Est. time left: 00:00:12 (hh:mm:ss)
[Sat May 17 16:55:17 2025] Enqueueing pair 27997/29377 (95.3%). Est. time left: 00:00:12 (hh:mm:ss)
[Sat May 17 16:55:17 2025] Enqueueing pair 28026/29377 (95.4%). Est. time left: 00:00:12 (hh:mm:ss)
[Sat May 17 16:55:17 2025] Enqueueing pair 28056/29377 (95.5%). Est. time left: 00:00:12 (hh:mm:ss)
[Sat May 17 16:55:18 2025] Enqueueing pair 28085/29377 (95.6%). Est. time left: 00:00:11 (hh:mm:ss)
[Sat May 17 16:55:18 2025] Enqueueing pair 28114/29377 (95.7%). Est. time left: 00:00:11 (hh:mm:ss)
[Sat May 17 16:55:18 2025] Enqueueing pair 28144/29377 (95.8%). Est. time left: 00:00:11 (hh:mm:ss)
[Sat May 17 16:55:18 2025] Enqueueing pair 28173/29377 (95.9%). Est. time left: 00:00:11 (hh:mm:ss)
[Sat May 17 16:55:18 2025] Enqueueing pair 28202/29377 (96.0%). Est. time left: 00:00:10 (hh:mm:ss)
[Sat May 17 16:55:18 2025] Enqueueing pair 28232/29377 (96.1%). Est. time left: 00:00:10 (hh:mm:ss)
[Sat May 17 16:55:18 2025] Enqueueing pair 28261/29377 (96.2%). Est. time left: 00:00:10 (hh:mm:ss)
[Sat May 17 16:55:18 2025] Enqueueing pair 28291/29377 (96.3%). Est. time left: 00:00:10 (hh:mm:ss)
[Sat May 17 16:55:20 2025] Enqueueing pair 28320/29377 (96.4%). Est. time left: 00:00:09 (hh:mm:ss)
[Sat May 17 16:55:20 2025] Enqueueing pair 28349/29377 (96.5%). Est. time left: 00:00:09 (hh:mm:ss)
[Sat May 17 16:55:20 2025] Enqueueing pair 28379/29377 (96.6%). Est. time left: 00:00:09 (hh:mm:ss)
[Sat May 17 16:55:20 2025] Enqueueing pair 28408/29377 (96.7%). Est. time left: 00:00:09 (hh:mm:ss)
[Sat May 17 16:55:20 2025] Enqueueing pair 28437/29377 (96.8%). Est. time left: 00:00:08 (hh:mm:ss)
[Sat May 17 16:55:20 2025] Enqueueing pair 28467/29377 (96.9%). Est. time left: 00:00:08 (hh:mm:ss)
[Sat May 17 16:55:20 2025] Enqueueing pair 28496/29377 (97.0%). Est. time left: 00:00:08 (hh:mm:ss)
[Sat May 17 16:55:21 2025] Enqueueing pair 28526/29377 (97.1%). Est. time left: 00:00:08 (hh:mm:ss)
[Sat May 17 16:55:21 2025] Enqueueing pair 28555/29377 (97.2%). Est. time left: 00:00:07 (hh:mm:ss)
[Sat May 17 16:55:21 2025] Enqueueing pair 28584/29377 (97.3%). Est. time left: 00:00:07 (hh:mm:ss)
[Sat May 17 16:55:21 2025] Enqueueing pair 28614/29377 (97.4%). Est. time left: 00:00:07 (hh:mm:ss)
[Sat May 17 16:55:21 2025] Enqueueing pair 28643/29377 (97.5%). Est. time left: 00:00:07 (hh:mm:ss)
[Sat May 17 16:55:21 2025] Enqueueing pair 28672/29377 (97.6%). Est. time left: 00:00:06 (hh:mm:ss)
[Sat May 17 16:55:21 2025] Enqueueing pair 28702/29377 (97.7%). Est. time left: 00:00:06 (hh:mm:ss)
[Sat May 17 16:55:21 2025] Enqueueing pair 28731/29377 (97.8%). Est. time left: 00:00:06 (hh:mm:ss)
[Sat May 17 16:55:21 2025] Enqueueing pair 28761/29377 (97.9%). Est. time left: 00:00:06 (hh:mm:ss)
[Sat May 17 16:55:22 2025] Enqueueing pair 28790/29377 (98.0%). Est. time left: 00:00:05 (hh:mm:ss)
[Sat May 17 16:55:22 2025] Enqueueing pair 28819/29377 (98.1%). Est. time left: 00:00:05 (hh:mm:ss)
[Sat May 17 16:55:22 2025] Enqueueing pair 28849/29377 (98.2%). Est. time left: 00:00:05 (hh:mm:ss)
[Sat May 17 16:55:22 2025] Enqueueing pair 28878/29377 (98.3%). Est. time left: 00:00:05 (hh:mm:ss)
[Sat May 17 16:55:22 2025] Enqueueing pair 28907/29377 (98.4%). Est. time left: 00:00:04 (hh:mm:ss)
[Sat May 17 16:55:22 2025] Enqueueing pair 28937/29377 (98.5%). Est. time left: 00:00:04 (hh:mm:ss)
[Sat May 17 16:55:23 2025] Enqueueing pair 28966/29377 (98.6%). Est. time left: 00:00:04 (hh:mm:ss)
[Sat May 17 16:55:23 2025] Enqueueing pair 28996/29377 (98.7%). Est. time left: 00:00:04 (hh:mm:ss)
[Sat May 17 16:55:26 2025] Enqueueing pair 29025/29377 (98.8%). Est. time left: 00:00:03 (hh:mm:ss)
[Sat May 17 16:55:26 2025] Enqueueing pair 29054/29377 (98.9%). Est. time left: 00:00:03 (hh:mm:ss)
[Sat May 17 16:55:26 2025] Enqueueing pair 29084/29377 (99.0%). Est. time left: 00:00:03 (hh:mm:ss)
[Sat May 17 16:55:28 2025] Enqueueing pair 29113/29377 (99.1%). Est. time left: 00:00:03 (hh:mm:ss)
[Sat May 17 16:55:28 2025] Enqueueing pair 29142/29377 (99.2%). Est. time left: 00:00:03 (hh:mm:ss)
[Sat May 17 16:55:29 2025] Enqueueing pair 29172/29377 (99.3%). Est. time left: 00:00:02 (hh:mm:ss)
[Sat May 17 16:55:29 2025] Enqueueing pair 29201/29377 (99.4%). Est. time left: 00:00:02 (hh:mm:ss)
[Sat May 17 16:55:29 2025] Enqueueing pair 29231/29377 (99.5%). Est. time left: 00:00:02 (hh:mm:ss)
[Sat May 17 16:55:30 2025] Enqueueing pair 29260/29377 (99.6%). Est. time left: 00:00:02 (hh:mm:ss)
[Sat May 17 16:55:30 2025] Enqueueing pair 29289/29377 (99.7%). Est. time left: 00:00:01 (hh:mm:ss)
[Sat May 17 16:55:30 2025] Enqueueing pair 29319/29377 (99.8%). Est. time left: 00:00:01 (hh:mm:ss)
[Sat May 17 16:55:30 2025] Enqueueing pair 29348/29377 (99.9%). Est. time left: 00:00:01 (hh:mm:ss)
[Sat May 17 16:56:14 2025] 29377/29377 (100%) pairs aligned
[Sat May 17 16:56:14 2025] Alignment of pairs finished
[Sat May 17 16:56:14 2025] Translating coordinates from local pair level to contig level
[Sat May 17 16:56:17 2025] Finished spliced alignment
[Sat May 17 16:56:17 2025] Flagging top chains
[Sat May 17 16:56:21 2025] Processing the output
[Sat May 17 16:56:32 2025] Output processed
[Sat May 17 16:56:32 2025] ProtHint finished.
