Usage: java -jar $PILON_HOME/pilon.jar other-options...
Pilon version 1.24 Thu Jan 28 13:00:45 2021 -0500
--threads argument no longer supported; ignoring!
Genome: assembly.fasta
Fixing snps, indels, gaps, local
Input genome size: 16931749
Scanning BAMs
aligned.bam: 42077056 reads, 0 filtered, 41878778 mapped, 41196866 proper, 613504 stray, FR 100% 320+/-123, max 12140 frags
Processing contig_10:1-4646258
frags aligned.bam: coverage 326
Total Reads: 12174848, Coverage: 326, minDepth: 33
Confirmed 4451479 of 4646258 bases (95.81%)
Corrected 22824 snps; 92 ambiguous bases; corrected 14199 small insertions totaling 15682 bases, 5704 small deletions totaling 6974 bases
Large collapsed region: contig_10:92217-106026 size 13810
Large collapsed region: contig_10:733479-750042 size 16564
Large collapsed region: contig_10:895437-905457 size 10021
Large collapsed region: contig_10:1009488-1020788 size 11301
Large collapsed region: contig_10:1081210-1099920 size 18711
Large collapsed region: contig_10:1119620-1130950 size 11331
Large collapsed region: contig_10:1180925-1192537 size 11613
Large collapsed region: contig_10:1210624-1232188 size 21565
Large collapsed region: contig_10:1241492-1259629 size 18138
Large collapsed region: contig_10:4625370-4635754 size 10385
# Attempting to fix local continuity breaks
# fix break: contig_10:3204-3229 0 -0 +0 NoSolution
# fix break: contig_10:3763-3808 0 -0 +0 NoSolution
# fix break: contig_10:4502-4519 0 -0 +0 NoSolution
fix break: contig_10:4844-4847 4972 -80 +82 BreakFix
# fix break: contig_10:7645-8056 0 -0 +0 NoSolution
# fix break: contig_10:8658-8899 0 -0 +0 NoSolution
# fix break: contig_10:9588-9800 0 -0 +0 NoSolution
# fix break: contig_10:10286-10433 0 -0 +0 NoSolution
# fix break: contig_10:11260-11853 0 -0 +0 NoSolution
# fix break: contig_10:14202-14278 0 -0 +0 NoSolution
# fix break: contig_10:15247-15293 0 -0 +0 NoSolution
# fix break: contig_10:17988-18032 0 -0 +0 NoSolution
# fix break: contig_10:30469-30570 0 -0 +0 NoSolution TandemRepeat 172
# fix break: contig_10:30916-30923 0 -0 +0 NoSolution TandemRepeat 344
# fix break: contig_10:38331-38348 0 -0 +0 NoSolution
# fix break: contig_10:39146-39168 0 -0 +0 NoSolution
fix break: contig_10:43088 42876 -442 +445 BreakFix
# fix break: contig_10:43644-43838 0 -0 +0 NoSolution
# fix break: contig_10:44783-45451 0 -0 +0 NoSolution
# fix break: contig_10:46091-46200 0 -0 +0 NoSolution
# fix break: contig_10:47490-47741 0 -0 +0 NoSolution
# fix break: contig_10:50595-50640 0 -0 +0 NoSolution
# fix break: contig_10:51368-51447 0 -0 +0 NoSolution
# fix break: contig_10:52091-52141 0 -0 +0 NoSolution
# fix break: contig_10:52903-52947 0 -0 +0 NoSolution
# fix break: contig_10:56762-57333 0 -0 +0 NoSolution
# fix break: contig_10:57744-57830 0 -0 +0 NoSolution
fix break: contig_10:58381-58527 58298 -257 +259 BreakFix
# fix break: contig_10:60322 0 -0 +0 NoSolution TandemRepeat 2
# fix break: contig_10:60559-60702 0 -0 +0 NoSolution TandemRepeat 2
fix break: contig_10:65927-65963 65956 -257 +262 BreakFix
# fix break: contig_10:69242-69264 0 -0 +0 NoSolution
fix break: contig_10:80743-80800 80706 -171 +176 BreakFix
fix break: contig_10:81439 81168 -444 +447 BreakFix
# fix break: contig_10:82193 0 -0 +0 NoSolution
# fix break: contig_10:88152-88428 0 -0 +0 NoSolution
# fix break: contig_10:88722-88872 0 -0 +0 NoSolution
# fix break: contig_10:89131-89488 0 -0 +0 NoSolution
# fix break: contig_10:89759-89871 0 -0 +0 NoSolution
# fix break: contig_10:90097-90339 0 -0 +0 NoSolution
# fix break: contig_10:90788-91792 0 -0 +0 NoSolution
# fix break: contig_10:92116-92122 0 -0 +0 NoSolution
fix break: contig_10:92402-92823 92289 -659 +654 BreakFix
fix break: contig_10:93534-93683 93341 -510 +503 BreakFix
fix break: contig_10:94262-94271 94100 -234 +239 BreakFix
# fix break: contig_10:94728-94997 0 -0 +0 NoSolution
# fix break: contig_10:95520-95600 0 -0 +0 NoSolution TandemRepeat 92
# fix break: contig_10:96154-96438 0 -0 +0 NoSolution
fix break: contig_10:96781-96791 96592 -462 +464 BreakFix
# fix break: contig_10:97486-97511 0 -0 +0 NoSolution
# fix break: contig_10:98336-98340 0 -0 +0 NoSolution TandemRepeat 28
fix break: contig_10:98710-98783 98710 -337 +339 BreakFix
# fix break: contig_10:98998-99007 0 -0 +0 NoSolution
fix break: contig_10:100131-100140 99898 -317 +319 BreakFix
# fix break: contig_10:100674-100715 0 -0 +0 NoSolution
# fix break: contig_10:100931-101052 0 -0 +0 NoSolution
fix break: contig_10:101678-101972 101464 -582 +583 BreakFix
# fix break: contig_10:102381-102510 0 -0 +0 NoSolution
# fix break: contig_10:102907-103127 0 -0 +0 NoSolution
fix break: contig_10:103329-103463 103057 -585 +587 BreakFix
fix break: contig_10:103854-103861 103620 -425 +424 BreakFix
# fix break: contig_10:104595-104628 0 -0 +0 NoSolution
# fix break: contig_10:105100-105154 0 -0 +0 NoSolution
fix break: contig_10:105449-105527 105270 -456 +457 BreakFix
# fix break: contig_10:106242-106315 0 -0 +0 NoSolution
# fix break: contig_10:107126-107345 0 -0 +0 NoSolution TandemRepeat 31
# fix break: contig_10:107685-107799 0 -0 +0 NoSolution TandemRepeat 31
# fix break: contig_10:108223-108252 0 -0 +0 NoSolution TandemRepeat 27
fix break: contig_10:110980-111067 110845 -423 +425 BreakFix
# fix break: contig_10:127215-127251 0 -0 +0 NoSolution
# fix break: contig_10:131518 0 -0 +0 NoSolution TandemRepeat 22
# fix break: contig_10:136056-136115 0 -0 +0 NoSolution
# fix break: contig_10:137214-137453 0 -0 +0 NoSolution
# fix break: contig_10:141277-141284 0 -0 +0 NoSolution
# fix break: contig_10:143746-144248 0 -0 +0 NoSolution
# fix break: contig_10:144998-145041 0 -0 +0 NoSolution
# fix break: contig_10:145532-145671 0 -0 +0 NoSolution
# fix break: contig_10:150148-151431 0 -0 +0 NoSolution
fix break: contig_10:160094 160093 -152 +149 BreakFix
# fix break: contig_10:160898-160922 0 -0 +0 NoSolution
# fix break: contig_10:164302-164401 0 -0 +0 NoSolution
fix break: contig_10:164698-164711 164512 -233 +233 BreakFix
# fix break: contig_10:170774-170791 0 -0 +0 NoSolution
# fix break: contig_10:173999-174095 0 -0 +0 NoSolution TandemRepeat 2
# fix break: contig_10:174982-175012 0 -0 +0 NoSolution
# fix break: contig_10:181838-181956 0 -0 +0 NoSolution
# fix break: contig_10:191150-191298 0 -0 +0 NoSolution
# fix break: contig_10:226648-226798 0 -0 +0 NoSolution TandemRepeat 60
# fix break: contig_10:227109-227119 0 -0 +0 NoSolution TandemRepeat 60
fix break: contig_10:230729 230520 -224 +225 BreakFix
# fix break: contig_10:233520 0 -0 +0 NoSolution
# fix break: contig_10:234169-234757 0 -0 +0 NoSolution
fix break: contig_10:237375-237376 237372 -40 +38 BreakFix
# fix break: contig_10:239757-239776 0 -0 +0 NoSolution
# fix break: contig_10:253744-253796 0 -0 +0 NoSolution
# fix break: contig_10:256206 0 -0 +0 NoSolution
# fix break: contig_10:256679 0 -0 +0 NoSolution
# fix break: contig_10:256941-257342 0 -0 +0 NoSolution
# fix break: contig_10:262381-262725 0 -0 +0 NoSolution
# fix break: contig_10:269873-270026 0 -0 +0 NoSolution
# fix break: contig_10:270819-270916 0 -0 +0 NoSolution
fix break: contig_10:278687-278720 278710 -269 +278 BreakFix
# fix break: contig_10:279135-279190 0 -0 +0 NoSolution
fix break: contig_10:280071-280093 279896 -198 +177 BreakFix
# fix break: contig_10:281784-281842 0 -0 +0 NoSolution
# fix break: contig_10:282260-282264 0 -0 +0 NoSolution
# fix break: contig_10:287486-287520 0 -0 +0 NoSolution
# fix break: contig_10:292180-292274 0 -0 +0 NoSolution
fix break: contig_10:293119-293121 292928 -194 +195 BreakFix
# fix break: contig_10:319529-319534 0 -0 +0 NoSolution
# fix break: contig_10:321315-321362 0 -0 +0 NoSolution TandemRepeat 27
fix break: contig_10:341638-341905 341644 -474 +449 BreakFix
fix break: contig_10:342913-342920 342719 -213 +215 BreakFix
# fix break: contig_10:378454-378679 0 -0 +0 NoSolution
# fix break: contig_10:386122 0 -0 +0 NoSolution
# fix break: contig_10:400197-400557 0 -0 +0 NoSolution
# fix break: contig_10:401060-401243 0 -0 +0 NoSolution
# fix break: contig_10:401979-401985 0 -0 +0 NoSolution
fix break: contig_10:403002-403069 402783 -440 +444 BreakFix
# fix break: contig_10:405652-405655 0 -0 +0 NoSolution TandemRepeat 2
# fix break: contig_10:408336-408443 0 -0 +0 NoSolution TandemRepeat 2
# fix break: contig_10:409890-409908 0 -0 +0 NoSolution TandemRepeat 2
# fix break: contig_10:419996-420004 0 -0 +0 NoSolution
# fix break: contig_10:420661-420672 0 -0 +0 NoSolution
fix break: contig_10:422893 422860 -34 +34 BreakFix
# fix break: contig_10:433404 0 -0 +0 NoSolution
# fix break: contig_10:433708-433723 0 -0 +0 NoSolution
fix break: contig_10:435066-435069 434938 -318 +315 BreakFix
# fix break: contig_10:435934-435963 0 -0 +0 NoSolution
fix break: contig_10:436223-436285 436111 -327 +332 BreakFix
fix break: contig_10:436670-436864 436398 -738 +748 BreakFix
fix break: contig_10:437241-437849 436996 -1030 +1045 BreakFix
fix break: contig_10:438084-438086 437815 -352 +357 BreakFix
# fix break: contig_10:439041-439117 0 -0 +0 NoSolution
# fix break: contig_10:439511-439518 0 -0 +0 NoSolution
# fix break: contig_10:439788-439789 0 -0 +0 NoSolution
# fix break: contig_10:441698-441711 0 -0 +0 NoSolution
# fix break: contig_10:442646-442653 0 -0 +0 NoSolution
fix break: contig_10:443008-443328 442843 -596 +596 BreakFix
fix break: contig_10:444057 443844 -301 +307 BreakFix
# fix break: contig_10:444289-444351 0 -0 +0 NoSolution
# fix break: contig_10:444652-444672 0 -0 +0 NoSolution
fix break: contig_10:446653-446846 446486 -467 +463 BreakFix
fix break: contig_10:447398-447608 447315 -549 +544 BreakFix
# fix break: contig_10:448367 0 -0 +0 NoSolution
fix break: contig_10:448600-448604 448334 -531 +534 BreakFix
fix break: contig_10:449389-449445 449170 -505 +511 BreakFix
fix break: contig_10:453832-454027 453779 -243 +243 BreakFix
fix break: contig_10:463486-463560 463525 -145 +163 BreakFix
fix break: contig_10:466468 466345 -347 +348 BreakFix
fix break: contig_10:492390-492403 492373 -12 +14 BreakFix
# fix break: contig_10:493080-493115 0 -0 +0 NoSolution
fix break: contig_10:495530-495668 495361 -367 +371 BreakFix
fix break: contig_10:495901-496005 495632 -569 +568 BreakFix
# fix break: contig_10:497756-497839 0 -0 +0 NoSolution TandemRepeat 1131
# fix break: contig_10:499979-500049 0 -0 +0 NoSolution
# fix break: contig_10:500346-500363 0 -0 +0 NoSolution
fix break: contig_10:501436-501629 501176 -634 +638 BreakFix
fix break: contig_10:502807-503242 502629 -866 +861 BreakFix
fix break: contig_10:503489-503494 503224 -484 +481 BreakFix
fix break: contig_10:503896 503670 -427 +423 BreakFix
# fix break: contig_10:504359 0 -0 +0 NoSolution
# fix break: contig_10:504827-504842 0 -0 +0 NoSolution
# fix break: contig_10:505190-505366 0 -0 +0 NoSolution
# fix break: contig_10:505678 0 -0 +0 NoSolution
# fix break: contig_10:507261 0 -0 +0 NoSolution
# fix break: contig_10:507863-507886 0 -0 +0 NoSolution
# fix break: contig_10:508627 0 -0 +0 NoSolution
# fix break: contig_10:509305 0 -0 +0 NoSolution
# fix break: contig_10:509948-509955 0 -0 +0 NoSolution
# fix break: contig_10:510975-511046 0 -0 +0 NoSolution
# fix break: contig_10:511643 0 -0 +0 NoSolution
# fix break: contig_10:515014-515020 0 -0 +0 NoSolution
# fix break: contig_10:518703-518734 0 -0 +0 NoSolution TandemRepeat 1
# fix break: contig_10:523180-523188 0 -0 +0 NoSolution TandemRepeat 1
# fix break: contig_10:532382 0 -0 +0 NoSolution TandemRepeat 30
# fix break: contig_10:533161-533309 0 -0 +0 NoSolution TandemRepeat 30
# fix break: contig_10:535206 0 -0 +0 NoSolution TandemRepeat 30
# fix break: contig_10:535686-535693 0 -0 +0 NoSolution TandemRepeat 30
# fix break: contig_10:536438 0 -0 +0 NoSolution TandemRepeat 30
# fix break: contig_10:537401-537406 0 -0 +0 NoSolution TandemRepeat 30
# fix break: contig_10:537691 0 -0 +0 NoSolution TandemRepeat 30
# fix break: contig_10:549108 0 -0 +0 NoSolution TandemRepeat 2
# fix break: contig_10:549337 0 -0 +0 NoSolution TandemRepeat 2
# fix break: contig_10:549773-549783 0 -0 +0 NoSolution TandemRepeat 2
# fix break: contig_10:550610-550618 0 -0 +0 NoSolution TandemRepeat 2
# fix break: contig_10:555586-555675 0 -0 +0 NoSolution TandemRepeat 2
# fix break: contig_10:559773-559777 0 -0 +0 NoSolution TandemRepeat 27
# fix break: contig_10:575831 0 -0 +0 NoSolution TandemRepeat 22
# fix break: contig_10:576058-576085 0 -0 +0 NoSolution TandemRepeat 22
# fix break: contig_10:578709-578735 0 -0 +0 NoSolution TandemRepeat 2
# fix break: contig_10:598282-598286 0 -0 +0 NoSolution TandemRepeat 4
fix break: contig_10:605020 604930 -143 +143 BreakFix
# fix break: contig_10:626842-627277 0 -0 +0 NoSolution
# fix break: contig_10:670146-670153 0 -0 +0 NoSolution TandemRepeat 23
# fix break: contig_10:689230-689263 0 -0 +0 NoSolution
# fix break: contig_10:692340-692570 0 -0 +0 NoSolution
# fix break: contig_10:693659-693663 0 -0 +0 NoSolution
# fix break: contig_10:693965-694190 0 -0 +0 NoSolution
# fix break: contig_10:694627-694643 0 -0 +0 NoSolution
fix break: contig_10:695121 694880 -242 +240 BreakFix
# fix break: contig_10:696565 0 -0 +0 NoSolution
# fix break: contig_10:697891-697913 0 -0 +0 NoSolution
fix break: contig_10:698407 698217 -433 +435 BreakFix
# fix break: contig_10:699531-699609 0 -0 +0 NoSolution TandemRepeat 19402
# fix break: contig_10:701314-701323 0 -0 +0 NoSolution TandemRepeat 19402
# fix break: contig_10:709098-709122 0 -0 +0 NoSolution
# fix break: contig_10:710887-710929 0 -0 +0 NoSolution
# fix break: contig_10:714830-715007 0 -0 +0 NoSolution
# fix break: contig_10:715393-715819 0 -0 +0 NoSolution
# fix break: contig_10:716146-716175 0 -0 +0 NoSolution
# fix break: contig_10:716381-716416 0 -0 +0 NoSolution
# fix break: contig_10:716790-716983 0 -0 +0 NoSolution
fix break: contig_10:717208-717220 716961 -525 +528 BreakFix
# fix break: contig_10:717816-718116 0 -0 +0 NoSolution
# fix break: contig_10:719316-719317 0 -0 +0 NoSolution
# fix break: contig_10:720373-720383 0 -0 +0 NoSolution
# fix break: contig_10:720725-720735 0 -0 +0 NoSolution
# fix break: contig_10:720984-721029 0 -0 +0 NoSolution
# fix break: contig_10:721241-721281 0 -0 +0 NoSolution
# fix break: contig_10:721772-721895 0 -0 +0 NoSolution
# fix break: contig_10:722431-723509 0 -0 +0 NoSolution
fix break: contig_10:724567-725818 724535 -1485 +1499 BreakFix
# fix break: contig_10:726140-726961 0 -0 +0 NoSolution
# fix break: contig_10:727313-727505 0 -0 +0 NoSolution
# fix break: contig_10:729963-731366 0 -0 +0 NoSolution
# fix break: contig_10:732296-732523 0 -0 +0 NoSolution
# fix break: contig_10:733174-733435 0 -0 +0 NoSolution
fix break: contig_10:733816-733883 733667 -426 +424 BreakFix
fix break: contig_10:734280-734497 734093 -648 +648 BreakFix
fix break: contig_10:734867-735874 734709 -1421 +1423 BreakFix
# fix break: contig_10:736126-736457 0 -0 +0 NoSolution TandemRepeat 61
# fix break: contig_10:736951-737268 0 -0 +0 NoSolution TandemRepeat 61
# fix break: contig_10:737507-737733 0 -0 +0 NoSolution
# fix break: contig_10:738005-738510 0 -0 +0 NoSolution TandemRepeat 61
# fix break: contig_10:738754-739530 0 -0 +0 NoSolution
# fix break: contig_10:739777-740163 0 -0 +0 NoSolution TandemRepeat 126
# fix break: contig_10:740367-741226 0 -0 +0 NoSolution TandemRepeat 126
fix break: contig_10:741824-743003 741555 -1660 +1669 BreakFix
# fix break: contig_10:743364-743595 0 -0 +0 NoSolution
# fix break: contig_10:743859-745491 0 -0 +0 NoSolution
# fix break: contig_10:745989-745994 0 -0 +0 NoSolution
fix break: contig_10:746303-746389 746065 -421 +420 BreakFix
fix break: contig_10:746714-746742 746490 -494 +497 BreakFix
# fix break: contig_10:747149 0 -0 +0 NoSolution
# fix break: contig_10:747473-748405 0 -0 +0 NoSolution
# fix break: contig_10:748967-749899 0 -0 +0 NoSolution
# fix break: contig_10:750632-751050 0 -0 +0 NoSolution
# fix break: contig_10:751324-754398 0 -0 +0 NoSolution
fix break: contig_10:754616-755283 754516 -695 +697 BreakFix
# fix break: contig_10:755843-756106 0 -0 +0 NoSolution
# fix break: contig_10:756397-756409 0 -0 +0 NoSolution
fix break: contig_10:756646-756993 756382 -866 +868 BreakFix
# fix break: contig_10:757444-757701 0 -0 +0 NoSolution
# fix break: contig_10:757962-758010 0 -0 +0 NoSolution
# fix break: contig_10:758316-758319 0 -0 +0 NoSolution
# fix break: contig_10:758607-758842 0 -0 +0 NoSolution
# fix break: contig_10:759237-759394 0 -0 +0 NoSolution
# fix break: contig_10:759637-760216 0 -0 +0 NoSolution
# fix break: contig_10:760718-760793 0 -0 +0 NoSolution
# fix break: contig_10:761117-761188 0 -0 +0 NoSolution
# fix break: contig_10:761407-762047 0 -0 +0 NoSolution
# fix break: contig_10:762261-762365 0 -0 +0 NoSolution
# fix break: contig_10:762628-762644 0 -0 +0 NoSolution
# fix break: contig_10:763230-763457 0 -0 +0 NoSolution
# fix break: contig_10:763873-763877 0 -0 +0 NoSolution
# fix break: contig_10:765129-765712 0 -0 +0 NoSolution
# fix break: contig_10:765934-766466 0 -0 +0 NoSolution
# fix break: contig_10:766758-767659 0 -0 +0 NoSolution
# fix break: contig_10:767894-768494 0 -0 +0 NoSolution
# fix break: contig_10:768760-768803 0 -0 +0 NoSolution
fix break: contig_10:769168-769190 768898 -525 +523 BreakFix
# fix break: contig_10:769723 0 -0 +0 NoSolution
# fix break: contig_10:770109-770116 0 -0 +0 NoSolution
fix break: contig_10:770524-770823 770356 -734 +732 BreakFix
# fix break: contig_10:776259-776285 0 -0 +0 NoSolution
# fix break: contig_10:776638-776646 0 -0 +0 NoSolution
# fix break: contig_10:778121-778212 0 -0 +0 NoSolution
# fix break: contig_10:779403-779471 0 -0 +0 NoSolution
# fix break: contig_10:779771-779963 0 -0 +0 NoSolution
# fix break: contig_10:780377-780384 0 -0 +0 NoSolution
# fix break: contig_10:780619-780654 0 -0 +0 NoSolution
fix break: contig_10:781050-781063 780794 -528 +534 BreakFix
# fix break: contig_10:781303-781320 0 -0 +0 NoSolution
fix break: contig_10:781808 781583 -368 +371 BreakFix
# fix break: contig_10:783683-783689 0 -0 +0 NoSolution
fix break: contig_10:796217-796225 795969 -468 +466 BreakFix
# fix break: contig_10:797862-797973 0 -0 +0 NoSolution
# fix break: contig_10:798450-798452 0 -0 +0 NoSolution
# fix break: contig_10:799106-799163 0 -0 +0 NoSolution
# fix break: contig_10:799372 0 -0 +0 NoSolution
# fix break: contig_10:826440-827027 0 -0 +0 NoSolution TandemRepeat 33
# fix break: contig_10:827358-827602 0 -0 +0 NoSolution TandemRepeat 33
# fix break: contig_10:827891-828131 0 -0 +0 NoSolution TandemRepeat 33
# fix break: contig_10:828369-828525 0 -0 +0 NoSolution TandemRepeat 33
# fix break: contig_10:828921-828932 0 -0 +0 NoSolution TandemRepeat 33
# fix break: contig_10:829191-829442 0 -0 +0 NoSolution TandemRepeat 33
# fix break: contig_10:830801-830837 0 -0 +0 NoSolution
# fix break: contig_10:832701 0 -0 +0 NoSolution
fix break: contig_10:833393 833220 -433 +425 BreakFix
# fix break: contig_10:833618 0 -0 +0 NoSolution
fix break: contig_10:833989 833807 -304 +303 BreakFix
# fix break: contig_10:834691-834715 0 -0 +0 NoSolution
# fix break: contig_10:836471-836723 0 -0 +0 NoSolution
fix break: contig_10:839176 838934 -493 +494 BreakFix
# fix break: contig_10:841294 0 -0 +0 NoSolution
# fix break: contig_10:867600-867679 0 -0 +0 NoSolution
# fix break: contig_10:869016-869125 0 -0 +0 NoSolution
# fix break: contig_10:869428-870173 0 -0 +0 NoSolution
# fix break: contig_10:870473-870483 0 -0 +0 NoSolution
# fix break: contig_10:871221-871316 0 -0 +0 NoSolution
# fix break: contig_10:871548-871581 0 -0 +0 NoSolution
# fix break: contig_10:871926-871993 0 -0 +0 NoSolution
# fix break: contig_10:874424-875161 0 -0 +0 NoSolution
fix break: contig_10:875563-876364 875434 -1168 +1175 BreakFix
# fix break: contig_10:876721-876907 0 -0 +0 NoSolution
# fix break: contig_10:879015-879138 0 -0 +0 NoSolution
slurmstepd: error: *** JOB 9891335 ON s194 CANCELLED AT 2025-04-06T17:32:12 DUE TO TIME LIMIT ***
