Settings:
  Output files: "/home/isamaru/genome-analysis/DNA_analysis/05_DNA_annotation/hisat2/index.*.ht2"
  Line rate: 6 (line is 64 bytes)
  Lines per side: 1 (side is 64 bytes)
  Offset rate: 4 (one in 16)
  FTable chars: 10
  Strings: unpacked
  Local offset rate: 3 (one in 8)
  Local fTable chars: 6
  Local sequence length: 57344
  Local sequence overlap between two consecutive indexes: 1024
  Endianness: little
  Actual local endianness: little
  Sanity checking: disabled
  Assertions: disabled
  Random seed: 0
  Sizeofs: void*:8, int:4, long:8, size_t:8
Input files DNA, FASTA:
  /home/isamaru/genome-analysis/DNA_analysis/05_DNA_annotation/scaffolds_scaffolds_final.fa.masked
Reading reference sizes
  Time reading reference sizes: 00:00:00
Calculating joined length
Writing header
Reserving space for joined string
Joining reference sequences
  Time to join reference sequences: 00:00:00
  Time to read SNPs and splice sites: 00:00:00
Using parameters --bmax 199254 --dcv 1024
  Doing ahead-of-time memory usage test
  Passed!  Constructing with these parameters: --bmax 199254 --dcv 1024
Constructing suffix-array element generator
Building DifferenceCoverSample
  Building sPrime
  Building sPrimeOrder
  V-Sorting samples
  V-Sorting samples time: 00:00:00
  Allocating rank array
  Ranking v-sort output
  Ranking v-sort output time: 00:00:00
  Invoking Larsson-Sadakane on ranks
  Invoking Larsson-Sadakane on ranks time: 00:00:00
  Sanity-checking and returning
Building samples
Reserving space for 172 sample suffixes
Generating random suffixes
QSorting 172 sample offsets, eliminating duplicates
QSorting sample offsets, eliminating duplicates time: 00:00:00
Multikey QSorting 172 samples
  (Using difference cover)
  Multikey QSorting samples time: 00:00:00
Calculating bucket sizes
Splitting and merging
  Splitting and merging time: 00:00:00
Split 26, merged 80; iterating...
Splitting and merging
  Splitting and merging time: 00:00:00
Split 16, merged 16; iterating...
Splitting and merging
  Splitting and merging time: 00:00:00
Split 8, merged 10; iterating...
Splitting and merging
  Splitting and merging time: 00:00:00
Split 2, merged 5; iterating...
Splitting and merging
  Splitting and merging time: 00:00:00
Avg bucket size: 150468 (target: 199253)
Converting suffix-array elements to index image
Allocating ftab, absorbFtab
Entering GFM loop
Getting block 1 of 113
Getting block 2 of 113
  Reserving size (199254) for bucket 1
  Reserving size (199254) for bucket 2
Getting block 3 of 113
  Reserving size (199254) for bucket 3
Getting block 4 of 113
  Calculating Z arrays for bucket 1
Getting block 8 of 113
Getting block 9 of 113
  Reserving size (199254) for bucket 4
Getting block 6 of 113
  Reserving size (199254) for bucket 6
  Reserving size (199254) for bucket 8
  Reserving size (199254) for bucket 9
Getting block 7 of 113
  Reserving size (199254) for bucket 7
Getting block 5 of 113
  Calculating Z arrays for bucket 3
  Reserving size (199254) for bucket 5
  Calculating Z arrays for bucket 2
Getting block 10 of 113
  Reserving size (199254) for bucket 10
  Entering block accumulator loop for bucket 1:
  Calculating Z arrays for bucket 7
  Calculating Z arrays for bucket 4
  Calculating Z arrays for bucket 6
  Calculating Z arrays for bucket 10
  Calculating Z arrays for bucket 8
  Calculating Z arrays for bucket 9
  Calculating Z arrays for bucket 5
  Entering block accumulator loop for bucket 3:
  Entering block accumulator loop for bucket 7:
Getting block 11 of 113
  Reserving size (199254) for bucket 11
  Entering block accumulator loop for bucket 8:
  Entering block accumulator loop for bucket 2:
  Entering block accumulator loop for bucket 4:
  Entering block accumulator loop for bucket 10:
  Calculating Z arrays for bucket 11
  Entering block accumulator loop for bucket 9:
  Entering block accumulator loop for bucket 6:
  Entering block accumulator loop for bucket 5:
  Entering block accumulator loop for bucket 11:
Getting block 12 of 113
  Reserving size (199254) for bucket 12
Getting block 13 of 113
  Reserving size (199254) for bucket 13
  Calculating Z arrays for bucket 12
Getting block 14 of 113
Getting block 15 of 113
  Calculating Z arrays for bucket 13
  Reserving size (199254) for bucket 14
  Reserving size (199254) for bucket 15
  Entering block accumulator loop for bucket 12:
Getting block 16 of 113
  Calculating Z arrays for bucket 14
  Reserving size (199254) for bucket 16
  Entering block accumulator loop for bucket 13:
  Calculating Z arrays for bucket 15
  Calculating Z arrays for bucket 16
  Entering block accumulator loop for bucket 14:
  Entering block accumulator loop for bucket 15:
  Entering block accumulator loop for bucket 16:
  bucket 1: 10%
  bucket 2: 10%
  bucket 3: 10%
  bucket 4: 10%
  bucket 5: 10%
  bucket 8: 10%
  bucket 6: 10%
  bucket 11: 10%
  bucket 10: 10%
  bucket 7: 10%
  bucket 9: 10%
  bucket 13: 10%
  bucket 15: 10%
  bucket 12: 10%
  bucket 16: 10%
  bucket 14: 10%
  bucket 1: 20%
  bucket 2: 20%
  bucket 3: 20%
  bucket 4: 20%
  bucket 5: 20%
  bucket 8: 20%
  bucket 6: 20%
  bucket 11: 20%
  bucket 7: 20%
  bucket 10: 20%
  bucket 9: 20%
  bucket 13: 20%
  bucket 15: 20%
  bucket 12: 20%
  bucket 16: 20%
  bucket 14: 20%
  bucket 1: 30%
  bucket 2: 30%
  bucket 3: 30%
  bucket 4: 30%
  bucket 5: 30%
  bucket 8: 30%
  bucket 6: 30%
  bucket 11: 30%
  bucket 10: 30%
  bucket 7: 30%
  bucket 9: 30%
  bucket 13: 30%
  bucket 15: 30%
  bucket 16: 30%
  bucket 12: 30%
  bucket 14: 30%
  bucket 1: 40%
  bucket 2: 40%
  bucket 3: 40%
  bucket 4: 40%
  bucket 5: 40%
  bucket 8: 40%
  bucket 6: 40%
  bucket 11: 40%
  bucket 10: 40%
  bucket 7: 40%
  bucket 9: 40%
  bucket 13: 40%
  bucket 15: 40%
  bucket 16: 40%
  bucket 12: 40%
  bucket 14: 40%
  bucket 1: 50%
  bucket 2: 50%
  bucket 3: 50%
  bucket 4: 50%
  bucket 5: 50%
  bucket 8: 50%
  bucket 6: 50%
  bucket 11: 50%
  bucket 10: 50%
  bucket 7: 50%
  bucket 9: 50%
  bucket 13: 50%
  bucket 15: 50%
  bucket 1: 60%
  bucket 16: 50%
  bucket 12: 50%
  bucket 14: 50%
  bucket 2: 60%
  bucket 3: 60%
  bucket 4: 60%
  bucket 5: 60%
  bucket 8: 60%
  bucket 6: 60%
  bucket 11: 60%
  bucket 7: 60%
  bucket 10: 60%
  bucket 9: 60%
  bucket 1: 70%
  bucket 13: 60%
  bucket 15: 60%
  bucket 16: 60%
  bucket 2: 70%
  bucket 12: 60%
  bucket 3: 70%
  bucket 14: 60%
  bucket 4: 70%
  bucket 5: 70%
  bucket 8: 70%
  bucket 6: 70%
  bucket 11: 70%
  bucket 10: 70%
  bucket 7: 70%
  bucket 1: 80%
  bucket 9: 70%
  bucket 13: 70%
  bucket 2: 80%
  bucket 15: 70%
  bucket 3: 80%
  bucket 16: 70%
  bucket 4: 80%
  bucket 12: 70%
  bucket 5: 80%
  bucket 14: 70%
  bucket 8: 80%
  bucket 6: 80%
  bucket 11: 80%
  bucket 7: 80%
  bucket 10: 80%
  bucket 1: 90%
  bucket 9: 80%
  bucket 2: 90%
  bucket 3: 90%
  bucket 13: 80%
  bucket 15: 80%
  bucket 4: 90%
  bucket 5: 90%
  bucket 16: 80%
  bucket 12: 80%
  bucket 14: 80%
  bucket 8: 90%
  bucket 6: 90%
  bucket 11: 90%
  bucket 1: 100%
  Sorting block of length 62091 for bucket 1
  (Using difference cover)
  bucket 7: 90%
  bucket 10: 90%
  bucket 2: 100%
  Sorting block of length 198401 for bucket 2
  (Using difference cover)
  bucket 9: 90%
  bucket 3: 100%
  Sorting block of length 154762 for bucket 3
  (Using difference cover)
  bucket 4: 100%
  Sorting block of length 153295 for bucket 4
  (Using difference cover)
  bucket 5: 100%
  Sorting block of length 196992 for bucket 5
  (Using difference cover)
  Sorting block time: 00:00:00
Returning block of 62092 for bucket 1
  bucket 13: 90%
  bucket 15: 90%
  bucket 16: 90%
Getting block 17 of 113
  Reserving size (199254) for bucket 17
  Calculating Z arrays for bucket 17
  Entering block accumulator loop for bucket 17:
  bucket 8: 100%
  Sorting block of length 91842 for bucket 8
  (Using difference cover)
  bucket 12: 90%
  bucket 6: 100%
  Sorting block of length 101821 for bucket 6
  (Using difference cover)
  bucket 14: 90%
  bucket 11: 100%
  Sorting block of length 68591 for bucket 11
  (Using difference cover)
  bucket 7: 100%
  Sorting block of length 150058 for bucket 7
  (Using difference cover)
  bucket 10: 100%
  Sorting block of length 157110 for bucket 10
  (Using difference cover)
  bucket 9: 100%
  Sorting block of length 197374 for bucket 9
  (Using difference cover)
  bucket 13: 100%
  Sorting block of length 157901 for bucket 13
  (Using difference cover)
  Sorting block time: 00:00:00
Returning block of 68592 for bucket 11
  bucket 15: 100%
  Sorting block of length 102397 for bucket 15
  (Using difference cover)
  Sorting block time: 00:00:00
Returning block of 91843 for bucket 8
  bucket 16: 100%
  Sorting block of length 153561 for bucket 16
  (Using difference cover)
  bucket 12: 100%
  Sorting block of length 150138 for bucket 12
  (Using difference cover)
Getting block 18 of 113
  Reserving size (199254) for bucket 18
  Calculating Z arrays for bucket 18
  Entering block accumulator loop for bucket 18:
  Sorting block time: 00:00:00
Returning block of 101822 for bucket 6
  bucket 14: 100%
  Sorting block of length 196163 for bucket 14
  (Using difference cover)
  Sorting block time: 00:00:00
Returning block of 154763 for bucket 3
  bucket 17: 10%
  Sorting block time: 00:00:00
Returning block of 153296 for bucket 4
Getting block 19 of 113
  Reserving size (199254) for bucket 19
  Calculating Z arrays for bucket 19
  Entering block accumulator loop for bucket 19:
Getting block 20 of 113
  Reserving size (199254) for bucket 20
  Calculating Z arrays for bucket 20
  Entering block accumulator loop for bucket 20:
  Sorting block time: 00:00:00
Returning block of 198402 for bucket 2
Getting block 21 of 113
  Reserving size (199254) for bucket 21
  Calculating Z arrays for bucket 21
  Entering block accumulator loop for bucket 21:
  Sorting block time: 00:00:00
Returning block of 196993 for bucket 5
  Sorting block time: 00:00:00
Returning block of 150059 for bucket 7
  Sorting block time: 00:00:00
Returning block of 157111 for bucket 10
  Sorting block time: 00:00:00
Returning block of 102398 for bucket 15
  bucket 18: 10%
Getting block 22 of 113
  Reserving size (199254) for bucket 22
  Calculating Z arrays for bucket 22
  Entering block accumulator loop for bucket 22:
  bucket 17: 20%
  bucket 19: 10%
Getting block 23 of 113
  Reserving size (199254) for bucket 23
  Calculating Z arrays for bucket 23
  Entering block accumulator loop for bucket 23:
  Sorting block time: 00:00:00
Returning block of 197375 for bucket 9
  Sorting block time: 00:00:00
Returning block of 157902 for bucket 13
  Sorting block time: 00:00:00
Returning block of 150139 for bucket 12
  bucket 20: 10%
Getting block 24 of 113
  Reserving size (199254) for bucket 24
  Calculating Z arrays for bucket 24
  Entering block accumulator loop for bucket 24:
  Sorting block time: 00:00:01
Returning block of 153562 for bucket 16
  bucket 21: 10%
Getting block 25 of 113
  Reserving size (199254) for bucket 25
  Calculating Z arrays for bucket 25
  Entering block accumulator loop for bucket 25:
  bucket 18: 20%
  Sorting block time: 00:00:01
Returning block of 196164 for bucket 14
  bucket 22: 10%
Getting block 26 of 113
  Reserving size (199254) for bucket 26
  Calculating Z arrays for bucket 26
  Entering block accumulator loop for bucket 26:
  bucket 17: 30%
Getting block 27 of 113
  Reserving size (199254) for bucket 27
  Calculating Z arrays for bucket 27
  Entering block accumulator loop for bucket 27:
  bucket 19: 20%
  bucket 23: 10%
  bucket 20: 20%
Getting block 28 of 113
  Reserving size (199254) for bucket 28
  Calculating Z arrays for bucket 28
  Entering block accumulator loop for bucket 28:
  bucket 24: 10%
Getting block 29 of 113
  Reserving size (199254) for bucket 29
  Calculating Z arrays for bucket 29
  Entering block accumulator loop for bucket 29:
  bucket 25: 10%
  bucket 21: 20%
  bucket 18: 30%
Getting block 30 of 113
  Reserving size (199254) for bucket 30
  Calculating Z arrays for bucket 30
  Entering block accumulator loop for bucket 30:
  bucket 22: 20%
  bucket 26: 10%
  bucket 17: 40%
Getting block 31 of 113
  Reserving size (199254) for bucket 31
  Calculating Z arrays for bucket 31
  Entering block accumulator loop for bucket 31:
  bucket 27: 10%
  bucket 19: 30%
  bucket 23: 20%
  bucket 20: 30%
  bucket 28: 10%
  bucket 24: 20%
Getting block 32 of 113
  Reserving size (199254) for bucket 32
  Calculating Z arrays for bucket 32
  Entering block accumulator loop for bucket 32:
  bucket 25: 20%
  bucket 18: 40%
  bucket 29: 10%
  bucket 21: 30%
  bucket 22: 30%
  bucket 30: 10%
  bucket 17: 50%
  bucket 26: 20%
  bucket 31: 10%
  bucket 27: 20%
  bucket 19: 40%
  bucket 20: 40%
  bucket 23: 30%
  bucket 28: 20%
  bucket 24: 30%
  bucket 25: 30%
  bucket 18: 50%
  bucket 29: 20%
  bucket 21: 40%
  bucket 22: 40%
  bucket 17: 60%
  bucket 30: 20%
  bucket 26: 30%
  bucket 31: 20%
  bucket 27: 30%
  bucket 19: 50%
  bucket 20: 50%
  bucket 23: 40%
  bucket 28: 30%
  bucket 32: 10%
  bucket 24: 40%
  bucket 25: 40%
  bucket 18: 60%
  bucket 17: 70%
  bucket 21: 50%
  bucket 22: 50%
  bucket 29: 30%
  bucket 26: 40%
  bucket 30: 30%
  bucket 31: 30%
  bucket 27: 40%
  bucket 19: 60%
  bucket 20: 60%
  bucket 23: 50%
  bucket 28: 40%
  bucket 24: 50%
  bucket 18: 70%
  bucket 25: 50%
  bucket 17: 80%
  bucket 22: 60%
  bucket 21: 60%
  bucket 29: 40%
  bucket 26: 50%
  bucket 27: 50%
  bucket 31: 40%
  bucket 30: 40%
  bucket 20: 70%
  bucket 19: 70%
  bucket 23: 60%
  bucket 32: 20%
  bucket 28: 50%
  bucket 18: 80%
  bucket 24: 60%
  bucket 17: 90%
  bucket 25: 60%
  bucket 22: 70%
  bucket 21: 70%
  bucket 29: 50%
  bucket 26: 60%
  bucket 27: 60%
  bucket 20: 80%
  bucket 19: 80%
  bucket 31: 50%
  bucket 30: 50%
  bucket 23: 70%
  bucket 28: 60%
  bucket 17: 100%
  Sorting block of length 71749 for bucket 17
  (Using difference cover)
  bucket 18: 90%
  bucket 24: 70%
  bucket 25: 70%
  bucket 22: 80%
  bucket 21: 80%
  bucket 29: 60%
  bucket 26: 70%
  bucket 27: 70%
  bucket 20: 90%
  bucket 19: 90%
  bucket 31: 60%
  Sorting block time: 00:00:00
Returning block of 71750 for bucket 17
  bucket 30: 60%
  bucket 23: 80%
  bucket 32: 30%
  bucket 28: 70%
Getting block 33 of 113
  Reserving size (199254) for bucket 33
  Calculating Z arrays for bucket 33
  Entering block accumulator loop for bucket 33:
  bucket 18: 100%
  Sorting block of length 154704 for bucket 18
  (Using difference cover)
  bucket 25: 80%
  bucket 24: 80%
  bucket 22: 90%
  bucket 21: 90%
  bucket 29: 70%
  bucket 20: 100%
  Sorting block of length 127143 for bucket 20
  (Using difference cover)
  bucket 26: 80%
  bucket 27: 80%
  bucket 19: 100%
  Sorting block of length 196232 for bucket 19
  (Using difference cover)
  bucket 31: 70%
  bucket 23: 90%
  bucket 30: 70%
  bucket 28: 80%
  bucket 25: 90%
  bucket 22: 100%
  Sorting block of length 79454 for bucket 22
  (Using difference cover)
  bucket 24: 90%
  bucket 21: 100%
  Sorting block of length 136105 for bucket 21
  (Using difference cover)
  bucket 29: 80%
  bucket 33: 10%
  Sorting block time: 00:00:00
Returning block of 154705 for bucket 18
  bucket 27: 90%
  bucket 26: 90%
  Sorting block time: 00:00:00
Returning block of 127144 for bucket 20
  bucket 31: 80%
  bucket 23: 100%
  Sorting block of length 164756 for bucket 23
  (Using difference cover)
  bucket 28: 90%
  bucket 30: 80%
  bucket 32: 40%
  Sorting block time: 00:00:00
Returning block of 79455 for bucket 22
Getting block 34 of 113
  Reserving size (199254) for bucket 34
  Calculating Z arrays for bucket 34
  Entering block accumulator loop for bucket 34:
  bucket 25: 100%
  Sorting block of length 133053 for bucket 25
  (Using difference cover)
Getting block 35 of 113
  Reserving size (199254) for bucket 35
  Calculating Z arrays for bucket 35
  Entering block accumulator loop for bucket 35:
  bucket 24: 100%
  Sorting block of length 176986 for bucket 24
  (Using difference cover)
Getting block 36 of 113
  Reserving size (199254) for bucket 36
  Calculating Z arrays for bucket 36
  Entering block accumulator loop for bucket 36:
  bucket 29: 90%
  Sorting block time: 00:00:00
Returning block of 196233 for bucket 19
  bucket 33: 20%
  bucket 27: 100%
  Sorting block of length 189634 for bucket 27
  (Using difference cover)
  bucket 26: 100%
  Sorting block of length 154565 for bucket 26
  (Using difference cover)
  Sorting block time: 00:00:00
Returning block of 136106 for bucket 21
  bucket 31: 90%
  bucket 28: 100%
  Sorting block of length 161354 for bucket 28
  (Using difference cover)
  bucket 30: 90%
  bucket 32: 50%
Getting block 37 of 113
  Reserving size (199254) for bucket 37
  Calculating Z arrays for bucket 37
  Entering block accumulator loop for bucket 37:
  bucket 34: 10%
Getting block 38 of 113
  Reserving size (199254) for bucket 38
  Calculating Z arrays for bucket 38
  Entering block accumulator loop for bucket 38:
  bucket 35: 10%
  bucket 29: 100%
  Sorting block of length 118436 for bucket 29
  (Using difference cover)
  Sorting block time: 00:00:00
Returning block of 133054 for bucket 25
  bucket 36: 10%
  Sorting block time: 00:00:00
Returning block of 164757 for bucket 23
  bucket 33: 30%
  bucket 31: 100%
  Sorting block of length 142318 for bucket 31
  (Using difference cover)
Getting block 39 of 113
  Reserving size (199254) for bucket 39
  Calculating Z arrays for bucket 39
  Entering block accumulator loop for bucket 39:
  bucket 30: 100%
  Sorting block of length 198600 for bucket 30
  (Using difference cover)
  bucket 32: 60%
  Sorting block time: 00:00:00
Returning block of 176987 for bucket 24
  Sorting block time: 00:00:00
Returning block of 154566 for bucket 26
Getting block 40 of 113
  Reserving size (199254) for bucket 40
  Calculating Z arrays for bucket 40
  Entering block accumulator loop for bucket 40:
  bucket 38: 10%
  Sorting block time: 00:00:00
Returning block of 189635 for bucket 27
  bucket 34: 20%
  bucket 37: 10%
  bucket 35: 20%
  Sorting block time: 00:00:00
Returning block of 161355 for bucket 28
  bucket 36: 20%
  Sorting block time: 00:00:00
Returning block of 118437 for bucket 29
  bucket 33: 40%
Getting block 41 of 113
  Reserving size (199254) for bucket 41
  Calculating Z arrays for bucket 41
  Entering block accumulator loop for bucket 41:
Getting block 42 of 113
  Reserving size (199254) for bucket 42
  Calculating Z arrays for bucket 42
  Entering block accumulator loop for bucket 42:
  bucket 39: 10%
  bucket 32: 70%
  Sorting block time: 00:00:00
Returning block of 142319 for bucket 31
Getting block 43 of 113
  Reserving size (199254) for bucket 43
  Calculating Z arrays for bucket 43
  Entering block accumulator loop for bucket 43:
  bucket 40: 10%
  bucket 37: 20%
  bucket 38: 20%
  bucket 35: 30%
Getting block 44 of 113
  Reserving size (199254) for bucket 44
  Calculating Z arrays for bucket 44
  Entering block accumulator loop for bucket 44:
  bucket 34: 30%
  bucket 36: 30%
  bucket 33: 50%
Getting block 45 of 113
  Reserving size (199254) for bucket 45
  Calculating Z arrays for bucket 45
  Entering block accumulator loop for bucket 45:
  bucket 41: 10%
  Sorting block time: 00:00:00
Returning block of 198601 for bucket 30
Getting block 46 of 113
  Reserving size (199254) for bucket 46
  Calculating Z arrays for bucket 46
  Entering block accumulator loop for bucket 46:
  bucket 42: 10%
  bucket 39: 20%
  bucket 32: 80%
  bucket 43: 10%
Getting block 47 of 113
  Reserving size (199254) for bucket 47
  Calculating Z arrays for bucket 47
  Entering block accumulator loop for bucket 47:
  bucket 40: 20%
  bucket 37: 30%
  bucket 35: 40%
  bucket 38: 30%
  bucket 36: 40%
  bucket 34: 40%
  bucket 33: 60%
  bucket 41: 20%
  bucket 46: 10%
  bucket 44: 10%
  bucket 42: 20%
  bucket 39: 30%
  bucket 32: 90%
  bucket 43: 20%
  bucket 45: 10%
  bucket 47: 10%
  bucket 40: 30%
  bucket 35: 50%
  bucket 37: 40%
  bucket 38: 40%
  bucket 33: 70%
  bucket 36: 50%
  bucket 34: 50%
  bucket 41: 30%
  bucket 46: 20%
  bucket 44: 20%
  bucket 42: 30%
  bucket 32: 100%
  Sorting block of length 193125 for bucket 32
  (Using difference cover)
  bucket 39: 40%
  bucket 43: 30%
  bucket 47: 20%
  bucket 40: 40%
  bucket 35: 60%
  bucket 37: 50%
  bucket 38: 50%
  bucket 33: 80%
  bucket 36: 60%
  bucket 41: 40%
  bucket 34: 60%
  bucket 44: 30%
  bucket 42: 40%
  bucket 46: 30%
  bucket 45: 20%
  bucket 39: 50%
  bucket 43: 40%
  bucket 35: 70%
  Sorting block time: 00:00:00
Returning block of 193126 for bucket 32
  bucket 40: 50%
  bucket 47: 30%
  bucket 37: 60%
  bucket 33: 90%
  bucket 38: 60%
  bucket 36: 70%
  bucket 41: 50%
  bucket 44: 40%
  bucket 42: 50%
Getting block 48 of 113
  Reserving size (199254) for bucket 48
  Calculating Z arrays for bucket 48
  Entering block accumulator loop for bucket 48:
  bucket 34: 70%
  bucket 46: 40%
  bucket 39: 60%
  bucket 43: 50%
  bucket 35: 80%
  bucket 37: 70%
  bucket 40: 60%
  bucket 33: 100%
  Sorting block of length 177408 for bucket 33
  (Using difference cover)
  bucket 47: 40%
  bucket 36: 80%
  bucket 38: 70%
  bucket 41: 60%
  bucket 44: 50%
  bucket 42: 60%
  bucket 48: 10%
  bucket 39: 70%
  bucket 46: 50%
  bucket 34: 80%
  bucket 43: 60%
  bucket 45: 30%
  bucket 35: 90%
  bucket 37: 80%
  bucket 40: 70%
  bucket 47: 50%
  bucket 38: 80%
  bucket 36: 90%
  bucket 41: 70%
  bucket 44: 60%
  bucket 42: 70%
  Sorting block time: 00:00:00
Returning block of 177409 for bucket 33
  bucket 39: 80%
  bucket 48: 20%
  bucket 46: 60%
  bucket 43: 70%
  bucket 34: 90%
  bucket 45: 40%
Getting block 49 of 113
  Reserving size (199254) for bucket 49
  Calculating Z arrays for bucket 49
  Entering block accumulator loop for bucket 49:
  bucket 35: 100%
  Sorting block of length 161697 for bucket 35
  (Using difference cover)
  bucket 37: 90%
  bucket 40: 80%
  bucket 47: 60%
  bucket 38: 90%
  bucket 41: 80%
  bucket 44: 70%
  bucket 42: 80%
  bucket 39: 90%
  bucket 48: 30%
  bucket 46: 70%
  bucket 43: 80%
  bucket 45: 50%
  bucket 34: 100%
  Sorting block of length 167327 for bucket 34
  (Using difference cover)
  bucket 49: 10%
  bucket 36: 100%
  Sorting block of length 171449 for bucket 36
  (Using difference cover)
  bucket 37: 100%
  Sorting block of length 196344 for bucket 37
  (Using difference cover)
  bucket 40: 90%
  bucket 38: 100%
  bucket 47: 70%
  Sorting block of length 120842 for bucket 38
  (Using difference cover)
  bucket 41: 90%
  Sorting block time: 00:00:00
Returning block of 161698 for bucket 35
  bucket 44: 80%
  bucket 42: 90%
  bucket 39: 100%
  Sorting block of length 175173 for bucket 39
  (Using difference cover)
  bucket 48: 40%
  bucket 46: 80%
  bucket 43: 90%
  bucket 45: 60%
Getting block 50 of 113
  Reserving size (199254) for bucket 50
  Calculating Z arrays for bucket 50
  Entering block accumulator loop for bucket 50:
  bucket 49: 20%
  bucket 40: 100%
  Sorting block of length 197040 for bucket 40
  (Using difference cover)
  Sorting block time: 00:00:00
Returning block of 167328 for bucket 34
  bucket 47: 80%
  Sorting block time: 00:00:00
Returning block of 120843 for bucket 38
  bucket 41: 100%
  Sorting block of length 64991 for bucket 41
  (Using difference cover)
  bucket 44: 90%
  bucket 42: 100%
  Sorting block of length 194322 for bucket 42
  (Using difference cover)
Getting block 51 of 113
  Reserving size (199254) for bucket 51
  Calculating Z arrays for bucket 51
  Entering block accumulator loop for bucket 51:
  bucket 48: 50%
  bucket 43: 100%
  Sorting block of length 181630 for bucket 43
  (Using difference cover)
  bucket 46: 90%
  Sorting block time: 00:00:00
Returning block of 196345 for bucket 37
  bucket 45: 70%
  bucket 50: 10%
Getting block 52 of 113
  Reserving size (199254) for bucket 52
  Calculating Z arrays for bucket 52
  Entering block accumulator loop for bucket 52:
  Sorting block time: 00:00:00
Returning block of 175174 for bucket 39
  bucket 49: 30%
  Sorting block time: 00:00:00
Returning block of 171450 for bucket 36
  Sorting block time: 00:00:00
Returning block of 64992 for bucket 41
Getting block 53 of 113
  Reserving size (199254) for bucket 53
  Calculating Z arrays for bucket 53
  Entering block accumulator loop for bucket 53:
  bucket 47: 90%
  bucket 44: 100%
  Sorting block of length 177959 for bucket 44
  (Using difference cover)
  bucket 48: 60%
Getting block 54 of 113
  Reserving size (199254) for bucket 54
  Calculating Z arrays for bucket 54
  Entering block accumulator loop for bucket 54:
  bucket 51: 10%
  bucket 46: 100%
  Sorting block of length 137816 for bucket 46
  (Using difference cover)
  bucket 45: 80%
Getting block 55 of 113
  Reserving size (199254) for bucket 55
  Calculating Z arrays for bucket 55
  Entering block accumulator loop for bucket 55:
  bucket 50: 20%
  bucket 52: 10%
  Sorting block time: 00:00:00
Returning block of 197041 for bucket 40
Getting block 56 of 113
  Reserving size (199254) for bucket 56
  Calculating Z arrays for bucket 56
  Entering block accumulator loop for bucket 56:
  Sorting block time: 00:00:00
Returning block of 194323 for bucket 42
  bucket 49: 40%
  bucket 47: 100%
  Sorting block of length 161721 for bucket 47
  (Using difference cover)
  Sorting block time: 00:00:00
Returning block of 181631 for bucket 43
  bucket 53: 10%
Getting block 57 of 113
  Reserving size (199254) for bucket 57
  Calculating Z arrays for bucket 57
  Entering block accumulator loop for bucket 57:
  bucket 48: 70%
  bucket 45: 90%
Getting block 58 of 113
  Reserving size (199254) for bucket 58
  Calculating Z arrays for bucket 58
  Entering block accumulator loop for bucket 58:
  bucket 54: 10%
  bucket 51: 20%
  Sorting block time: 00:00:00
Returning block of 177960 for bucket 44
  Sorting block time: 00:00:00
Returning block of 137817 for bucket 46
  bucket 50: 30%
  bucket 55: 10%
  bucket 52: 20%
  bucket 56: 10%
  bucket 49: 50%
Getting block 59 of 113
  Reserving size (199254) for bucket 59
  Calculating Z arrays for bucket 59
  Entering block accumulator loop for bucket 59:
  bucket 53: 20%
Getting block 60 of 113
  Reserving size (199254) for bucket 60
  Calculating Z arrays for bucket 60
  Entering block accumulator loop for bucket 60:
Getting block 61 of 113
  Reserving size (199254) for bucket 61
  Calculating Z arrays for bucket 61
  Entering block accumulator loop for bucket 61:
  bucket 57: 10%
  bucket 45: 100%
  Sorting block of length 120909 for bucket 45
  (Using difference cover)
  Sorting block time: 00:00:00
Returning block of 161722 for bucket 47
  bucket 48: 80%
  bucket 54: 20%
  bucket 51: 30%
  bucket 50: 40%
  bucket 58: 10%
Getting block 62 of 113
  Reserving size (199254) for bucket 62
  Calculating Z arrays for bucket 62
  Entering block accumulator loop for bucket 62:
  bucket 55: 20%
  bucket 52: 30%
  bucket 56: 20%
  bucket 49: 60%
  bucket 59: 10%
  bucket 53: 30%
  bucket 60: 10%
  bucket 48: 90%
  bucket 57: 20%
  bucket 54: 30%
  bucket 51: 40%
  bucket 50: 50%
  bucket 62: 10%
  bucket 52: 40%
  bucket 55: 30%
  Sorting block time: 00:00:00
Returning block of 120910 for bucket 45
  bucket 58: 20%
  bucket 56: 30%
  bucket 49: 70%
  bucket 59: 20%
  bucket 53: 40%
  bucket 61: 10%
  bucket 60: 20%
  bucket 48: 100%
  Sorting block of length 66250 for bucket 48
  (Using difference cover)
Getting block 63 of 113
  Reserving size (199254) for bucket 63
  Calculating Z arrays for bucket 63
  Entering block accumulator loop for bucket 63:
  bucket 57: 30%
  bucket 54: 40%
  bucket 51: 50%
  bucket 50: 60%
  bucket 52: 50%
  bucket 62: 20%
  bucket 55: 40%
  Sorting block time: 00:00:00
Returning block of 66251 for bucket 48
  bucket 49: 80%
  bucket 56: 40%
  bucket 59: 30%
  bucket 53: 50%
Getting block 64 of 113
  Reserving size (199254) for bucket 64
  Calculating Z arrays for bucket 64
  Entering block accumulator loop for bucket 64:
  bucket 58: 30%
  bucket 61: 20%
  bucket 60: 30%
  bucket 57: 40%
  bucket 63: 10%
  bucket 54: 50%
  bucket 51: 60%
  bucket 50: 70%
  bucket 52: 60%
  bucket 62: 30%
  bucket 55: 50%
  bucket 49: 90%
  bucket 56: 50%
  bucket 53: 60%
  bucket 59: 40%
  bucket 61: 30%
  bucket 58: 40%
  bucket 60: 40%
  bucket 57: 50%
  bucket 63: 20%
  bucket 54: 60%
  bucket 51: 70%
  bucket 50: 80%
  bucket 52: 70%
  bucket 64: 10%
  bucket 62: 40%
  bucket 55: 60%
  bucket 49: 100%
  Sorting block of length 174279 for bucket 49
  (Using difference cover)
  bucket 56: 60%
  bucket 53: 70%
  bucket 59: 50%
  bucket 61: 40%
  bucket 60: 50%
  bucket 58: 50%
  bucket 57: 60%
  bucket 51: 80%
  bucket 54: 70%
  bucket 63: 30%
  bucket 50: 90%
  bucket 52: 80%
  bucket 62: 50%
  bucket 55: 70%
  bucket 53: 80%
  bucket 56: 70%
  bucket 59: 60%
  bucket 61: 50%
  bucket 60: 60%
  Sorting block time: 00:00:00
Returning block of 174280 for bucket 49
  bucket 57: 70%
  bucket 64: 20%
  bucket 51: 90%
  bucket 58: 60%
  bucket 54: 80%
  bucket 50: 100%
  Sorting block of length 129414 for bucket 50
  (Using difference cover)
  bucket 63: 40%
  bucket 52: 90%
  bucket 62: 60%
Getting block 65 of 113
  Reserving size (199254) for bucket 65
  Calculating Z arrays for bucket 65
  Entering block accumulator loop for bucket 65:
  bucket 55: 80%
  bucket 53: 90%
  bucket 56: 80%
  bucket 59: 70%
  bucket 61: 60%
  bucket 60: 70%
  bucket 57: 80%
  bucket 64: 30%
  bucket 51: 100%
  Sorting block of length 151881 for bucket 51
  (Using difference cover)
  bucket 54: 90%
  bucket 63: 50%
  Sorting block time: 00:00:00
Returning block of 129415 for bucket 50
  bucket 52: 100%
  Sorting block of length 170599 for bucket 52
  (Using difference cover)
  bucket 58: 70%
  bucket 62: 70%
  bucket 55: 90%
  bucket 53: 100%
  Sorting block of length 81346 for bucket 53
  (Using difference cover)
  bucket 56: 90%
Getting block 66 of 113
  Reserving size (199254) for bucket 66
  Calculating Z arrays for bucket 66
  Entering block accumulator loop for bucket 66:
  bucket 59: 80%
  bucket 65: 10%
  bucket 60: 80%
  bucket 61: 70%
  bucket 57: 90%
  Sorting block time: 00:00:00
Returning block of 81347 for bucket 53
  bucket 54: 100%
  Sorting block of length 197740 for bucket 54
  (Using difference cover)
  bucket 64: 40%
  bucket 63: 60%
Getting block 67 of 113
  Reserving size (199254) for bucket 67
  Calculating Z arrays for bucket 67
  Entering block accumulator loop for bucket 67:
  Sorting block time: 00:00:00
Returning block of 151882 for bucket 51
  bucket 62: 80%
  bucket 58: 80%
  bucket 55: 100%
  Sorting block of length 156547 for bucket 55
  (Using difference cover)
  bucket 56: 100%
  Sorting block of length 82837 for bucket 56
  (Using difference cover)
  bucket 66: 10%
  Sorting block time: 00:00:01
Returning block of 170600 for bucket 52
  bucket 59: 90%
Getting block 68 of 113
  Reserving size (199254) for bucket 68
  Calculating Z arrays for bucket 68
  Entering block accumulator loop for bucket 68:
  bucket 65: 20%
  bucket 60: 90%
  bucket 57: 100%
  Sorting block of length 143770 for bucket 57
  (Using difference cover)
  bucket 64: 50%
  bucket 63: 70%
  Sorting block time: 00:00:01
Returning block of 82838 for bucket 56
  bucket 61: 80%
Getting block 69 of 113
  Reserving size (199254) for bucket 69
  Calculating Z arrays for bucket 69
  Entering block accumulator loop for bucket 69:
  bucket 67: 10%
  bucket 62: 90%
Getting block 70 of 113
  Reserving size (199254) for bucket 70
  Calculating Z arrays for bucket 70
  Entering block accumulator loop for bucket 70:
  bucket 58: 90%
  bucket 66: 20%
  bucket 59: 100%
  Sorting block of length 180318 for bucket 59
  (Using difference cover)
  Sorting block time: 00:00:01
Returning block of 156548 for bucket 55
  Sorting block time: 00:00:01
Returning block of 197741 for bucket 54
  bucket 68: 10%
  bucket 65: 30%
  bucket 60: 100%
  Sorting block of length 169559 for bucket 60
  (Using difference cover)
  bucket 64: 60%
  bucket 63: 80%
  Sorting block time: 00:00:00
Returning block of 143771 for bucket 57
Getting block 71 of 113
  Reserving size (199254) for bucket 71
  Calculating Z arrays for bucket 71
  Entering block accumulator loop for bucket 71:
  bucket 61: 90%
  bucket 62: 100%
  Sorting block of length 189123 for bucket 62
  (Using difference cover)
  bucket 67: 20%
  bucket 70: 10%
  bucket 69: 10%
  bucket 66: 30%
Getting block 72 of 113
  Reserving size (199254) for bucket 72
  Calculating Z arrays for bucket 72
  Entering block accumulator loop for bucket 72:
  bucket 58: 100%
  Sorting block of length 161350 for bucket 58
  (Using difference cover)
  bucket 68: 20%
  bucket 65: 40%
Getting block 73 of 113
  Reserving size (199254) for bucket 73
  Calculating Z arrays for bucket 73
  Entering block accumulator loop for bucket 73:
  Sorting block time: 00:00:00
Returning block of 180319 for bucket 59
  bucket 63: 90%
  bucket 64: 70%
  bucket 71: 10%
  Sorting block time: 00:00:00
Returning block of 169560 for bucket 60
  bucket 67: 30%
  bucket 70: 20%
Getting block 74 of 113
  Reserving size (199254) for bucket 74
  Calculating Z arrays for bucket 74
  Entering block accumulator loop for bucket 74:
  bucket 61: 100%
  Sorting block of length 196527 for bucket 61
  (Using difference cover)
  bucket 69: 20%
  bucket 66: 40%
  bucket 72: 10%
  bucket 68: 30%
  bucket 65: 50%
  Sorting block time: 00:00:00
Returning block of 189124 for bucket 62
Getting block 75 of 113
  Reserving size (199254) for bucket 75
  Calculating Z arrays for bucket 75
  Entering block accumulator loop for bucket 75:
  Sorting block time: 00:00:00
Returning block of 161351 for bucket 58
  bucket 73: 10%
  bucket 71: 20%
  bucket 63: 100%
  Sorting block of length 152611 for bucket 63
  (Using difference cover)
  bucket 64: 80%
Getting block 76 of 113
  Reserving size (199254) for bucket 76
  Calculating Z arrays for bucket 76
  Entering block accumulator loop for bucket 76:
  bucket 70: 30%
  bucket 67: 40%
  bucket 74: 10%
Getting block 77 of 113
  Reserving size (199254) for bucket 77
  Calculating Z arrays for bucket 77
  Entering block accumulator loop for bucket 77:
  bucket 69: 30%
  bucket 72: 20%
  bucket 66: 50%
  bucket 68: 40%
  bucket 65: 60%
  bucket 75: 10%
  Sorting block time: 00:00:00
Returning block of 196528 for bucket 61
  bucket 73: 20%
  bucket 71: 30%
  bucket 64: 90%
  bucket 76: 10%
  bucket 70: 40%
  Sorting block time: 00:00:00
Returning block of 152612 for bucket 63
  bucket 67: 50%
  bucket 74: 20%
Getting block 78 of 113
  Reserving size (199254) for bucket 78
  Calculating Z arrays for bucket 78
  Entering block accumulator loop for bucket 78:
  bucket 72: 30%
  bucket 69: 40%
  bucket 66: 60%
  bucket 68: 50%
  bucket 65: 70%
Getting block 79 of 113
  Reserving size (199254) for bucket 79
  Calculating Z arrays for bucket 79
  Entering block accumulator loop for bucket 79:
  bucket 77: 10%
  bucket 75: 20%
  bucket 71: 40%
  bucket 73: 30%
  bucket 64: 100%
  Sorting block of length 107487 for bucket 64
  (Using difference cover)
  bucket 76: 20%
  bucket 70: 50%
  bucket 74: 30%
  bucket 67: 60%
  bucket 72: 40%
  bucket 78: 10%
  bucket 69: 50%
  bucket 66: 70%
  bucket 68: 60%
  bucket 65: 80%
  bucket 77: 20%
  Sorting block time: 00:00:00
Returning block of 107488 for bucket 64
  bucket 75: 30%
  bucket 71: 50%
  bucket 73: 40%
  bucket 70: 60%
  bucket 76: 30%
  bucket 79: 10%
  bucket 74: 40%
  bucket 67: 70%
  bucket 72: 50%
Getting block 80 of 113
  Reserving size (199254) for bucket 80
  Calculating Z arrays for bucket 80
  Entering block accumulator loop for bucket 80:
  bucket 69: 60%
  bucket 78: 20%
  bucket 66: 80%
  bucket 68: 70%
  bucket 65: 90%
  bucket 71: 60%
  bucket 77: 30%
  bucket 75: 40%
  bucket 73: 50%
  bucket 70: 70%
  bucket 76: 40%
  bucket 74: 50%
  bucket 67: 80%
  bucket 72: 60%
  bucket 69: 70%
  bucket 78: 30%
  bucket 66: 90%
  bucket 68: 80%
  bucket 65: 100%
  Sorting block of length 170974 for bucket 65
  (Using difference cover)
  bucket 71: 70%
  bucket 77: 40%
  bucket 75: 50%
  bucket 73: 60%
  bucket 79: 20%
  bucket 70: 80%
  bucket 76: 50%
  bucket 80: 10%
  bucket 72: 70%
  bucket 74: 60%
  bucket 67: 90%
  bucket 69: 80%
  bucket 78: 40%
  bucket 66: 100%
  Sorting block of length 197736 for bucket 66
  (Using difference cover)
  bucket 68: 90%
  bucket 71: 80%
  bucket 75: 60%
  bucket 77: 50%
  bucket 70: 90%
  bucket 73: 70%
  Sorting block time: 00:00:00
Returning block of 170975 for bucket 65
  bucket 76: 60%
  bucket 72: 80%
  bucket 74: 70%
  bucket 67: 100%
  Sorting block of length 110377 for bucket 67
  (Using difference cover)
  bucket 79: 30%
  bucket 69: 90%
Getting block 81 of 113
  Reserving size (199254) for bucket 81
  Calculating Z arrays for bucket 81
  Entering block accumulator loop for bucket 81:
  bucket 78: 50%
  bucket 80: 20%
  bucket 71: 90%
  bucket 68: 100%
  Sorting block of length 192510 for bucket 68
  (Using difference cover)
  bucket 75: 70%
  bucket 77: 60%
  bucket 70: 100%
  Sorting block of length 155674 for bucket 70
  (Using difference cover)
  bucket 73: 80%
  bucket 72: 90%
  bucket 76: 70%
  Sorting block time: 00:00:00
Returning block of 110378 for bucket 67
  bucket 74: 80%
  Sorting block time: 00:00:00
Returning block of 197737 for bucket 66
Getting block 82 of 113
  Reserving size (199254) for bucket 82
  Calculating Z arrays for bucket 82
  Entering block accumulator loop for bucket 82:
  bucket 79: 40%
  bucket 69: 100%
  Sorting block of length 190657 for bucket 69
  (Using difference cover)
  bucket 78: 60%
  bucket 71: 100%
  Sorting block of length 185851 for bucket 71
  (Using difference cover)
  bucket 80: 30%
  bucket 75: 80%
  bucket 77: 70%
  bucket 73: 90%
  bucket 81: 10%
Getting block 83 of 113
  Reserving size (199254) for bucket 83
  Calculating Z arrays for bucket 83
  Entering block accumulator loop for bucket 83:
  bucket 72: 100%
  Sorting block of length 183029 for bucket 72
  (Using difference cover)
  bucket 76: 80%
  Sorting block time: 00:00:00
Returning block of 155675 for bucket 70
  bucket 74: 90%
  Sorting block time: 00:00:00
Returning block of 192511 for bucket 68
  bucket 82: 10%
  bucket 79: 50%
Getting block 84 of 113
  Reserving size (199254) for bucket 84
  Calculating Z arrays for bucket 84
  Entering block accumulator loop for bucket 84:
  bucket 78: 70%
  bucket 80: 40%
  bucket 83: 10%
  bucket 75: 90%
  Sorting block time: 00:00:00
Returning block of 190658 for bucket 69
  bucket 77: 80%
  bucket 73: 100%
  Sorting block of length 176418 for bucket 73
  (Using difference cover)
Getting block 85 of 113
  Reserving size (199254) for bucket 85
  Calculating Z arrays for bucket 85
  Entering block accumulator loop for bucket 85:
  bucket 81: 20%
  bucket 76: 90%
  Sorting block time: 00:00:00
Returning block of 185852 for bucket 71
  bucket 74: 100%
  Sorting block of length 69009 for bucket 74
  (Using difference cover)
  bucket 82: 20%
Getting block 86 of 113
  Reserving size (199254) for bucket 86
  Calculating Z arrays for bucket 86
  Entering block accumulator loop for bucket 86:
  bucket 79: 60%
  Sorting block time: 00:00:00
Returning block of 183030 for bucket 72
Getting block 87 of 113
  Reserving size (199254) for bucket 87
  Calculating Z arrays for bucket 87
  Entering block accumulator loop for bucket 87:
  bucket 80: 50%
  bucket 78: 80%
  Sorting block time: 00:00:00
Returning block of 69010 for bucket 74
  bucket 84: 10%
  bucket 83: 20%
  bucket 85: 10%
  bucket 75: 100%
  Sorting block of length 132711 for bucket 75
  (Using difference cover)
  bucket 77: 90%
Getting block 88 of 113
  Reserving size (199254) for bucket 88
  Calculating Z arrays for bucket 88
  Entering block accumulator loop for bucket 88:
Getting block 89 of 113
  Reserving size (199254) for bucket 89
  Calculating Z arrays for bucket 89
  Entering block accumulator loop for bucket 89:
  bucket 76: 100%
  Sorting block of length 122465 for bucket 76
  (Using difference cover)
  bucket 81: 30%
  bucket 82: 30%
  bucket 86: 10%
  Sorting block time: 00:00:00
Returning block of 176419 for bucket 73
  bucket 79: 70%
  bucket 87: 10%
  bucket 80: 60%
  bucket 78: 90%
  bucket 84: 20%
  bucket 83: 30%
  bucket 85: 20%
  Sorting block time: 00:00:00
Returning block of 132712 for bucket 75
Getting block 90 of 113
  Reserving size (199254) for bucket 90
  Calculating Z arrays for bucket 90
  Entering block accumulator loop for bucket 90:
  bucket 88: 10%
  bucket 77: 100%
  Sorting block of length 161381 for bucket 77
  (Using difference cover)
  bucket 89: 10%
  Sorting block time: 00:00:00
Returning block of 122466 for bucket 76
  bucket 82: 40%
  bucket 86: 20%
  bucket 81: 40%
Getting block 91 of 113
  Reserving size (199254) for bucket 91
  Calculating Z arrays for bucket 91
  Entering block accumulator loop for bucket 91:
  bucket 79: 80%
  bucket 87: 20%
  bucket 80: 70%
Getting block 92 of 113
  Reserving size (199254) for bucket 92
  Calculating Z arrays for bucket 92
  Entering block accumulator loop for bucket 92:
  bucket 84: 30%
  bucket 83: 40%
  bucket 78: 100%
  Sorting block of length 129486 for bucket 78
  (Using difference cover)
  bucket 85: 30%
  bucket 88: 20%
  bucket 90: 10%
  bucket 89: 20%
  bucket 82: 50%
  bucket 86: 30%
  Sorting block time: 00:00:00
Returning block of 161382 for bucket 77
  bucket 81: 50%
  bucket 79: 90%
  bucket 87: 30%
  bucket 80: 80%
  bucket 83: 50%
  bucket 84: 40%
  bucket 85: 40%
  bucket 91: 10%
  Sorting block time: 00:00:00
Returning block of 129487 for bucket 78
  bucket 88: 30%
  bucket 90: 20%
Getting block 93 of 113
  Reserving size (199254) for bucket 93
  Calculating Z arrays for bucket 93
  Entering block accumulator loop for bucket 93:
  bucket 89: 30%
  bucket 82: 60%
  bucket 92: 10%
  bucket 86: 40%
Getting block 94 of 113
  Reserving size (199254) for bucket 94
  Calculating Z arrays for bucket 94
  Entering block accumulator loop for bucket 94:
  bucket 79: 100%
  Sorting block of length 199245 for bucket 79
  (Using difference cover)
  bucket 87: 40%
  bucket 81: 60%
  bucket 80: 90%
  bucket 83: 60%
  bucket 84: 50%
  bucket 85: 50%
  bucket 91: 20%
  bucket 88: 40%
  bucket 90: 30%
  bucket 93: 10%
  bucket 82: 70%
  bucket 89: 40%
  bucket 86: 50%
  bucket 94: 10%
  bucket 87: 50%
  bucket 83: 70%
  bucket 84: 60%
  bucket 81: 70%
  bucket 80: 100%
  Sorting block of length 64466 for bucket 80
  (Using difference cover)
  bucket 85: 60%
  bucket 91: 30%
  bucket 92: 20%
  bucket 88: 50%
  bucket 90: 40%
  Sorting block time: 00:00:00
Returning block of 199246 for bucket 79
  bucket 82: 80%
  bucket 86: 60%
  bucket 93: 20%
  bucket 89: 50%
  Sorting block time: 00:00:00
Returning block of 64467 for bucket 80
  bucket 94: 20%
  bucket 87: 60%
Getting block 95 of 113
  Reserving size (199254) for bucket 95
  Calculating Z arrays for bucket 95
  Entering block accumulator loop for bucket 95:
  bucket 83: 80%
  bucket 84: 70%
  bucket 85: 70%
Getting block 96 of 113
  Reserving size (199254) for bucket 96
  Calculating Z arrays for bucket 96
  Entering block accumulator loop for bucket 96:
  bucket 81: 80%
  bucket 91: 40%
  bucket 88: 60%
  bucket 92: 30%
  bucket 86: 70%
  bucket 82: 90%
  bucket 90: 50%
  bucket 93: 30%
  bucket 89: 60%
  bucket 87: 70%
  bucket 83: 90%
  bucket 84: 80%
  bucket 85: 80%
  bucket 95: 10%
  bucket 96: 10%
  bucket 91: 50%
  bucket 88: 70%
  bucket 81: 90%
  bucket 86: 80%
  bucket 82: 100%
  Sorting block of length 174721 for bucket 82
  (Using difference cover)
  bucket 92: 40%
  bucket 90: 60%
  bucket 93: 40%
  bucket 89: 70%
  bucket 94: 30%
  bucket 87: 80%
  bucket 83: 100%
  Sorting block of length 168833 for bucket 83
  (Using difference cover)
  bucket 85: 90%
  bucket 84: 90%
  bucket 95: 20%
  bucket 96: 20%
  bucket 91: 60%
  bucket 88: 80%
  bucket 86: 90%
  bucket 92: 50%
  bucket 81: 100%
  Sorting block of length 193441 for bucket 81
  (Using difference cover)
  bucket 90: 70%
  bucket 93: 50%
  bucket 89: 80%
  Sorting block time: 00:00:00
Returning block of 174722 for bucket 82
  bucket 87: 90%
  bucket 85: 100%
  Sorting block of length 156993 for bucket 85
  (Using difference cover)
  bucket 84: 100%
  Sorting block of length 149380 for bucket 84
  (Using difference cover)
  bucket 95: 30%
  bucket 94: 40%
  bucket 96: 30%
Getting block 97 of 113
  Reserving size (199254) for bucket 97
  Calculating Z arrays for bucket 97
  Entering block accumulator loop for bucket 97:
  Sorting block time: 00:00:00
Returning block of 168834 for bucket 83
  bucket 88: 90%
  bucket 86: 100%
  Sorting block of length 148450 for bucket 86
  (Using difference cover)
  bucket 91: 70%
  bucket 92: 60%
  bucket 90: 80%
  bucket 93: 60%
  bucket 89: 90%
Getting block 98 of 113
  Reserving size (199254) for bucket 98
  Calculating Z arrays for bucket 98
  Entering block accumulator loop for bucket 98:
  bucket 87: 100%
  Sorting block of length 122277 for bucket 87
  (Using difference cover)
  Sorting block time: 00:00:00
Returning block of 193442 for bucket 81
  bucket 95: 40%
  Sorting block time: 00:00:00
Returning block of 156994 for bucket 85
  Sorting block time: 00:00:00
Returning block of 149381 for bucket 84
  bucket 96: 40%
  bucket 94: 50%
  bucket 88: 100%
  Sorting block of length 99756 for bucket 88
  (Using difference cover)
  bucket 91: 80%
  bucket 97: 10%
  bucket 92: 70%
  Sorting block time: 00:00:00
Returning block of 148451 for bucket 86
Getting block 99 of 113
  Reserving size (199254) for bucket 99
  Calculating Z arrays for bucket 99
  Entering block accumulator loop for bucket 99:
  bucket 90: 90%
  bucket 93: 70%
  bucket 89: 100%
  Sorting block of length 196598 for bucket 89
  (Using difference cover)
Getting block 100 of 113
  Reserving size (199254) for bucket 100
  Calculating Z arrays for bucket 100
  Entering block accumulator loop for bucket 100:
  bucket 98: 10%
  Sorting block time: 00:00:00
Returning block of 122278 for bucket 87
Getting block 101 of 113
  Reserving size (199254) for bucket 101
  Calculating Z arrays for bucket 101
  Entering block accumulator loop for bucket 101:
  Sorting block time: 00:00:00
Returning block of 99757 for bucket 88
  bucket 95: 50%
Getting block 102 of 113
  Reserving size (199254) for bucket 102
  Calculating Z arrays for bucket 102
  Entering block accumulator loop for bucket 102:
  bucket 96: 50%
  bucket 94: 60%
  bucket 91: 90%
Getting block 103 of 113
  Reserving size (199254) for bucket 103
  Calculating Z arrays for bucket 103
  Entering block accumulator loop for bucket 103:
  bucket 97: 20%
  bucket 92: 80%
  bucket 99: 10%
Getting block 104 of 113
  Reserving size (199254) for bucket 104
  Calculating Z arrays for bucket 104
  Entering block accumulator loop for bucket 104:
  bucket 90: 100%
  Sorting block of length 163187 for bucket 90
  (Using difference cover)
  bucket 93: 80%
  bucket 100: 10%
  bucket 98: 20%
  bucket 101: 10%
  bucket 95: 60%
  Sorting block time: 00:00:00
Returning block of 196599 for bucket 89
  bucket 102: 10%
  bucket 96: 60%
  bucket 103: 10%
  bucket 91: 100%
  Sorting block of length 181827 for bucket 91
  (Using difference cover)
  bucket 94: 70%
  bucket 92: 90%
  bucket 97: 30%
  bucket 99: 20%
Getting block 105 of 113
  Reserving size (199254) for bucket 105
  Calculating Z arrays for bucket 105
  Entering block accumulator loop for bucket 105:
  bucket 93: 90%
  bucket 100: 20%
  bucket 98: 30%
  bucket 101: 20%
  Sorting block time: 00:00:00
Returning block of 163188 for bucket 90
  bucket 104: 10%
  bucket 95: 70%
  bucket 102: 20%
  bucket 103: 20%
  bucket 96: 70%
  bucket 92: 100%
  Sorting block of length 179528 for bucket 92
  (Using difference cover)
  bucket 97: 40%
  bucket 94: 80%
  bucket 99: 30%
  bucket 105: 10%
  bucket 93: 100%
  Sorting block of length 181439 for bucket 93
  (Using difference cover)
Getting block 106 of 113
  Reserving size (199254) for bucket 106
  Calculating Z arrays for bucket 106
  Entering block accumulator loop for bucket 106:
  bucket 100: 30%
  Sorting block time: 00:00:00
Returning block of 181828 for bucket 91
  bucket 98: 40%
  bucket 101: 30%
  bucket 104: 20%
  bucket 95: 80%
  bucket 103: 30%
  bucket 102: 30%
  bucket 96: 80%
Getting block 107 of 113
  Reserving size (199254) for bucket 107
  Calculating Z arrays for bucket 107
  Entering block accumulator loop for bucket 107:
  bucket 97: 50%
  bucket 99: 40%
  bucket 105: 20%
  bucket 94: 90%
  bucket 106: 10%
  Sorting block time: 00:00:00
Returning block of 179529 for bucket 92
  bucket 100: 40%
  bucket 101: 40%
  bucket 98: 50%
  bucket 104: 30%
  bucket 95: 90%
  bucket 103: 40%
Getting block 108 of 113
  Reserving size (199254) for bucket 108
  Calculating Z arrays for bucket 108
  Entering block accumulator loop for bucket 108:
  Sorting block time: 00:00:00
Returning block of 181440 for bucket 93
  bucket 102: 40%
  bucket 96: 90%
  bucket 97: 60%
  bucket 105: 30%
  bucket 99: 50%
  bucket 107: 10%
  bucket 94: 100%
  Sorting block of length 118283 for bucket 94
  (Using difference cover)
  bucket 106: 20%
Getting block 109 of 113
  Reserving size (199254) for bucket 109
  Calculating Z arrays for bucket 109
  Entering block accumulator loop for bucket 109:
  bucket 100: 50%
  bucket 101: 50%
  bucket 98: 60%
  bucket 104: 40%
  bucket 103: 50%
  bucket 95: 100%
  Sorting block of length 160720 for bucket 95
  (Using difference cover)
  bucket 108: 10%
  bucket 102: 50%
  bucket 96: 100%
  Sorting block of length 168094 for bucket 96
  (Using difference cover)
  bucket 97: 70%
  bucket 105: 40%
  Sorting block time: 00:00:00
Returning block of 118284 for bucket 94
  bucket 99: 60%
  bucket 107: 20%
  bucket 106: 30%
Getting block 110 of 113
  Reserving size (199254) for bucket 110
  Calculating Z arrays for bucket 110
  Entering block accumulator loop for bucket 110:
  bucket 104: 50%
  bucket 100: 60%
  bucket 101: 60%
  bucket 98: 70%
  bucket 103: 60%
  bucket 108: 20%
  bucket 109: 10%
  bucket 102: 60%
  Sorting block time: 00:00:00
Returning block of 160721 for bucket 95
  bucket 97: 80%
  bucket 105: 50%
  bucket 107: 30%
  bucket 106: 40%
  bucket 99: 70%
  Sorting block time: 00:00:00
Returning block of 168095 for bucket 96
Getting block 111 of 113
  Reserving size (199254) for bucket 111
  Calculating Z arrays for bucket 111
  Entering block accumulator loop for bucket 111:
  bucket 104: 60%
  bucket 100: 70%
  bucket 103: 70%
  bucket 101: 70%
  bucket 98: 80%
Getting block 112 of 113
  Reserving size (199254) for bucket 112
  Calculating Z arrays for bucket 112
  Entering block accumulator loop for bucket 112:
  bucket 108: 30%
  bucket 109: 20%
  bucket 110: 10%
  bucket 102: 70%
  bucket 105: 60%
  bucket 97: 90%
  bucket 106: 50%
  bucket 107: 40%
  bucket 99: 80%
  bucket 104: 70%
  bucket 103: 80%
  bucket 101: 80%
  bucket 100: 80%
  bucket 112: 10%
  bucket 98: 90%
  bucket 108: 40%
  bucket 110: 20%
  bucket 109: 30%
  bucket 102: 80%
  bucket 105: 70%
  bucket 97: 100%
  Sorting block of length 31932 for bucket 97
  (Using difference cover)
  bucket 106: 60%
  bucket 107: 50%
  bucket 99: 90%
  Sorting block time: 00:00:00
Returning block of 31933 for bucket 97
  bucket 111: 10%
  bucket 104: 80%
Getting block 113 of 113
  Reserving size (199254) for bucket 113
  Calculating Z arrays for bucket 113
  Entering block accumulator loop for bucket 113:
  bucket 103: 90%
  bucket 101: 90%
  bucket 108: 50%
  bucket 100: 90%
  bucket 112: 20%
  bucket 110: 30%
  bucket 98: 100%
  Sorting block of length 168899 for bucket 98
  (Using difference cover)
  bucket 109: 40%
  bucket 102: 90%
  bucket 105: 80%
  bucket 113: 10%
  bucket 106: 70%
  bucket 107: 60%
  bucket 99: 100%
  Sorting block of length 110396 for bucket 99
  (Using difference cover)
  bucket 104: 90%
  bucket 103: 100%
  Sorting block of length 175545 for bucket 103
  (Using difference cover)
  bucket 108: 60%
  bucket 101: 100%
  Sorting block of length 193515 for bucket 101
  (Using difference cover)
  bucket 112: 30%
  bucket 111: 20%
  bucket 113: 20%
  bucket 100: 100%
  Sorting block of length 179574 for bucket 100
  (Using difference cover)
  bucket 110: 40%
  bucket 109: 50%
  bucket 102: 100%
  Sorting block of length 157294 for bucket 102
  (Using difference cover)
  Sorting block time: 00:00:00
Returning block of 168900 for bucket 98
  bucket 106: 80%
  bucket 107: 70%
  Sorting block time: 00:00:00
Returning block of 110397 for bucket 99
  bucket 113: 30%
  bucket 104: 100%
  Sorting block of length 184211 for bucket 104
  (Using difference cover)
  bucket 105: 90%
  bucket 108: 70%
  bucket 111: 30%
  bucket 112: 40%
  bucket 109: 60%
  bucket 110: 50%
  Sorting block time: 00:00:00
Returning block of 175546 for bucket 103
  bucket 113: 40%
  bucket 106: 90%
  Sorting block time: 00:00:00
Returning block of 179575 for bucket 100
  bucket 107: 80%
  Sorting block time: 00:00:00
Returning block of 157295 for bucket 102
  Sorting block time: 00:00:00
Returning block of 193516 for bucket 101
  bucket 105: 100%
  Sorting block of length 162543 for bucket 105
  (Using difference cover)
  bucket 113: 50%
  bucket 108: 80%
  bucket 111: 40%
  bucket 112: 50%
  bucket 109: 70%
  bucket 110: 60%
  Sorting block time: 00:00:00
Returning block of 184212 for bucket 104
  bucket 106: 100%
  Sorting block of length 86081 for bucket 106
  (Using difference cover)
  bucket 107: 90%
  bucket 113: 60%
  bucket 108: 90%
  bucket 112: 60%
  bucket 109: 80%
  bucket 111: 50%
  Sorting block time: 00:00:00
Returning block of 162544 for bucket 105
  Sorting block time: 00:00:00
Returning block of 86082 for bucket 106
  bucket 110: 70%
  bucket 113: 70%
  bucket 107: 100%
  Sorting block of length 164399 for bucket 107
  (Using difference cover)
  bucket 113: 80%
  bucket 108: 100%
  Sorting block of length 199088 for bucket 108
  (Using difference cover)
  bucket 109: 90%
  bucket 112: 70%
  bucket 111: 60%
  bucket 110: 80%
  bucket 113: 90%
  Sorting block time: 00:00:00
Returning block of 164400 for bucket 107
  bucket 109: 100%
  Sorting block of length 82465 for bucket 109
  (Using difference cover)
  bucket 112: 80%
  bucket 111: 70%
  bucket 113: 100%
  Sorting block of length 40799 for bucket 113
  (Using difference cover)
  bucket 110: 90%
  Sorting block time: 00:00:00
Returning block of 40800 for bucket 113
  Sorting block time: 00:00:00
Returning block of 82466 for bucket 109
  Sorting block time: 00:00:00
Returning block of 199089 for bucket 108
  bucket 112: 90%
  bucket 111: 80%
  bucket 110: 100%
  Sorting block of length 161307 for bucket 110
  (Using difference cover)
  bucket 112: 100%
  Sorting block of length 183300 for bucket 112
  (Using difference cover)
  bucket 111: 90%
  Sorting block time: 00:00:00
Returning block of 161308 for bucket 110
  bucket 111: 100%
  Sorting block of length 107056 for bucket 111
  (Using difference cover)
  Sorting block time: 00:00:00
Returning block of 183301 for bucket 112
  Sorting block time: 00:00:00
Returning block of 107057 for bucket 111
Exited GFM loop
fchr[A]: 0
fchr[C]: 4934741
fchr[G]: 8493516
fchr[T]: 12063953
fchr[$]: 17003009
Exiting GFM::buildToDisk()
Returning from initFromVector
Wrote 9863408 bytes to primary GFM file: /home/isamaru/genome-analysis/DNA_analysis/05_DNA_annotation/hisat2/index.1.ht2
Wrote 4250760 bytes to secondary GFM file: /home/isamaru/genome-analysis/DNA_analysis/05_DNA_annotation/hisat2/index.2.ht2
Re-opening _in1 and _in2 as input streams
Returning from GFM constructor
Returning from initFromVector
Wrote 7664093 bytes to primary GFM file: /home/isamaru/genome-analysis/DNA_analysis/05_DNA_annotation/hisat2/index.5.ht2
Wrote 4325098 bytes to secondary GFM file: /home/isamaru/genome-analysis/DNA_analysis/05_DNA_annotation/hisat2/index.6.ht2
Re-opening _in5 and _in5 as input streams
Returning from HGFM constructor
Headers:
    len: 17003009
    gbwtLen: 17003010
    nodes: 17003010
    sz: 4250753
    gbwtSz: 4250753
    lineRate: 6
    offRate: 4
    offMask: 0xfffffff0
    ftabChars: 10
    eftabLen: 0
    eftabSz: 0
    ftabLen: 1048577
    ftabSz: 4194308
    offsLen: 1062689
    offsSz: 4250756
    lineSz: 64
    sideSz: 64
    sideGbwtSz: 48
    sideGbwtLen: 192
    numSides: 88558
    numLines: 88558
    gbwtTotLen: 5667712
    gbwtTotSz: 5667712
    reverse: 0
    linearFM: Yes
Total time for call to driver() for forward index: 00:00:06
(ERR): "/home/isamaru/genome-analysis/DNA_analysis/05_DNA_annotation/hisat2/index/index" does not exist
Exiting now ...
(ERR): "/home/isamaru/genome-analysis/DNA_analysis/05_DNA_annotation/hisat2/index/index" does not exist
Exiting now ...
(ERR): "/home/isamaru/genome-analysis/DNA_analysis/05_DNA_annotation/hisat2/index/index" does not exist
Exiting now ...
(ERR): "/home/isamaru/genome-analysis/DNA_analysis/05_DNA_annotation/hisat2/index/index" does not exist
Exiting now ...
(ERR): "/home/isamaru/genome-analysis/DNA_analysis/05_DNA_annotation/hisat2/index/index" does not exist
Exiting now ...
(ERR): "/home/isamaru/genome-analysis/DNA_analysis/05_DNA_annotation/hisat2/index/index" does not exist
Exiting now ...
[E::hts_open_format] Failed to open file "control_1.sam" : No such file or directory
samtools sort: can't open "control_1.sam": No such file or directory
[E::hts_open_format] Failed to open file "control_2.sam" : No such file or directory
samtools sort: can't open "control_2.sam": No such file or directory
[E::hts_open_format] Failed to open file "control_3.sam" : No such file or directory
samtools sort: can't open "control_3.sam": No such file or directory
[E::hts_open_format] Failed to open file "heat_treated_1.sam" : No such file or directory
samtools sort: can't open "heat_treated_1.sam": No such file or directory
[E::hts_open_format] Failed to open file "heat_treated_2.sam" : No such file or directory
samtools sort: can't open "heat_treated_2.sam": No such file or directory
[E::hts_open_format] Failed to open file "heat_treated_3.sam" : No such file or directory
samtools sort: can't open "heat_treated_3.sam": No such file or directory
[E::hts_open_format] Failed to open file "control_1.sorted.bam" : No such file or directory
samtools index: failed to open "control_1.sorted.bam": No such file or directory
[E::hts_open_format] Failed to open file "control_2.sorted.bam" : No such file or directory
samtools index: failed to open "control_2.sorted.bam": No such file or directory
[E::hts_open_format] Failed to open file "control_3.sorted.bam" : No such file or directory
samtools index: failed to open "control_3.sorted.bam": No such file or directory
[E::hts_open_format] Failed to open file "heat_treated_1.sorted.bam" : No such file or directory
samtools index: failed to open "heat_treated_1.sorted.bam": No such file or directory
[E::hts_open_format] Failed to open file "heat_treated_2.sorted.bam" : No such file or directory
samtools index: failed to open "heat_treated_2.sorted.bam": No such file or directory
[E::hts_open_format] Failed to open file "heat_treated_3.sorted.bam" : No such file or directory
samtools index: failed to open "heat_treated_3.sorted.bam": No such file or directory
